/home/michael/Stingray2_ws/install/stingray_control/lib/python3.10/site-packages/stingray_controller/ArmDisarmNode.py
/home/michael/Stingray2_ws/install/stingray_control/lib/python3.10/site-packages/stingray_controller/__init__.py
/home/michael/Stingray2_ws/install/stingray_control/lib/python3.10/site-packages/stingray_controller/ModeControlNode.py
/home/michael/Stingray2_ws/install/stingray_control/lib/python3.10/site-packages/stingray_controller/JoyToStingrayNode.py
/home/michael/Stingray2_ws/install/stingray_control/lib/python3.10/site-packages/stingray_controller/RcControlNode.py
/home/michael/Stingray2_ws/install/stingray_control/lib/python3.10/site-packages/stingray_controller/__pycache__/ArmDisarmNode.cpython-310.pyc
/home/michael/Stingray2_ws/install/stingray_control/lib/python3.10/site-packages/stingray_controller/__pycache__/__init__.cpython-310.pyc
/home/michael/Stingray2_ws/install/stingray_control/lib/python3.10/site-packages/stingray_controller/__pycache__/ModeControlNode.cpython-310.pyc
/home/michael/Stingray2_ws/install/stingray_control/lib/python3.10/site-packages/stingray_controller/__pycache__/JoyToStingrayNode.cpython-310.pyc
/home/michael/Stingray2_ws/install/stingray_control/lib/python3.10/site-packages/stingray_controller/__pycache__/RcControlNode.cpython-310.pyc
/home/michael/Stingray2_ws/install/stingray_control/share/ament_index/resource_index/packages/stingray_controller
/home/michael/Stingray2_ws/install/stingray_control/share/stingray_controller/package.xml
/home/michael/Stingray2_ws/install/stingray_control/lib/python3.10/site-packages/stingray_controller-0.0.0-py3.10.egg-info/zip-safe
/home/michael/Stingray2_ws/install/stingray_control/lib/python3.10/site-packages/stingray_controller-0.0.0-py3.10.egg-info/requires.txt
/home/michael/Stingray2_ws/install/stingray_control/lib/python3.10/site-packages/stingray_controller-0.0.0-py3.10.egg-info/entry_points.txt
/home/michael/Stingray2_ws/install/stingray_control/lib/python3.10/site-packages/stingray_controller-0.0.0-py3.10.egg-info/top_level.txt
/home/michael/Stingray2_ws/install/stingray_control/lib/python3.10/site-packages/stingray_controller-0.0.0-py3.10.egg-info/SOURCES.txt
/home/michael/Stingray2_ws/install/stingray_control/lib/python3.10/site-packages/stingray_controller-0.0.0-py3.10.egg-info/dependency_links.txt
/home/michael/Stingray2_ws/install/stingray_control/lib/python3.10/site-packages/stingray_controller-0.0.0-py3.10.egg-info/PKG-INFO
/home/michael/Stingray2_ws/install/stingray_control/lib/stingray_controller/ArmDisarmNode
/home/michael/Stingray2_ws/install/stingray_control/lib/stingray_controller/CamLightControlNode
/home/michael/Stingray2_ws/install/stingray_control/lib/stingray_controller/ModeControl
/home/michael/Stingray2_ws/install/stingray_control/lib/stingray_controller/RcControlNode
/home/michael/Stingray2_ws/install/stingray_control/lib/stingray_controller/control_data
