[0.990s] Invoking command in '/home/michael/Stingray2_ws/src/stingray_controller': PYTHONPATH=/home/michael/Stingray2_ws/build/stingray_control/prefix_override:/home/michael/Stingray2_ws/install/stingray_control/lib/python3.10/site-packages:${PYTHONPATH} /usr/bin/python3 -W ignore:setup.py install is deprecated setup.py egg_info --egg-base ../../build/stingray_control build --build-base /home/michael/Stingray2_ws/build/stingray_control/build install --record /home/michael/Stingray2_ws/build/stingray_control/install.log --single-version-externally-managed install_data
[1.388s] running egg_info
[1.389s] writing ../../build/stingray_control/stingray_controller.egg-info/PKG-INFO
[1.389s] writing dependency_links to ../../build/stingray_control/stingray_controller.egg-info/dependency_links.txt
[1.390s] writing entry points to ../../build/stingray_control/stingray_controller.egg-info/entry_points.txt
[1.390s] writing requirements to ../../build/stingray_control/stingray_controller.egg-info/requires.txt
[1.390s] writing top-level names to ../../build/stingray_control/stingray_controller.egg-info/top_level.txt
[1.394s] reading manifest file '../../build/stingray_control/stingray_controller.egg-info/SOURCES.txt'
[1.396s] writing manifest file '../../build/stingray_control/stingray_controller.egg-info/SOURCES.txt'
[1.396s] running build
[1.396s] running build_py
[1.396s] copying stingray_controller/JoyToStingrayNode.py -> /home/michael/Stingray2_ws/build/stingray_control/build/lib/stingray_controller
[1.397s] running install
[1.397s] running install_lib
[1.399s] copying /home/michael/Stingray2_ws/build/stingray_control/build/lib/stingray_controller/JoyToStingrayNode.py -> /home/michael/Stingray2_ws/install/stingray_control/lib/python3.10/site-packages/stingray_controller
[1.400s] byte-compiling /home/michael/Stingray2_ws/install/stingray_control/lib/python3.10/site-packages/stingray_controller/JoyToStingrayNode.py to JoyToStingrayNode.cpython-310.pyc
[1.401s] running install_data
[1.402s] running install_egg_info
[1.404s] removing '/home/michael/Stingray2_ws/install/stingray_control/lib/python3.10/site-packages/stingray_controller-0.0.0-py3.10.egg-info' (and everything under it)
[1.404s] Copying ../../build/stingray_control/stingray_controller.egg-info to /home/michael/Stingray2_ws/install/stingray_control/lib/python3.10/site-packages/stingray_controller-0.0.0-py3.10.egg-info
[1.405s] running install_scripts
[1.432s] Installing ArmDisarmNode script to /home/michael/Stingray2_ws/install/stingray_control/lib/stingray_controller
[1.433s] Installing CamLightControlNode script to /home/michael/Stingray2_ws/install/stingray_control/lib/stingray_controller
[1.433s] Installing ModeControl script to /home/michael/Stingray2_ws/install/stingray_control/lib/stingray_controller
[1.433s] Installing RcControlNode script to /home/michael/Stingray2_ws/install/stingray_control/lib/stingray_controller
[1.433s] Installing control_data script to /home/michael/Stingray2_ws/install/stingray_control/lib/stingray_controller
[1.433s] writing list of installed files to '/home/michael/Stingray2_ws/build/stingray_control/install.log'
[1.474s] Invoked command in '/home/michael/Stingray2_ws/src/stingray_controller' returned '0': PYTHONPATH=/home/michael/Stingray2_ws/build/stingray_control/prefix_override:/home/michael/Stingray2_ws/install/stingray_control/lib/python3.10/site-packages:${PYTHONPATH} /usr/bin/python3 -W ignore:setup.py install is deprecated setup.py egg_info --egg-base ../../build/stingray_control build --build-base /home/michael/Stingray2_ws/build/stingray_control/build install --record /home/michael/Stingray2_ws/build/stingray_control/install.log --single-version-externally-managed install_data
