[0.578s] Invoking command in '/home/michael/Stingray2_ws/src/stingray_controller': AMENT_PREFIX_PATH=/home/michael/Stingray2_ws/install/stingray_msg:${AMENT_PREFIX_PATH} CMAKE_PREFIX_PATH=/home/michael/Stingray2_ws/install/stingray_msg:${CMAKE_PREFIX_PATH} LD_LIBRARY_PATH=/home/michael/Stingray2_ws/install/stingray_msg/lib:${LD_LIBRARY_PATH} PYTHONPATH=/home/michael/Stingray2_ws/build/stingray_control/prefix_override:/home/michael/Stingray2_ws/install/stingray_control/lib/python3.10/site-packages:/home/michael/Stingray2_ws/install/stingray_msg/local/lib/python3.10/dist-packages:${PYTHONPATH} /usr/bin/python3 -W ignore:setup.py install is deprecated setup.py egg_info --egg-base ../../build/stingray_control build --build-base /home/michael/Stingray2_ws/build/stingray_control/build install --record /home/michael/Stingray2_ws/build/stingray_control/install.log --single-version-externally-managed install_data
[0.775s] running egg_info
[0.776s] writing ../../build/stingray_control/stingray_controller.egg-info/PKG-INFO
[0.776s] writing dependency_links to ../../build/stingray_control/stingray_controller.egg-info/dependency_links.txt
[0.776s] writing entry points to ../../build/stingray_control/stingray_controller.egg-info/entry_points.txt
[0.776s] writing requirements to ../../build/stingray_control/stingray_controller.egg-info/requires.txt
[0.776s] writing top-level names to ../../build/stingray_control/stingray_controller.egg-info/top_level.txt
[0.778s] reading manifest file '../../build/stingray_control/stingray_controller.egg-info/SOURCES.txt'
[0.778s] writing manifest file '../../build/stingray_control/stingray_controller.egg-info/SOURCES.txt'
[0.779s] running build
[0.779s] running build_py
[0.779s] running install
[0.779s] running install_lib
[0.780s] running install_data
[0.780s] running install_egg_info
[0.782s] removing '/home/michael/Stingray2_ws/install/stingray_control/lib/python3.10/site-packages/stingray_controller-0.0.0-py3.10.egg-info' (and everything under it)
[0.782s] Copying ../../build/stingray_control/stingray_controller.egg-info to /home/michael/Stingray2_ws/install/stingray_control/lib/python3.10/site-packages/stingray_controller-0.0.0-py3.10.egg-info
[0.782s] running install_scripts
[0.796s] Installing ArmDisarmNode script to /home/michael/Stingray2_ws/install/stingray_control/lib/stingray_controller
[0.797s] Installing CamLightControlNode script to /home/michael/Stingray2_ws/install/stingray_control/lib/stingray_controller
[0.797s] Installing ModeControl script to /home/michael/Stingray2_ws/install/stingray_control/lib/stingray_controller
[0.797s] Installing RcControlNode script to /home/michael/Stingray2_ws/install/stingray_control/lib/stingray_controller
[0.797s] Installing control_data script to /home/michael/Stingray2_ws/install/stingray_control/lib/stingray_controller
[0.797s] writing list of installed files to '/home/michael/Stingray2_ws/build/stingray_control/install.log'
[0.817s] Invoked command in '/home/michael/Stingray2_ws/src/stingray_controller' returned '0': AMENT_PREFIX_PATH=/home/michael/Stingray2_ws/install/stingray_msg:${AMENT_PREFIX_PATH} CMAKE_PREFIX_PATH=/home/michael/Stingray2_ws/install/stingray_msg:${CMAKE_PREFIX_PATH} LD_LIBRARY_PATH=/home/michael/Stingray2_ws/install/stingray_msg/lib:${LD_LIBRARY_PATH} PYTHONPATH=/home/michael/Stingray2_ws/build/stingray_control/prefix_override:/home/michael/Stingray2_ws/install/stingray_control/lib/python3.10/site-packages:/home/michael/Stingray2_ws/install/stingray_msg/local/lib/python3.10/dist-packages:${PYTHONPATH} /usr/bin/python3 -W ignore:setup.py install is deprecated setup.py egg_info --egg-base ../../build/stingray_control build --build-base /home/michael/Stingray2_ws/build/stingray_control/build install --record /home/michael/Stingray2_ws/build/stingray_control/install.log --single-version-externally-managed install_data
