[0.772s] Invoking command in '/home/michael/Stingray2_ws/src/stingray_simulation': PYTHONPATH=/home/michael/Stingray2_ws/build/stingray_simulation/prefix_override:/home/michael/Stingray2_ws/install/stingray_simulation/lib/python3.10/site-packages:${PYTHONPATH} /usr/bin/python3 -W ignore:setup.py install is deprecated setup.py egg_info --egg-base ../../build/stingray_simulation build --build-base /home/michael/Stingray2_ws/build/stingray_simulation/build install --record /home/michael/Stingray2_ws/build/stingray_simulation/install.log --single-version-externally-managed install_data
[0.984s] running egg_info
[0.984s] writing ../../build/stingray_simulation/stingray_simulation.egg-info/PKG-INFO
[0.984s] writing dependency_links to ../../build/stingray_simulation/stingray_simulation.egg-info/dependency_links.txt
[0.985s] writing entry points to ../../build/stingray_simulation/stingray_simulation.egg-info/entry_points.txt
[0.985s] writing requirements to ../../build/stingray_simulation/stingray_simulation.egg-info/requires.txt
[0.985s] writing top-level names to ../../build/stingray_simulation/stingray_simulation.egg-info/top_level.txt
[0.986s] reading manifest file '../../build/stingray_simulation/stingray_simulation.egg-info/SOURCES.txt'
[0.987s] writing manifest file '../../build/stingray_simulation/stingray_simulation.egg-info/SOURCES.txt'
[0.987s] running build
[0.987s] running build_py
[0.987s] running install
[0.987s] running install_lib
[0.988s] running install_data
[0.988s] running install_egg_info
[0.989s] removing '/home/michael/Stingray2_ws/install/stingray_simulation/lib/python3.10/site-packages/stingray_simulation-0.0.0-py3.10.egg-info' (and everything under it)
[0.990s] Copying ../../build/stingray_simulation/stingray_simulation.egg-info to /home/michael/Stingray2_ws/install/stingray_simulation/lib/python3.10/site-packages/stingray_simulation-0.0.0-py3.10.egg-info
[0.990s] running install_scripts
[1.006s] Installing camera_node script to /home/michael/Stingray2_ws/install/stingray_simulation/lib/stingray_simulation
[1.006s] writing list of installed files to '/home/michael/Stingray2_ws/build/stingray_simulation/install.log'
[1.032s] Invoked command in '/home/michael/Stingray2_ws/src/stingray_simulation' returned '0': PYTHONPATH=/home/michael/Stingray2_ws/build/stingray_simulation/prefix_override:/home/michael/Stingray2_ws/install/stingray_simulation/lib/python3.10/site-packages:${PYTHONPATH} /usr/bin/python3 -W ignore:setup.py install is deprecated setup.py egg_info --egg-base ../../build/stingray_simulation build --build-base /home/michael/Stingray2_ws/build/stingray_simulation/build install --record /home/michael/Stingray2_ws/build/stingray_simulation/install.log --single-version-externally-managed install_data
