-- Found ament_cmake: 1.3.8 (/opt/ros/humble/share/ament_cmake/cmake)
-- Found geometry_msgs: 4.2.3 (/opt/ros/humble/share/geometry_msgs/cmake)
-- Found rosidl_generator_c: 3.1.5 (/opt/ros/humble/share/rosidl_generator_c/cmake)
-- Found rosidl_adapter: 3.1.5 (/opt/ros/humble/share/rosidl_adapter/cmake)
-- Found rosidl_generator_cpp: 3.1.5 (/opt/ros/humble/share/rosidl_generator_cpp/cmake)
-- Using all available rosidl_typesupport_c: rosidl_typesupport_fastrtps_c;rosidl_typesupport_introspection_c
-- Using all available rosidl_typesupport_cpp: rosidl_typesupport_fastrtps_cpp;rosidl_typesupport_introspection_cpp
-- Found rosidl_default_generators: 1.2.0 (/opt/ros/humble/share/rosidl_default_generators/cmake)
-- Found ament_cmake_ros: 0.10.0 (/opt/ros/humble/share/ament_cmake_ros/cmake)
-- Using all available rosidl_typesupport_c: rosidl_typesupport_fastrtps_c;rosidl_typesupport_introspection_c
-- Using all available rosidl_typesupport_cpp: rosidl_typesupport_fastrtps_cpp;rosidl_typesupport_introspection_cpp
-- Found python_cmake_module: 0.10.0 (/opt/ros/humble/share/python_cmake_module/cmake)
-- Using PYTHON_EXECUTABLE: /usr/bin/python3
-- Using PYTHON_INCLUDE_DIRS: /usr/include/python3.10
-- Using PYTHON_LIBRARIES: /usr/lib/x86_64-linux-gnu/libpython3.10.so
-- Found ament_lint_auto: 0.12.10 (/opt/ros/humble/share/ament_lint_auto/cmake)
-- Added test 'lint_cmake' to check CMake code style
-- Added test 'xmllint' to check XML markup files
-- Configuring done
-- Generating done
-- Build files have been written to: /home/michael/Stingray2_ws/build/stingray_msg
[  3%] [34m[1mGenerating C code for ROS interfaces[0m
[  6%] [34m[1mGenerating C++ code for ROS interfaces[0m
[  6%] Built target ament_cmake_python_copy_stingray_msg
running egg_info
writing stingray_msg.egg-info/PKG-INFO
writing dependency_links to stingray_msg.egg-info/dependency_links.txt
writing top-level names to stingray_msg.egg-info/top_level.txt
reading manifest file 'stingray_msg.egg-info/SOURCES.txt'
writing manifest file 'stingray_msg.egg-info/SOURCES.txt'
[  6%] Built target ament_cmake_python_build_stingray_msg_egg
[  6%] Built target stingray_msg__cpp
[  9%] [34m[1mGenerating C++ type support dispatch for ROS interfaces[0m
[ 12%] [34m[1mGenerating C++ type support for eProsima Fast-RTPS[0m
[ 16%] [34m[1mGenerating C++ introspection for ROS interfaces[0m
[35m[1mConsolidate compiler generated dependencies of target stingray_msg__rosidl_generator_c[0m
[ 19%] [32mBuilding C object CMakeFiles/stingray_msg__rosidl_generator_c.dir/rosidl_generator_c/stingray_msg/msg/detail/stingray_control__functions.c.o[0m
[ 22%] [32m[1mLinking C shared library libstingray_msg__rosidl_generator_c.so[0m
[ 22%] Built target stingray_msg__rosidl_generator_c
[ 25%] [34m[1mGenerating C type support for eProsima Fast-RTPS[0m
[ 29%] [34m[1mGenerating C introspection for ROS interfaces[0m
[ 32%] [34m[1mGenerating C type support dispatch for ROS interfaces[0m
[35m[1mConsolidate compiler generated dependencies of target stingray_msg__rosidl_typesupport_cpp[0m
[ 35%] [32mBuilding CXX object CMakeFiles/stingray_msg__rosidl_typesupport_cpp.dir/rosidl_typesupport_cpp/stingray_msg/msg/stingray_control__type_support.cpp.o[0m
[35m[1mConsolidate compiler generated dependencies of target stingray_msg__rosidl_typesupport_fastrtps_cpp[0m
[ 38%] [32mBuilding CXX object CMakeFiles/stingray_msg__rosidl_typesupport_fastrtps_cpp.dir/rosidl_typesupport_fastrtps_cpp/stingray_msg/msg/detail/dds_fastrtps/stingray_control__type_support.cpp.o[0m
[35m[1mConsolidate compiler generated dependencies of target stingray_msg__rosidl_typesupport_introspection_cpp[0m
[ 41%] [32mBuilding CXX object CMakeFiles/stingray_msg__rosidl_typesupport_introspection_cpp.dir/rosidl_typesupport_introspection_cpp/stingray_msg/msg/detail/stingray_control__type_support.cpp.o[0m
[35m[1mConsolidate compiler generated dependencies of target stingray_msg__rosidl_typesupport_introspection_c[0m
[35m[1mConsolidate compiler generated dependencies of target stingray_msg__rosidl_typesupport_c[0m
[ 45%] [32mBuilding C object CMakeFiles/stingray_msg__rosidl_typesupport_introspection_c.dir/rosidl_typesupport_introspection_c/stingray_msg/msg/detail/stingray_control__type_support.c.o[0m
[ 48%] [32mBuilding CXX object CMakeFiles/stingray_msg__rosidl_typesupport_c.dir/rosidl_typesupport_c/stingray_msg/msg/stingray_control__type_support.cpp.o[0m
[35m[1mConsolidate compiler generated dependencies of target stingray_msg__rosidl_typesupport_fastrtps_c[0m
[ 51%] [32mBuilding CXX object CMakeFiles/stingray_msg__rosidl_typesupport_fastrtps_c.dir/rosidl_typesupport_fastrtps_c/stingray_msg/msg/detail/stingray_control__type_support_c.cpp.o[0m
[ 54%] [32m[1mLinking CXX shared library libstingray_msg__rosidl_typesupport_c.so[0m
[ 58%] [32m[1mLinking C shared library libstingray_msg__rosidl_typesupport_introspection_c.so[0m
[ 58%] Built target stingray_msg__rosidl_typesupport_c
[ 58%] Built target stingray_msg__rosidl_typesupport_introspection_c
[ 61%] [32m[1mLinking CXX shared library libstingray_msg__rosidl_typesupport_cpp.so[0m
[ 61%] Built target stingray_msg__rosidl_typesupport_cpp
[ 64%] [32m[1mLinking CXX shared library libstingray_msg__rosidl_typesupport_fastrtps_cpp.so[0m
[ 64%] Built target stingray_msg__rosidl_typesupport_fastrtps_cpp
[ 67%] [32m[1mLinking CXX shared library libstingray_msg__rosidl_typesupport_introspection_cpp.so[0m
[ 67%] Built target stingray_msg__rosidl_typesupport_introspection_cpp
[ 70%] [32m[1mLinking CXX shared library libstingray_msg__rosidl_typesupport_fastrtps_c.so[0m
[ 70%] Built target stingray_msg__rosidl_typesupport_fastrtps_c
[ 70%] Built target stingray_msg
[ 74%] [34m[1mGenerating Python code for ROS interfaces[0m
[ 74%] Built target stingray_msg__py
[35m[1mConsolidate compiler generated dependencies of target stingray_msg__rosidl_generator_py[0m
[ 77%] [32mBuilding C object CMakeFiles/stingray_msg__rosidl_generator_py.dir/rosidl_generator_py/stingray_msg/msg/_stingray_control_s.c.o[0m
[ 80%] [32m[1mLinking C shared library rosidl_generator_py/stingray_msg/libstingray_msg__rosidl_generator_py.so[0m
[ 80%] Built target stingray_msg__rosidl_generator_py
[35m[1mConsolidate compiler generated dependencies of target stingray_msg__rosidl_typesupport_fastrtps_c__pyext[0m
[35m[1mConsolidate compiler generated dependencies of target stingray_msg__rosidl_typesupport_introspection_c__pyext[0m
[35m[1mConsolidate compiler generated dependencies of target stingray_msg__rosidl_typesupport_c__pyext[0m
[ 90%] [32mBuilding C object CMakeFiles/stingray_msg__rosidl_typesupport_introspection_c__pyext.dir/rosidl_generator_py/stingray_msg/_stingray_msg_s.ep.rosidl_typesupport_introspection_c.c.o[0m
[ 90%] [32mBuilding C object CMakeFiles/stingray_msg__rosidl_typesupport_fastrtps_c__pyext.dir/rosidl_generator_py/stingray_msg/_stingray_msg_s.ep.rosidl_typesupport_fastrtps_c.c.o[0m
[ 90%] [32mBuilding C object CMakeFiles/stingray_msg__rosidl_typesupport_c__pyext.dir/rosidl_generator_py/stingray_msg/_stingray_msg_s.ep.rosidl_typesupport_c.c.o[0m
[ 96%] [32m[1mLinking C shared library rosidl_generator_py/stingray_msg/stingray_msg_s__rosidl_typesupport_c.cpython-310-x86_64-linux-gnu.so[0m
[ 96%] [32m[1mLinking C shared library rosidl_generator_py/stingray_msg/stingray_msg_s__rosidl_typesupport_introspection_c.cpython-310-x86_64-linux-gnu.so[0m
[100%] [32m[1mLinking C shared library rosidl_generator_py/stingray_msg/stingray_msg_s__rosidl_typesupport_fastrtps_c.cpython-310-x86_64-linux-gnu.so[0m
[100%] Built target stingray_msg__rosidl_typesupport_c__pyext
[100%] Built target stingray_msg__rosidl_typesupport_introspection_c__pyext
[100%] Built target stingray_msg__rosidl_typesupport_fastrtps_c__pyext
-- Install configuration: ""
-- Up-to-date: /home/michael/Stingray2_ws/install/stingray_msg/share/ament_index/resource_index/rosidl_interfaces/stingray_msg
-- Up-to-date: /home/michael/Stingray2_ws/install/stingray_msg/include/stingray_msg/stingray_msg
-- Up-to-date: /home/michael/Stingray2_ws/install/stingray_msg/include/stingray_msg/stingray_msg/msg
-- Up-to-date: /home/michael/Stingray2_ws/install/stingray_msg/include/stingray_msg/stingray_msg/msg/detail
-- Installing: /home/michael/Stingray2_ws/install/stingray_msg/include/stingray_msg/stingray_msg/msg/detail/stingray_control__struct.h
-- Installing: /home/michael/Stingray2_ws/install/stingray_msg/include/stingray_msg/stingray_msg/msg/detail/stingray_control__functions.h
-- Installing: /home/michael/Stingray2_ws/install/stingray_msg/include/stingray_msg/stingray_msg/msg/detail/stingray_control__functions.c
-- Installing: /home/michael/Stingray2_ws/install/stingray_msg/include/stingray_msg/stingray_msg/msg/detail/stingray_control__type_support.h
-- Installing: /home/michael/Stingray2_ws/install/stingray_msg/include/stingray_msg/stingray_msg/msg/stingray_control.h
-- Up-to-date: /home/michael/Stingray2_ws/install/stingray_msg/include/stingray_msg/stingray_msg/msg/rosidl_generator_c__visibility_control.h
-- Up-to-date: /home/michael/Stingray2_ws/install/stingray_msg/share/stingray_msg/environment/library_path.sh
-- Installing: /home/michael/Stingray2_ws/install/stingray_msg/share/stingray_msg/environment/library_path.dsv
-- Installing: /home/michael/Stingray2_ws/install/stingray_msg/lib/libstingray_msg__rosidl_generator_c.so
-- Set runtime path of "/home/michael/Stingray2_ws/install/stingray_msg/lib/libstingray_msg__rosidl_generator_c.so" to ""
-- Up-to-date: /home/michael/Stingray2_ws/install/stingray_msg/include/stingray_msg/stingray_msg
-- Up-to-date: /home/michael/Stingray2_ws/install/stingray_msg/include/stingray_msg/stingray_msg/msg
-- Up-to-date: /home/michael/Stingray2_ws/install/stingray_msg/include/stingray_msg/stingray_msg/msg/detail
-- Installing: /home/michael/Stingray2_ws/install/stingray_msg/include/stingray_msg/stingray_msg/msg/detail/stingray_control__rosidl_typesupport_fastrtps_c.h
-- Up-to-date: /home/michael/Stingray2_ws/install/stingray_msg/include/stingray_msg/stingray_msg/msg/rosidl_typesupport_fastrtps_c__visibility_control.h
-- Installing: /home/michael/Stingray2_ws/install/stingray_msg/lib/libstingray_msg__rosidl_typesupport_fastrtps_c.so
-- Set runtime path of "/home/michael/Stingray2_ws/install/stingray_msg/lib/libstingray_msg__rosidl_typesupport_fastrtps_c.so" to ""
-- Up-to-date: /home/michael/Stingray2_ws/install/stingray_msg/include/stingray_msg/stingray_msg
-- Up-to-date: /home/michael/Stingray2_ws/install/stingray_msg/include/stingray_msg/stingray_msg/msg
-- Up-to-date: /home/michael/Stingray2_ws/install/stingray_msg/include/stingray_msg/stingray_msg/msg/detail
-- Installing: /home/michael/Stingray2_ws/install/stingray_msg/include/stingray_msg/stingray_msg/msg/detail/stingray_control__builder.hpp
-- Installing: /home/michael/Stingray2_ws/install/stingray_msg/include/stingray_msg/stingray_msg/msg/detail/stingray_control__traits.hpp
-- Installing: /home/michael/Stingray2_ws/install/stingray_msg/include/stingray_msg/stingray_msg/msg/detail/stingray_control__struct.hpp
-- Installing: /home/michael/Stingray2_ws/install/stingray_msg/include/stingray_msg/stingray_msg/msg/stingray_control.hpp
-- Up-to-date: /home/michael/Stingray2_ws/install/stingray_msg/include/stingray_msg/stingray_msg
-- Up-to-date: /home/michael/Stingray2_ws/install/stingray_msg/include/stingray_msg/stingray_msg/msg
-- Up-to-date: /home/michael/Stingray2_ws/install/stingray_msg/include/stingray_msg/stingray_msg/msg/detail
-- Up-to-date: /home/michael/Stingray2_ws/install/stingray_msg/include/stingray_msg/stingray_msg/msg/detail/dds_fastrtps
-- Installing: /home/michael/Stingray2_ws/install/stingray_msg/include/stingray_msg/stingray_msg/msg/detail/stingray_control__rosidl_typesupport_fastrtps_cpp.hpp
-- Up-to-date: /home/michael/Stingray2_ws/install/stingray_msg/include/stingray_msg/stingray_msg/msg/rosidl_typesupport_fastrtps_cpp__visibility_control.h
-- Installing: /home/michael/Stingray2_ws/install/stingray_msg/lib/libstingray_msg__rosidl_typesupport_fastrtps_cpp.so
-- Set runtime path of "/home/michael/Stingray2_ws/install/stingray_msg/lib/libstingray_msg__rosidl_typesupport_fastrtps_cpp.so" to ""
-- Up-to-date: /home/michael/Stingray2_ws/install/stingray_msg/include/stingray_msg/stingray_msg
-- Up-to-date: /home/michael/Stingray2_ws/install/stingray_msg/include/stingray_msg/stingray_msg/msg
-- Up-to-date: /home/michael/Stingray2_ws/install/stingray_msg/include/stingray_msg/stingray_msg/msg/detail
-- Installing: /home/michael/Stingray2_ws/install/stingray_msg/include/stingray_msg/stingray_msg/msg/detail/stingray_control__type_support.c
-- Installing: /home/michael/Stingray2_ws/install/stingray_msg/include/stingray_msg/stingray_msg/msg/detail/stingray_control__rosidl_typesupport_introspection_c.h
-- Up-to-date: /home/michael/Stingray2_ws/install/stingray_msg/include/stingray_msg/stingray_msg/msg/rosidl_typesupport_introspection_c__visibility_control.h
-- Installing: /home/michael/Stingray2_ws/install/stingray_msg/lib/libstingray_msg__rosidl_typesupport_introspection_c.so
-- Set runtime path of "/home/michael/Stingray2_ws/install/stingray_msg/lib/libstingray_msg__rosidl_typesupport_introspection_c.so" to ""
-- Installing: /home/michael/Stingray2_ws/install/stingray_msg/lib/libstingray_msg__rosidl_typesupport_c.so
-- Set runtime path of "/home/michael/Stingray2_ws/install/stingray_msg/lib/libstingray_msg__rosidl_typesupport_c.so" to ""
-- Up-to-date: /home/michael/Stingray2_ws/install/stingray_msg/include/stingray_msg/stingray_msg
-- Up-to-date: /home/michael/Stingray2_ws/install/stingray_msg/include/stingray_msg/stingray_msg/msg
-- Up-to-date: /home/michael/Stingray2_ws/install/stingray_msg/include/stingray_msg/stingray_msg/msg/detail
-- Installing: /home/michael/Stingray2_ws/install/stingray_msg/include/stingray_msg/stingray_msg/msg/detail/stingray_control__type_support.cpp
-- Installing: /home/michael/Stingray2_ws/install/stingray_msg/include/stingray_msg/stingray_msg/msg/detail/stingray_control__rosidl_typesupport_introspection_cpp.hpp
-- Installing: /home/michael/Stingray2_ws/install/stingray_msg/lib/libstingray_msg__rosidl_typesupport_introspection_cpp.so
-- Set runtime path of "/home/michael/Stingray2_ws/install/stingray_msg/lib/libstingray_msg__rosidl_typesupport_introspection_cpp.so" to ""
-- Installing: /home/michael/Stingray2_ws/install/stingray_msg/lib/libstingray_msg__rosidl_typesupport_cpp.so
-- Set runtime path of "/home/michael/Stingray2_ws/install/stingray_msg/lib/libstingray_msg__rosidl_typesupport_cpp.so" to ""
-- Up-to-date: /home/michael/Stingray2_ws/install/stingray_msg/share/stingray_msg/environment/pythonpath.sh
-- Installing: /home/michael/Stingray2_ws/install/stingray_msg/share/stingray_msg/environment/pythonpath.dsv
-- Up-to-date: /home/michael/Stingray2_ws/install/stingray_msg/local/lib/python3.10/dist-packages/stingray_msg-0.0.0-py3.10.egg-info
-- Installing: /home/michael/Stingray2_ws/install/stingray_msg/local/lib/python3.10/dist-packages/stingray_msg-0.0.0-py3.10.egg-info/top_level.txt
-- Installing: /home/michael/Stingray2_ws/install/stingray_msg/local/lib/python3.10/dist-packages/stingray_msg-0.0.0-py3.10.egg-info/SOURCES.txt
-- Installing: /home/michael/Stingray2_ws/install/stingray_msg/local/lib/python3.10/dist-packages/stingray_msg-0.0.0-py3.10.egg-info/dependency_links.txt
-- Installing: /home/michael/Stingray2_ws/install/stingray_msg/local/lib/python3.10/dist-packages/stingray_msg-0.0.0-py3.10.egg-info/PKG-INFO
-- Up-to-date: /home/michael/Stingray2_ws/install/stingray_msg/local/lib/python3.10/dist-packages/stingray_msg
-- Installing: /home/michael/Stingray2_ws/install/stingray_msg/local/lib/python3.10/dist-packages/stingray_msg/stingray_msg_s__rosidl_typesupport_c.cpython-310-x86_64-linux-gnu.so
-- Up-to-date: /home/michael/Stingray2_ws/install/stingray_msg/local/lib/python3.10/dist-packages/stingray_msg/msg
-- Installing: /home/michael/Stingray2_ws/install/stingray_msg/local/lib/python3.10/dist-packages/stingray_msg/msg/_stingray_control.py
-- Installing: /home/michael/Stingray2_ws/install/stingray_msg/local/lib/python3.10/dist-packages/stingray_msg/msg/__init__.py
-- Installing: /home/michael/Stingray2_ws/install/stingray_msg/local/lib/python3.10/dist-packages/stingray_msg/msg/_stingray_control_s.c
-- Installing: /home/michael/Stingray2_ws/install/stingray_msg/local/lib/python3.10/dist-packages/stingray_msg/libstingray_msg__rosidl_generator_py.so
-- Installing: /home/michael/Stingray2_ws/install/stingray_msg/local/lib/python3.10/dist-packages/stingray_msg/__init__.py
-- Installing: /home/michael/Stingray2_ws/install/stingray_msg/local/lib/python3.10/dist-packages/stingray_msg/_stingray_msg_s.ep.rosidl_typesupport_fastrtps_c.c
-- Installing: /home/michael/Stingray2_ws/install/stingray_msg/local/lib/python3.10/dist-packages/stingray_msg/_stingray_msg_s.ep.rosidl_typesupport_c.c
-- Installing: /home/michael/Stingray2_ws/install/stingray_msg/local/lib/python3.10/dist-packages/stingray_msg/stingray_msg_s__rosidl_typesupport_introspection_c.cpython-310-x86_64-linux-gnu.so
-- Installing: /home/michael/Stingray2_ws/install/stingray_msg/local/lib/python3.10/dist-packages/stingray_msg/_stingray_msg_s.ep.rosidl_typesupport_introspection_c.c
-- Installing: /home/michael/Stingray2_ws/install/stingray_msg/local/lib/python3.10/dist-packages/stingray_msg/stingray_msg_s__rosidl_typesupport_fastrtps_c.cpython-310-x86_64-linux-gnu.so
Listing '/home/michael/Stingray2_ws/install/stingray_msg/local/lib/python3.10/dist-packages/stingray_msg'...
Compiling '/home/michael/Stingray2_ws/install/stingray_msg/local/lib/python3.10/dist-packages/stingray_msg/__init__.py'...
Listing '/home/michael/Stingray2_ws/install/stingray_msg/local/lib/python3.10/dist-packages/stingray_msg/msg'...
Compiling '/home/michael/Stingray2_ws/install/stingray_msg/local/lib/python3.10/dist-packages/stingray_msg/msg/__init__.py'...
Compiling '/home/michael/Stingray2_ws/install/stingray_msg/local/lib/python3.10/dist-packages/stingray_msg/msg/_stingray_control.py'...
-- Installing: /home/michael/Stingray2_ws/install/stingray_msg/local/lib/python3.10/dist-packages/stingray_msg/stingray_msg_s__rosidl_typesupport_fastrtps_c.cpython-310-x86_64-linux-gnu.so
-- Set runtime path of "/home/michael/Stingray2_ws/install/stingray_msg/local/lib/python3.10/dist-packages/stingray_msg/stingray_msg_s__rosidl_typesupport_fastrtps_c.cpython-310-x86_64-linux-gnu.so" to ""
-- Installing: /home/michael/Stingray2_ws/install/stingray_msg/local/lib/python3.10/dist-packages/stingray_msg/stingray_msg_s__rosidl_typesupport_introspection_c.cpython-310-x86_64-linux-gnu.so
-- Set runtime path of "/home/michael/Stingray2_ws/install/stingray_msg/local/lib/python3.10/dist-packages/stingray_msg/stingray_msg_s__rosidl_typesupport_introspection_c.cpython-310-x86_64-linux-gnu.so" to ""
-- Installing: /home/michael/Stingray2_ws/install/stingray_msg/local/lib/python3.10/dist-packages/stingray_msg/stingray_msg_s__rosidl_typesupport_c.cpython-310-x86_64-linux-gnu.so
-- Set runtime path of "/home/michael/Stingray2_ws/install/stingray_msg/local/lib/python3.10/dist-packages/stingray_msg/stingray_msg_s__rosidl_typesupport_c.cpython-310-x86_64-linux-gnu.so" to ""
-- Installing: /home/michael/Stingray2_ws/install/stingray_msg/lib/libstingray_msg__rosidl_generator_py.so
-- Set runtime path of "/home/michael/Stingray2_ws/install/stingray_msg/lib/libstingray_msg__rosidl_generator_py.so" to ""
-- Installing: /home/michael/Stingray2_ws/install/stingray_msg/share/stingray_msg/msg/StingrayControl.idl
-- Installing: /home/michael/Stingray2_ws/install/stingray_msg/share/stingray_msg/msg/StingrayControl.msg
-- Up-to-date: /home/michael/Stingray2_ws/install/stingray_msg/share/ament_index/resource_index/package_run_dependencies/stingray_msg
-- Installing: /home/michael/Stingray2_ws/install/stingray_msg/share/ament_index/resource_index/parent_prefix_path/stingray_msg
-- Up-to-date: /home/michael/Stingray2_ws/install/stingray_msg/share/stingray_msg/environment/ament_prefix_path.sh
-- Installing: /home/michael/Stingray2_ws/install/stingray_msg/share/stingray_msg/environment/ament_prefix_path.dsv
-- Up-to-date: /home/michael/Stingray2_ws/install/stingray_msg/share/stingray_msg/environment/path.sh
-- Installing: /home/michael/Stingray2_ws/install/stingray_msg/share/stingray_msg/environment/path.dsv
-- Up-to-date: /home/michael/Stingray2_ws/install/stingray_msg/share/stingray_msg/local_setup.bash
-- Up-to-date: /home/michael/Stingray2_ws/install/stingray_msg/share/stingray_msg/local_setup.sh
-- Up-to-date: /home/michael/Stingray2_ws/install/stingray_msg/share/stingray_msg/local_setup.zsh
-- Installing: /home/michael/Stingray2_ws/install/stingray_msg/share/stingray_msg/local_setup.dsv
-- Installing: /home/michael/Stingray2_ws/install/stingray_msg/share/stingray_msg/package.dsv
-- Up-to-date: /home/michael/Stingray2_ws/install/stingray_msg/share/ament_index/resource_index/packages/stingray_msg
-- Up-to-date: /home/michael/Stingray2_ws/install/stingray_msg/share/stingray_msg/cmake/export_stingray_msg__rosidl_generator_cExport.cmake
-- Up-to-date: /home/michael/Stingray2_ws/install/stingray_msg/share/stingray_msg/cmake/export_stingray_msg__rosidl_generator_cExport-noconfig.cmake
-- Up-to-date: /home/michael/Stingray2_ws/install/stingray_msg/share/stingray_msg/cmake/export_stingray_msg__rosidl_typesupport_fastrtps_cExport.cmake
-- Up-to-date: /home/michael/Stingray2_ws/install/stingray_msg/share/stingray_msg/cmake/export_stingray_msg__rosidl_typesupport_fastrtps_cExport-noconfig.cmake
-- Up-to-date: /home/michael/Stingray2_ws/install/stingray_msg/share/stingray_msg/cmake/export_stingray_msg__rosidl_generator_cppExport.cmake
-- Up-to-date: /home/michael/Stingray2_ws/install/stingray_msg/share/stingray_msg/cmake/export_stingray_msg__rosidl_typesupport_fastrtps_cppExport.cmake
-- Up-to-date: /home/michael/Stingray2_ws/install/stingray_msg/share/stingray_msg/cmake/export_stingray_msg__rosidl_typesupport_fastrtps_cppExport-noconfig.cmake
-- Up-to-date: /home/michael/Stingray2_ws/install/stingray_msg/share/stingray_msg/cmake/stingray_msg__rosidl_typesupport_introspection_cExport.cmake
-- Up-to-date: /home/michael/Stingray2_ws/install/stingray_msg/share/stingray_msg/cmake/stingray_msg__rosidl_typesupport_introspection_cExport-noconfig.cmake
-- Up-to-date: /home/michael/Stingray2_ws/install/stingray_msg/share/stingray_msg/cmake/stingray_msg__rosidl_typesupport_cExport.cmake
-- Up-to-date: /home/michael/Stingray2_ws/install/stingray_msg/share/stingray_msg/cmake/stingray_msg__rosidl_typesupport_cExport-noconfig.cmake
-- Up-to-date: /home/michael/Stingray2_ws/install/stingray_msg/share/stingray_msg/cmake/stingray_msg__rosidl_typesupport_introspection_cppExport.cmake
-- Up-to-date: /home/michael/Stingray2_ws/install/stingray_msg/share/stingray_msg/cmake/stingray_msg__rosidl_typesupport_introspection_cppExport-noconfig.cmake
-- Up-to-date: /home/michael/Stingray2_ws/install/stingray_msg/share/stingray_msg/cmake/stingray_msg__rosidl_typesupport_cppExport.cmake
-- Up-to-date: /home/michael/Stingray2_ws/install/stingray_msg/share/stingray_msg/cmake/stingray_msg__rosidl_typesupport_cppExport-noconfig.cmake
-- Up-to-date: /home/michael/Stingray2_ws/install/stingray_msg/share/stingray_msg/cmake/export_stingray_msg__rosidl_generator_pyExport.cmake
-- Up-to-date: /home/michael/Stingray2_ws/install/stingray_msg/share/stingray_msg/cmake/export_stingray_msg__rosidl_generator_pyExport-noconfig.cmake
-- Up-to-date: /home/michael/Stingray2_ws/install/stingray_msg/share/stingray_msg/cmake/rosidl_cmake-extras.cmake
-- Up-to-date: /home/michael/Stingray2_ws/install/stingray_msg/share/stingray_msg/cmake/ament_cmake_export_dependencies-extras.cmake
-- Up-to-date: /home/michael/Stingray2_ws/install/stingray_msg/share/stingray_msg/cmake/ament_cmake_export_include_directories-extras.cmake
-- Up-to-date: /home/michael/Stingray2_ws/install/stingray_msg/share/stingray_msg/cmake/ament_cmake_export_libraries-extras.cmake
-- Up-to-date: /home/michael/Stingray2_ws/install/stingray_msg/share/stingray_msg/cmake/ament_cmake_export_targets-extras.cmake
-- Up-to-date: /home/michael/Stingray2_ws/install/stingray_msg/share/stingray_msg/cmake/rosidl_cmake_export_typesupport_targets-extras.cmake
-- Up-to-date: /home/michael/Stingray2_ws/install/stingray_msg/share/stingray_msg/cmake/rosidl_cmake_export_typesupport_libraries-extras.cmake
-- Up-to-date: /home/michael/Stingray2_ws/install/stingray_msg/share/stingray_msg/cmake/stingray_msgConfig.cmake
-- Up-to-date: /home/michael/Stingray2_ws/install/stingray_msg/share/stingray_msg/cmake/stingray_msgConfig-version.cmake
-- Up-to-date: /home/michael/Stingray2_ws/install/stingray_msg/share/stingray_msg/package.xml
