[0.020s] Invoking command in '/home/michael/Stingray2_ws/build/stingray_msg': CMAKE_PREFIX_PATH=${CMAKE_PREFIX_PATH}:/home/michael/Stingray2_ws/install/stingray_simulation:/home/michael/Stingray2_ws/install/stingray_control:/home/michael/Stingray2_ws/install/stingray_interface:/home/michael/ros2_ws/install/ardupilot_dds_tests:/home/michael/ros2_ws/install/ardupilot_msgs:/home/michael/colcon_ws/install/ardupilot_ros:/home/michael/colcon_ws/install/ardupilot_dds_tests:/opt/ros/humble /usr/bin/cmake --build /home/michael/Stingray2_ws/build/stingray_msg -- -j8 -l8
[0.245s] -- Found ament_cmake: 1.3.8 (/opt/ros/humble/share/ament_cmake/cmake)
[0.246s] -- Found geometry_msgs: 4.2.3 (/opt/ros/humble/share/geometry_msgs/cmake)
[0.246s] -- Found rosidl_generator_c: 3.1.5 (/opt/ros/humble/share/rosidl_generator_c/cmake)
[0.247s] -- Found rosidl_adapter: 3.1.5 (/opt/ros/humble/share/rosidl_adapter/cmake)
[0.247s] -- Found rosidl_generator_cpp: 3.1.5 (/opt/ros/humble/share/rosidl_generator_cpp/cmake)
[0.247s] -- Using all available rosidl_typesupport_c: rosidl_typesupport_fastrtps_c;rosidl_typesupport_introspection_c
[0.247s] -- Using all available rosidl_typesupport_cpp: rosidl_typesupport_fastrtps_cpp;rosidl_typesupport_introspection_cpp
[0.271s] -- Found rosidl_default_generators: 1.2.0 (/opt/ros/humble/share/rosidl_default_generators/cmake)
[0.528s] -- Found ament_cmake_ros: 0.10.0 (/opt/ros/humble/share/ament_cmake_ros/cmake)
[0.903s] -- Using all available rosidl_typesupport_c: rosidl_typesupport_fastrtps_c;rosidl_typesupport_introspection_c
[1.043s] -- Using all available rosidl_typesupport_cpp: rosidl_typesupport_fastrtps_cpp;rosidl_typesupport_introspection_cpp
[1.066s] -- Found python_cmake_module: 0.10.0 (/opt/ros/humble/share/python_cmake_module/cmake)
[1.086s] -- Using PYTHON_EXECUTABLE: /usr/bin/python3
[1.086s] -- Using PYTHON_INCLUDE_DIRS: /usr/include/python3.10
[1.086s] -- Using PYTHON_LIBRARIES: /usr/lib/x86_64-linux-gnu/libpython3.10.so
[1.134s] -- Found ament_lint_auto: 0.12.10 (/opt/ros/humble/share/ament_lint_auto/cmake)
[1.140s] -- Added test 'lint_cmake' to check CMake code style
[1.141s] -- Added test 'xmllint' to check XML markup files
[1.142s] -- Configuring done
[1.165s] -- Generating done
[1.167s] -- Build files have been written to: /home/michael/Stingray2_ws/build/stingray_msg
[1.190s] [  3%] [34m[1mGenerating C code for ROS interfaces[0m
[1.199s] [  6%] [34m[1mGenerating C++ code for ROS interfaces[0m
[1.208s] [  6%] Built target ament_cmake_python_copy_stingray_msg
[1.441s] running egg_info
[1.442s] writing stingray_msg.egg-info/PKG-INFO
[1.442s] writing dependency_links to stingray_msg.egg-info/dependency_links.txt
[1.442s] writing top-level names to stingray_msg.egg-info/top_level.txt
[1.444s] reading manifest file 'stingray_msg.egg-info/SOURCES.txt'
[1.444s] writing manifest file 'stingray_msg.egg-info/SOURCES.txt'
[1.467s] [  6%] Built target ament_cmake_python_build_stingray_msg_egg
[1.513s] [  6%] Built target stingray_msg__cpp
[1.524s] [  9%] [34m[1mGenerating C++ type support dispatch for ROS interfaces[0m
[1.524s] [ 12%] [34m[1mGenerating C++ type support for eProsima Fast-RTPS[0m
[1.526s] [ 16%] [34m[1mGenerating C++ introspection for ROS interfaces[0m
[1.572s] [35m[1mConsolidate compiler generated dependencies of target stingray_msg__rosidl_generator_c[0m
[1.584s] [ 19%] [32mBuilding C object CMakeFiles/stingray_msg__rosidl_generator_c.dir/rosidl_generator_c/stingray_msg/msg/detail/stingray_control__functions.c.o[0m
[1.644s] [ 22%] [32m[1mLinking C shared library libstingray_msg__rosidl_generator_c.so[0m
[1.678s] [ 22%] Built target stingray_msg__rosidl_generator_c
[1.690s] [ 25%] [34m[1mGenerating C type support for eProsima Fast-RTPS[0m
[1.693s] [ 29%] [34m[1mGenerating C introspection for ROS interfaces[0m
[1.705s] [ 32%] [34m[1mGenerating C type support dispatch for ROS interfaces[0m
[1.918s] [35m[1mConsolidate compiler generated dependencies of target stingray_msg__rosidl_typesupport_cpp[0m
[1.946s] [ 35%] [32mBuilding CXX object CMakeFiles/stingray_msg__rosidl_typesupport_cpp.dir/rosidl_typesupport_cpp/stingray_msg/msg/stingray_control__type_support.cpp.o[0m
[1.947s] [35m[1mConsolidate compiler generated dependencies of target stingray_msg__rosidl_typesupport_fastrtps_cpp[0m
[1.961s] [ 38%] [32mBuilding CXX object CMakeFiles/stingray_msg__rosidl_typesupport_fastrtps_cpp.dir/rosidl_typesupport_fastrtps_cpp/stingray_msg/msg/detail/dds_fastrtps/stingray_control__type_support.cpp.o[0m
[2.061s] [35m[1mConsolidate compiler generated dependencies of target stingray_msg__rosidl_typesupport_introspection_cpp[0m
[2.090s] [ 41%] [32mBuilding CXX object CMakeFiles/stingray_msg__rosidl_typesupport_introspection_cpp.dir/rosidl_typesupport_introspection_cpp/stingray_msg/msg/detail/stingray_control__type_support.cpp.o[0m
[2.170s] [35m[1mConsolidate compiler generated dependencies of target stingray_msg__rosidl_typesupport_introspection_c[0m
[2.173s] [35m[1mConsolidate compiler generated dependencies of target stingray_msg__rosidl_typesupport_c[0m
[2.188s] [ 45%] [32mBuilding C object CMakeFiles/stingray_msg__rosidl_typesupport_introspection_c.dir/rosidl_typesupport_introspection_c/stingray_msg/msg/detail/stingray_control__type_support.c.o[0m
[2.190s] [ 48%] [32mBuilding CXX object CMakeFiles/stingray_msg__rosidl_typesupport_c.dir/rosidl_typesupport_c/stingray_msg/msg/stingray_control__type_support.cpp.o[0m
[2.206s] [35m[1mConsolidate compiler generated dependencies of target stingray_msg__rosidl_typesupport_fastrtps_c[0m
[2.224s] [ 51%] [32mBuilding CXX object CMakeFiles/stingray_msg__rosidl_typesupport_fastrtps_c.dir/rosidl_typesupport_fastrtps_c/stingray_msg/msg/detail/stingray_control__type_support_c.cpp.o[0m
[2.246s] [ 54%] [32m[1mLinking CXX shared library libstingray_msg__rosidl_typesupport_c.so[0m
[2.250s] [ 58%] [32m[1mLinking C shared library libstingray_msg__rosidl_typesupport_introspection_c.so[0m
[2.303s] [ 58%] Built target stingray_msg__rosidl_typesupport_c
[2.304s] [ 58%] Built target stingray_msg__rosidl_typesupport_introspection_c
[2.357s] [ 61%] [32m[1mLinking CXX shared library libstingray_msg__rosidl_typesupport_cpp.so[0m
[2.417s] [ 61%] Built target stingray_msg__rosidl_typesupport_cpp
[2.423s] [ 64%] [32m[1mLinking CXX shared library libstingray_msg__rosidl_typesupport_fastrtps_cpp.so[0m
[2.493s] [ 64%] Built target stingray_msg__rosidl_typesupport_fastrtps_cpp
[2.533s] [ 67%] [32m[1mLinking CXX shared library libstingray_msg__rosidl_typesupport_introspection_cpp.so[0m
[2.569s] [ 67%] Built target stingray_msg__rosidl_typesupport_introspection_cpp
[2.584s] [ 70%] [32m[1mLinking CXX shared library libstingray_msg__rosidl_typesupport_fastrtps_c.so[0m
[2.647s] [ 70%] Built target stingray_msg__rosidl_typesupport_fastrtps_c
[2.665s] [ 70%] Built target stingray_msg
[2.684s] [ 74%] [34m[1mGenerating Python code for ROS interfaces[0m
[3.107s] [ 74%] Built target stingray_msg__py
[3.117s] [35m[1mConsolidate compiler generated dependencies of target stingray_msg__rosidl_generator_py[0m
[3.128s] [ 77%] [32mBuilding C object CMakeFiles/stingray_msg__rosidl_generator_py.dir/rosidl_generator_py/stingray_msg/msg/_stingray_control_s.c.o[0m
[3.252s] [ 80%] [32m[1mLinking C shared library rosidl_generator_py/stingray_msg/libstingray_msg__rosidl_generator_py.so[0m
[3.287s] [ 80%] Built target stingray_msg__rosidl_generator_py
[3.296s] [35m[1mConsolidate compiler generated dependencies of target stingray_msg__rosidl_typesupport_fastrtps_c__pyext[0m
[3.296s] [35m[1mConsolidate compiler generated dependencies of target stingray_msg__rosidl_typesupport_introspection_c__pyext[0m
[3.297s] [35m[1mConsolidate compiler generated dependencies of target stingray_msg__rosidl_typesupport_c__pyext[0m
[3.308s] [ 90%] [32mBuilding C object CMakeFiles/stingray_msg__rosidl_typesupport_introspection_c__pyext.dir/rosidl_generator_py/stingray_msg/_stingray_msg_s.ep.rosidl_typesupport_introspection_c.c.o[0m
[3.308s] [ 90%] [32mBuilding C object CMakeFiles/stingray_msg__rosidl_typesupport_fastrtps_c__pyext.dir/rosidl_generator_py/stingray_msg/_stingray_msg_s.ep.rosidl_typesupport_fastrtps_c.c.o[0m
[3.308s] [ 90%] [32mBuilding C object CMakeFiles/stingray_msg__rosidl_typesupport_c__pyext.dir/rosidl_generator_py/stingray_msg/_stingray_msg_s.ep.rosidl_typesupport_c.c.o[0m
[3.436s] [ 96%] [32m[1mLinking C shared library rosidl_generator_py/stingray_msg/stingray_msg_s__rosidl_typesupport_c.cpython-310-x86_64-linux-gnu.so[0m
[3.436s] [ 96%] [32m[1mLinking C shared library rosidl_generator_py/stingray_msg/stingray_msg_s__rosidl_typesupport_introspection_c.cpython-310-x86_64-linux-gnu.so[0m
[3.437s] [100%] [32m[1mLinking C shared library rosidl_generator_py/stingray_msg/stingray_msg_s__rosidl_typesupport_fastrtps_c.cpython-310-x86_64-linux-gnu.so[0m
[3.471s] [100%] Built target stingray_msg__rosidl_typesupport_c__pyext
[3.471s] [100%] Built target stingray_msg__rosidl_typesupport_introspection_c__pyext
[3.472s] [100%] Built target stingray_msg__rosidl_typesupport_fastrtps_c__pyext
[3.482s] Invoked command in '/home/michael/Stingray2_ws/build/stingray_msg' returned '0': CMAKE_PREFIX_PATH=${CMAKE_PREFIX_PATH}:/home/michael/Stingray2_ws/install/stingray_simulation:/home/michael/Stingray2_ws/install/stingray_control:/home/michael/Stingray2_ws/install/stingray_interface:/home/michael/ros2_ws/install/ardupilot_dds_tests:/home/michael/ros2_ws/install/ardupilot_msgs:/home/michael/colcon_ws/install/ardupilot_ros:/home/michael/colcon_ws/install/ardupilot_dds_tests:/opt/ros/humble /usr/bin/cmake --build /home/michael/Stingray2_ws/build/stingray_msg -- -j8 -l8
[3.558s] Invoking command in '/home/michael/Stingray2_ws/build/stingray_msg': CMAKE_PREFIX_PATH=${CMAKE_PREFIX_PATH}:/home/michael/Stingray2_ws/install/stingray_simulation:/home/michael/Stingray2_ws/install/stingray_control:/home/michael/Stingray2_ws/install/stingray_interface:/home/michael/ros2_ws/install/ardupilot_dds_tests:/home/michael/ros2_ws/install/ardupilot_msgs:/home/michael/colcon_ws/install/ardupilot_ros:/home/michael/colcon_ws/install/ardupilot_dds_tests:/opt/ros/humble /usr/bin/cmake --install /home/michael/Stingray2_ws/build/stingray_msg
[3.565s] -- Install configuration: ""
[3.566s] -- Up-to-date: /home/michael/Stingray2_ws/install/stingray_msg/share/ament_index/resource_index/rosidl_interfaces/stingray_msg
[3.566s] -- Up-to-date: /home/michael/Stingray2_ws/install/stingray_msg/include/stingray_msg/stingray_msg
[3.566s] -- Up-to-date: /home/michael/Stingray2_ws/install/stingray_msg/include/stingray_msg/stingray_msg/msg
[3.566s] -- Up-to-date: /home/michael/Stingray2_ws/install/stingray_msg/include/stingray_msg/stingray_msg/msg/detail
[3.566s] -- Installing: /home/michael/Stingray2_ws/install/stingray_msg/include/stingray_msg/stingray_msg/msg/detail/stingray_control__struct.h
[3.566s] -- Installing: /home/michael/Stingray2_ws/install/stingray_msg/include/stingray_msg/stingray_msg/msg/detail/stingray_control__functions.h
[3.566s] -- Installing: /home/michael/Stingray2_ws/install/stingray_msg/include/stingray_msg/stingray_msg/msg/detail/stingray_control__functions.c
[3.566s] -- Installing: /home/michael/Stingray2_ws/install/stingray_msg/include/stingray_msg/stingray_msg/msg/detail/stingray_control__type_support.h
[3.566s] -- Installing: /home/michael/Stingray2_ws/install/stingray_msg/include/stingray_msg/stingray_msg/msg/stingray_control.h
[3.566s] -- Up-to-date: /home/michael/Stingray2_ws/install/stingray_msg/include/stingray_msg/stingray_msg/msg/rosidl_generator_c__visibility_control.h
[3.566s] -- Up-to-date: /home/michael/Stingray2_ws/install/stingray_msg/share/stingray_msg/environment/library_path.sh
[3.567s] -- Installing: /home/michael/Stingray2_ws/install/stingray_msg/share/stingray_msg/environment/library_path.dsv
[3.567s] -- Installing: /home/michael/Stingray2_ws/install/stingray_msg/lib/libstingray_msg__rosidl_generator_c.so
[3.567s] -- Set runtime path of "/home/michael/Stingray2_ws/install/stingray_msg/lib/libstingray_msg__rosidl_generator_c.so" to ""
[3.567s] -- Up-to-date: /home/michael/Stingray2_ws/install/stingray_msg/include/stingray_msg/stingray_msg
[3.567s] -- Up-to-date: /home/michael/Stingray2_ws/install/stingray_msg/include/stingray_msg/stingray_msg/msg
[3.567s] -- Up-to-date: /home/michael/Stingray2_ws/install/stingray_msg/include/stingray_msg/stingray_msg/msg/detail
[3.567s] -- Installing: /home/michael/Stingray2_ws/install/stingray_msg/include/stingray_msg/stingray_msg/msg/detail/stingray_control__rosidl_typesupport_fastrtps_c.h
[3.567s] -- Up-to-date: /home/michael/Stingray2_ws/install/stingray_msg/include/stingray_msg/stingray_msg/msg/rosidl_typesupport_fastrtps_c__visibility_control.h
[3.567s] -- Installing: /home/michael/Stingray2_ws/install/stingray_msg/lib/libstingray_msg__rosidl_typesupport_fastrtps_c.so
[3.567s] -- Set runtime path of "/home/michael/Stingray2_ws/install/stingray_msg/lib/libstingray_msg__rosidl_typesupport_fastrtps_c.so" to ""
[3.567s] -- Up-to-date: /home/michael/Stingray2_ws/install/stingray_msg/include/stingray_msg/stingray_msg
[3.567s] -- Up-to-date: /home/michael/Stingray2_ws/install/stingray_msg/include/stingray_msg/stingray_msg/msg
[3.567s] -- Up-to-date: /home/michael/Stingray2_ws/install/stingray_msg/include/stingray_msg/stingray_msg/msg/detail
[3.568s] -- Installing: /home/michael/Stingray2_ws/install/stingray_msg/include/stingray_msg/stingray_msg/msg/detail/stingray_control__builder.hpp
[3.568s] -- Installing: /home/michael/Stingray2_ws/install/stingray_msg/include/stingray_msg/stingray_msg/msg/detail/stingray_control__traits.hpp
[3.568s] -- Installing: /home/michael/Stingray2_ws/install/stingray_msg/include/stingray_msg/stingray_msg/msg/detail/stingray_control__struct.hpp
[3.568s] -- Installing: /home/michael/Stingray2_ws/install/stingray_msg/include/stingray_msg/stingray_msg/msg/stingray_control.hpp
[3.568s] -- Up-to-date: /home/michael/Stingray2_ws/install/stingray_msg/include/stingray_msg/stingray_msg
[3.568s] -- Up-to-date: /home/michael/Stingray2_ws/install/stingray_msg/include/stingray_msg/stingray_msg/msg
[3.568s] -- Up-to-date: /home/michael/Stingray2_ws/install/stingray_msg/include/stingray_msg/stingray_msg/msg/detail
[3.568s] -- Up-to-date: /home/michael/Stingray2_ws/install/stingray_msg/include/stingray_msg/stingray_msg/msg/detail/dds_fastrtps
[3.568s] -- Installing: /home/michael/Stingray2_ws/install/stingray_msg/include/stingray_msg/stingray_msg/msg/detail/stingray_control__rosidl_typesupport_fastrtps_cpp.hpp
[3.568s] -- Up-to-date: /home/michael/Stingray2_ws/install/stingray_msg/include/stingray_msg/stingray_msg/msg/rosidl_typesupport_fastrtps_cpp__visibility_control.h
[3.568s] -- Installing: /home/michael/Stingray2_ws/install/stingray_msg/lib/libstingray_msg__rosidl_typesupport_fastrtps_cpp.so
[3.568s] -- Set runtime path of "/home/michael/Stingray2_ws/install/stingray_msg/lib/libstingray_msg__rosidl_typesupport_fastrtps_cpp.so" to ""
[3.568s] -- Up-to-date: /home/michael/Stingray2_ws/install/stingray_msg/include/stingray_msg/stingray_msg
[3.569s] -- Up-to-date: /home/michael/Stingray2_ws/install/stingray_msg/include/stingray_msg/stingray_msg/msg
[3.569s] -- Up-to-date: /home/michael/Stingray2_ws/install/stingray_msg/include/stingray_msg/stingray_msg/msg/detail
[3.569s] -- Installing: /home/michael/Stingray2_ws/install/stingray_msg/include/stingray_msg/stingray_msg/msg/detail/stingray_control__type_support.c
[3.569s] -- Installing: /home/michael/Stingray2_ws/install/stingray_msg/include/stingray_msg/stingray_msg/msg/detail/stingray_control__rosidl_typesupport_introspection_c.h
[3.569s] -- Up-to-date: /home/michael/Stingray2_ws/install/stingray_msg/include/stingray_msg/stingray_msg/msg/rosidl_typesupport_introspection_c__visibility_control.h
[3.569s] -- Installing: /home/michael/Stingray2_ws/install/stingray_msg/lib/libstingray_msg__rosidl_typesupport_introspection_c.so
[3.569s] -- Set runtime path of "/home/michael/Stingray2_ws/install/stingray_msg/lib/libstingray_msg__rosidl_typesupport_introspection_c.so" to ""
[3.569s] -- Installing: /home/michael/Stingray2_ws/install/stingray_msg/lib/libstingray_msg__rosidl_typesupport_c.so
[3.569s] -- Set runtime path of "/home/michael/Stingray2_ws/install/stingray_msg/lib/libstingray_msg__rosidl_typesupport_c.so" to ""
[3.569s] -- Up-to-date: /home/michael/Stingray2_ws/install/stingray_msg/include/stingray_msg/stingray_msg
[3.569s] -- Up-to-date: /home/michael/Stingray2_ws/install/stingray_msg/include/stingray_msg/stingray_msg/msg
[3.569s] -- Up-to-date: /home/michael/Stingray2_ws/install/stingray_msg/include/stingray_msg/stingray_msg/msg/detail
[3.569s] -- Installing: /home/michael/Stingray2_ws/install/stingray_msg/include/stingray_msg/stingray_msg/msg/detail/stingray_control__type_support.cpp
[3.569s] -- Installing: /home/michael/Stingray2_ws/install/stingray_msg/include/stingray_msg/stingray_msg/msg/detail/stingray_control__rosidl_typesupport_introspection_cpp.hpp
[3.570s] -- Installing: /home/michael/Stingray2_ws/install/stingray_msg/lib/libstingray_msg__rosidl_typesupport_introspection_cpp.so
[3.570s] -- Set runtime path of "/home/michael/Stingray2_ws/install/stingray_msg/lib/libstingray_msg__rosidl_typesupport_introspection_cpp.so" to ""
[3.570s] -- Installing: /home/michael/Stingray2_ws/install/stingray_msg/lib/libstingray_msg__rosidl_typesupport_cpp.so
[3.570s] -- Set runtime path of "/home/michael/Stingray2_ws/install/stingray_msg/lib/libstingray_msg__rosidl_typesupport_cpp.so" to ""
[3.570s] -- Up-to-date: /home/michael/Stingray2_ws/install/stingray_msg/share/stingray_msg/environment/pythonpath.sh
[3.570s] -- Installing: /home/michael/Stingray2_ws/install/stingray_msg/share/stingray_msg/environment/pythonpath.dsv
[3.570s] -- Up-to-date: /home/michael/Stingray2_ws/install/stingray_msg/local/lib/python3.10/dist-packages/stingray_msg-0.0.0-py3.10.egg-info
[3.570s] -- Installing: /home/michael/Stingray2_ws/install/stingray_msg/local/lib/python3.10/dist-packages/stingray_msg-0.0.0-py3.10.egg-info/top_level.txt
[3.570s] -- Installing: /home/michael/Stingray2_ws/install/stingray_msg/local/lib/python3.10/dist-packages/stingray_msg-0.0.0-py3.10.egg-info/SOURCES.txt
[3.570s] -- Installing: /home/michael/Stingray2_ws/install/stingray_msg/local/lib/python3.10/dist-packages/stingray_msg-0.0.0-py3.10.egg-info/dependency_links.txt
[3.570s] -- Installing: /home/michael/Stingray2_ws/install/stingray_msg/local/lib/python3.10/dist-packages/stingray_msg-0.0.0-py3.10.egg-info/PKG-INFO
[3.570s] -- Up-to-date: /home/michael/Stingray2_ws/install/stingray_msg/local/lib/python3.10/dist-packages/stingray_msg
[3.571s] -- Installing: /home/michael/Stingray2_ws/install/stingray_msg/local/lib/python3.10/dist-packages/stingray_msg/stingray_msg_s__rosidl_typesupport_c.cpython-310-x86_64-linux-gnu.so
[3.571s] -- Up-to-date: /home/michael/Stingray2_ws/install/stingray_msg/local/lib/python3.10/dist-packages/stingray_msg/msg
[3.571s] -- Installing: /home/michael/Stingray2_ws/install/stingray_msg/local/lib/python3.10/dist-packages/stingray_msg/msg/_stingray_control.py
[3.571s] -- Installing: /home/michael/Stingray2_ws/install/stingray_msg/local/lib/python3.10/dist-packages/stingray_msg/msg/__init__.py
[3.571s] -- Installing: /home/michael/Stingray2_ws/install/stingray_msg/local/lib/python3.10/dist-packages/stingray_msg/msg/_stingray_control_s.c
[3.571s] -- Installing: /home/michael/Stingray2_ws/install/stingray_msg/local/lib/python3.10/dist-packages/stingray_msg/libstingray_msg__rosidl_generator_py.so
[3.571s] -- Installing: /home/michael/Stingray2_ws/install/stingray_msg/local/lib/python3.10/dist-packages/stingray_msg/__init__.py
[3.571s] -- Installing: /home/michael/Stingray2_ws/install/stingray_msg/local/lib/python3.10/dist-packages/stingray_msg/_stingray_msg_s.ep.rosidl_typesupport_fastrtps_c.c
[3.571s] -- Installing: /home/michael/Stingray2_ws/install/stingray_msg/local/lib/python3.10/dist-packages/stingray_msg/_stingray_msg_s.ep.rosidl_typesupport_c.c
[3.571s] -- Installing: /home/michael/Stingray2_ws/install/stingray_msg/local/lib/python3.10/dist-packages/stingray_msg/stingray_msg_s__rosidl_typesupport_introspection_c.cpython-310-x86_64-linux-gnu.so
[3.571s] -- Installing: /home/michael/Stingray2_ws/install/stingray_msg/local/lib/python3.10/dist-packages/stingray_msg/_stingray_msg_s.ep.rosidl_typesupport_introspection_c.c
[3.571s] -- Installing: /home/michael/Stingray2_ws/install/stingray_msg/local/lib/python3.10/dist-packages/stingray_msg/stingray_msg_s__rosidl_typesupport_fastrtps_c.cpython-310-x86_64-linux-gnu.so
[3.602s] Listing '/home/michael/Stingray2_ws/install/stingray_msg/local/lib/python3.10/dist-packages/stingray_msg'...
[3.602s] Compiling '/home/michael/Stingray2_ws/install/stingray_msg/local/lib/python3.10/dist-packages/stingray_msg/__init__.py'...
[3.602s] Listing '/home/michael/Stingray2_ws/install/stingray_msg/local/lib/python3.10/dist-packages/stingray_msg/msg'...
[3.602s] Compiling '/home/michael/Stingray2_ws/install/stingray_msg/local/lib/python3.10/dist-packages/stingray_msg/msg/__init__.py'...
[3.602s] Compiling '/home/michael/Stingray2_ws/install/stingray_msg/local/lib/python3.10/dist-packages/stingray_msg/msg/_stingray_control.py'...
[3.605s] -- Installing: /home/michael/Stingray2_ws/install/stingray_msg/local/lib/python3.10/dist-packages/stingray_msg/stingray_msg_s__rosidl_typesupport_fastrtps_c.cpython-310-x86_64-linux-gnu.so
[3.605s] -- Set runtime path of "/home/michael/Stingray2_ws/install/stingray_msg/local/lib/python3.10/dist-packages/stingray_msg/stingray_msg_s__rosidl_typesupport_fastrtps_c.cpython-310-x86_64-linux-gnu.so" to ""
[3.605s] -- Installing: /home/michael/Stingray2_ws/install/stingray_msg/local/lib/python3.10/dist-packages/stingray_msg/stingray_msg_s__rosidl_typesupport_introspection_c.cpython-310-x86_64-linux-gnu.so
[3.606s] -- Set runtime path of "/home/michael/Stingray2_ws/install/stingray_msg/local/lib/python3.10/dist-packages/stingray_msg/stingray_msg_s__rosidl_typesupport_introspection_c.cpython-310-x86_64-linux-gnu.so" to ""
[3.606s] -- Installing: /home/michael/Stingray2_ws/install/stingray_msg/local/lib/python3.10/dist-packages/stingray_msg/stingray_msg_s__rosidl_typesupport_c.cpython-310-x86_64-linux-gnu.so
[3.606s] -- Set runtime path of "/home/michael/Stingray2_ws/install/stingray_msg/local/lib/python3.10/dist-packages/stingray_msg/stingray_msg_s__rosidl_typesupport_c.cpython-310-x86_64-linux-gnu.so" to ""
[3.606s] -- Installing: /home/michael/Stingray2_ws/install/stingray_msg/lib/libstingray_msg__rosidl_generator_py.so
[3.606s] -- Set runtime path of "/home/michael/Stingray2_ws/install/stingray_msg/lib/libstingray_msg__rosidl_generator_py.so" to ""
[3.606s] -- Installing: /home/michael/Stingray2_ws/install/stingray_msg/share/stingray_msg/msg/StingrayControl.idl
[3.606s] -- Installing: /home/michael/Stingray2_ws/install/stingray_msg/share/stingray_msg/msg/StingrayControl.msg
[3.606s] -- Up-to-date: /home/michael/Stingray2_ws/install/stingray_msg/share/ament_index/resource_index/package_run_dependencies/stingray_msg
[3.606s] -- Installing: /home/michael/Stingray2_ws/install/stingray_msg/share/ament_index/resource_index/parent_prefix_path/stingray_msg
[3.607s] -- Up-to-date: /home/michael/Stingray2_ws/install/stingray_msg/share/stingray_msg/environment/ament_prefix_path.sh
[3.607s] -- Installing: /home/michael/Stingray2_ws/install/stingray_msg/share/stingray_msg/environment/ament_prefix_path.dsv
[3.607s] -- Up-to-date: /home/michael/Stingray2_ws/install/stingray_msg/share/stingray_msg/environment/path.sh
[3.607s] -- Installing: /home/michael/Stingray2_ws/install/stingray_msg/share/stingray_msg/environment/path.dsv
[3.607s] -- Up-to-date: /home/michael/Stingray2_ws/install/stingray_msg/share/stingray_msg/local_setup.bash
[3.607s] -- Up-to-date: /home/michael/Stingray2_ws/install/stingray_msg/share/stingray_msg/local_setup.sh
[3.607s] -- Up-to-date: /home/michael/Stingray2_ws/install/stingray_msg/share/stingray_msg/local_setup.zsh
[3.607s] -- Installing: /home/michael/Stingray2_ws/install/stingray_msg/share/stingray_msg/local_setup.dsv
[3.607s] -- Installing: /home/michael/Stingray2_ws/install/stingray_msg/share/stingray_msg/package.dsv
[3.607s] -- Up-to-date: /home/michael/Stingray2_ws/install/stingray_msg/share/ament_index/resource_index/packages/stingray_msg
[3.607s] -- Up-to-date: /home/michael/Stingray2_ws/install/stingray_msg/share/stingray_msg/cmake/export_stingray_msg__rosidl_generator_cExport.cmake
[3.608s] -- Up-to-date: /home/michael/Stingray2_ws/install/stingray_msg/share/stingray_msg/cmake/export_stingray_msg__rosidl_generator_cExport-noconfig.cmake
[3.608s] -- Up-to-date: /home/michael/Stingray2_ws/install/stingray_msg/share/stingray_msg/cmake/export_stingray_msg__rosidl_typesupport_fastrtps_cExport.cmake
[3.608s] -- Up-to-date: /home/michael/Stingray2_ws/install/stingray_msg/share/stingray_msg/cmake/export_stingray_msg__rosidl_typesupport_fastrtps_cExport-noconfig.cmake
[3.608s] -- Up-to-date: /home/michael/Stingray2_ws/install/stingray_msg/share/stingray_msg/cmake/export_stingray_msg__rosidl_generator_cppExport.cmake
[3.608s] -- Up-to-date: /home/michael/Stingray2_ws/install/stingray_msg/share/stingray_msg/cmake/export_stingray_msg__rosidl_typesupport_fastrtps_cppExport.cmake
[3.608s] -- Up-to-date: /home/michael/Stingray2_ws/install/stingray_msg/share/stingray_msg/cmake/export_stingray_msg__rosidl_typesupport_fastrtps_cppExport-noconfig.cmake
[3.608s] -- Up-to-date: /home/michael/Stingray2_ws/install/stingray_msg/share/stingray_msg/cmake/stingray_msg__rosidl_typesupport_introspection_cExport.cmake
[3.608s] -- Up-to-date: /home/michael/Stingray2_ws/install/stingray_msg/share/stingray_msg/cmake/stingray_msg__rosidl_typesupport_introspection_cExport-noconfig.cmake
[3.608s] -- Up-to-date: /home/michael/Stingray2_ws/install/stingray_msg/share/stingray_msg/cmake/stingray_msg__rosidl_typesupport_cExport.cmake
[3.608s] -- Up-to-date: /home/michael/Stingray2_ws/install/stingray_msg/share/stingray_msg/cmake/stingray_msg__rosidl_typesupport_cExport-noconfig.cmake
[3.608s] -- Up-to-date: /home/michael/Stingray2_ws/install/stingray_msg/share/stingray_msg/cmake/stingray_msg__rosidl_typesupport_introspection_cppExport.cmake
[3.608s] -- Up-to-date: /home/michael/Stingray2_ws/install/stingray_msg/share/stingray_msg/cmake/stingray_msg__rosidl_typesupport_introspection_cppExport-noconfig.cmake
[3.608s] -- Up-to-date: /home/michael/Stingray2_ws/install/stingray_msg/share/stingray_msg/cmake/stingray_msg__rosidl_typesupport_cppExport.cmake
[3.608s] -- Up-to-date: /home/michael/Stingray2_ws/install/stingray_msg/share/stingray_msg/cmake/stingray_msg__rosidl_typesupport_cppExport-noconfig.cmake
[3.609s] -- Up-to-date: /home/michael/Stingray2_ws/install/stingray_msg/share/stingray_msg/cmake/export_stingray_msg__rosidl_generator_pyExport.cmake
[3.609s] -- Up-to-date: /home/michael/Stingray2_ws/install/stingray_msg/share/stingray_msg/cmake/export_stingray_msg__rosidl_generator_pyExport-noconfig.cmake
[3.609s] -- Up-to-date: /home/michael/Stingray2_ws/install/stingray_msg/share/stingray_msg/cmake/rosidl_cmake-extras.cmake
[3.609s] -- Up-to-date: /home/michael/Stingray2_ws/install/stingray_msg/share/stingray_msg/cmake/ament_cmake_export_dependencies-extras.cmake
[3.609s] -- Up-to-date: /home/michael/Stingray2_ws/install/stingray_msg/share/stingray_msg/cmake/ament_cmake_export_include_directories-extras.cmake
[3.610s] -- Up-to-date: /home/michael/Stingray2_ws/install/stingray_msg/share/stingray_msg/cmake/ament_cmake_export_libraries-extras.cmake
[3.610s] -- Up-to-date: /home/michael/Stingray2_ws/install/stingray_msg/share/stingray_msg/cmake/ament_cmake_export_targets-extras.cmake
[3.610s] -- Up-to-date: /home/michael/Stingray2_ws/install/stingray_msg/share/stingray_msg/cmake/rosidl_cmake_export_typesupport_targets-extras.cmake
[3.610s] -- Up-to-date: /home/michael/Stingray2_ws/install/stingray_msg/share/stingray_msg/cmake/rosidl_cmake_export_typesupport_libraries-extras.cmake
[3.610s] -- Up-to-date: /home/michael/Stingray2_ws/install/stingray_msg/share/stingray_msg/cmake/stingray_msgConfig.cmake
[3.610s] -- Up-to-date: /home/michael/Stingray2_ws/install/stingray_msg/share/stingray_msg/cmake/stingray_msgConfig-version.cmake
[3.610s] -- Up-to-date: /home/michael/Stingray2_ws/install/stingray_msg/share/stingray_msg/package.xml
[3.611s] Invoked command in '/home/michael/Stingray2_ws/build/stingray_msg' returned '0': CMAKE_PREFIX_PATH=${CMAKE_PREFIX_PATH}:/home/michael/Stingray2_ws/install/stingray_simulation:/home/michael/Stingray2_ws/install/stingray_control:/home/michael/Stingray2_ws/install/stingray_interface:/home/michael/ros2_ws/install/ardupilot_dds_tests:/home/michael/ros2_ws/install/ardupilot_msgs:/home/michael/colcon_ws/install/ardupilot_ros:/home/michael/colcon_ws/install/ardupilot_dds_tests:/opt/ros/humble /usr/bin/cmake --install /home/michael/Stingray2_ws/build/stingray_msg
