[0.010s] Invoking command in '/home/michael/Stingray2_ws/build/stingray_msg': CMAKE_PREFIX_PATH=${CMAKE_PREFIX_PATH}:/home/michael/Stingray2_ws/install/stingray_control:/home/michael/ros2_ws/install/ardupilot_dds_tests:/home/michael/ros2_ws/install/ardupilot_msgs:/home/michael/colcon_ws/install/ardupilot_ros:/home/michael/colcon_ws/install/ardupilot_dds_tests:/opt/ros/humble /usr/bin/cmake --build /home/michael/Stingray2_ws/build/stingray_msg -- -j8 -l8
[0.031s] -- Found ament_cmake: 1.3.8 (/opt/ros/humble/share/ament_cmake/cmake)
[0.129s] -- Found geometry_msgs: 4.2.3 (/opt/ros/humble/share/geometry_msgs/cmake)
[0.148s] -- Found rosidl_generator_c: 3.1.5 (/opt/ros/humble/share/rosidl_generator_c/cmake)
[0.150s] -- Found rosidl_adapter: 3.1.5 (/opt/ros/humble/share/rosidl_adapter/cmake)
[0.154s] -- Found rosidl_generator_cpp: 3.1.5 (/opt/ros/humble/share/rosidl_generator_cpp/cmake)
[0.162s] -- Using all available rosidl_typesupport_c: rosidl_typesupport_fastrtps_c;rosidl_typesupport_introspection_c
[0.173s] -- Using all available rosidl_typesupport_cpp: rosidl_typesupport_fastrtps_cpp;rosidl_typesupport_introspection_cpp
[0.248s] -- Found rosidl_default_generators: 1.2.0 (/opt/ros/humble/share/rosidl_default_generators/cmake)
[0.470s] -- Found ament_cmake_ros: 0.10.0 (/opt/ros/humble/share/ament_cmake_ros/cmake)
[0.780s] -- Using all available rosidl_typesupport_c: rosidl_typesupport_fastrtps_c;rosidl_typesupport_introspection_c
[0.904s] -- Using all available rosidl_typesupport_cpp: rosidl_typesupport_fastrtps_cpp;rosidl_typesupport_introspection_cpp
[0.922s] -- Found python_cmake_module: 0.10.0 (/opt/ros/humble/share/python_cmake_module/cmake)
[0.941s] -- Using PYTHON_EXECUTABLE: /usr/bin/python3
[0.941s] -- Using PYTHON_INCLUDE_DIRS: /usr/include/python3.10
[0.941s] -- Using PYTHON_LIBRARIES: /usr/lib/x86_64-linux-gnu/libpython3.10.so
[0.980s] -- Found ament_lint_auto: 0.12.10 (/opt/ros/humble/share/ament_lint_auto/cmake)
[0.985s] -- Added test 'lint_cmake' to check CMake code style
[0.986s] -- Added test 'xmllint' to check XML markup files
[0.987s] -- Configuring done
[1.007s] -- Generating done
[1.009s] -- Build files have been written to: /home/michael/Stingray2_ws/build/stingray_msg
[1.030s] [35m[1mConsolidate compiler generated dependencies of target stingray_msg__rosidl_generator_c[0m
[1.040s] [  3%] Built target stingray_msg__cpp
[1.040s] [ 12%] Built target stingray_msg__rosidl_generator_c
[1.048s] [ 12%] Built target ament_cmake_python_copy_stingray_msg
[1.051s] [35m[1mConsolidate compiler generated dependencies of target stingray_msg__rosidl_typesupport_fastrtps_cpp[0m
[1.053s] [35m[1mConsolidate compiler generated dependencies of target stingray_msg__rosidl_typesupport_introspection_cpp[0m
[1.053s] [35m[1mConsolidate compiler generated dependencies of target stingray_msg__rosidl_typesupport_fastrtps_c[0m
[1.053s] [35m[1mConsolidate compiler generated dependencies of target stingray_msg__rosidl_typesupport_cpp[0m
[1.061s] [35m[1mConsolidate compiler generated dependencies of target stingray_msg__rosidl_typesupport_introspection_c[0m
[1.061s] [35m[1mConsolidate compiler generated dependencies of target stingray_msg__rosidl_typesupport_c[0m
[1.068s] [ 22%] Built target stingray_msg__rosidl_typesupport_fastrtps_cpp
[1.070s] [ 51%] Built target stingray_msg__rosidl_typesupport_cpp
[1.070s] [ 51%] Built target stingray_msg__rosidl_typesupport_fastrtps_c
[1.070s] [ 51%] Built target stingray_msg__rosidl_typesupport_introspection_cpp
[1.074s] [ 61%] Built target stingray_msg__rosidl_typesupport_introspection_c
[1.076s] [ 70%] Built target stingray_msg__rosidl_typesupport_c
[1.095s] [ 70%] Built target stingray_msg
[1.115s] [ 74%] Built target stingray_msg__py
[1.125s] [35m[1mConsolidate compiler generated dependencies of target stingray_msg__rosidl_generator_py[0m
[1.137s] [ 80%] Built target stingray_msg__rosidl_generator_py
[1.147s] [35m[1mConsolidate compiler generated dependencies of target stingray_msg__rosidl_typesupport_c__pyext[0m
[1.147s] [35m[1mConsolidate compiler generated dependencies of target stingray_msg__rosidl_typesupport_introspection_c__pyext[0m
[1.151s] [35m[1mConsolidate compiler generated dependencies of target stingray_msg__rosidl_typesupport_fastrtps_c__pyext[0m
[1.159s] [ 87%] Built target stingray_msg__rosidl_typesupport_c__pyext
[1.163s] [ 93%] Built target stingray_msg__rosidl_typesupport_fastrtps_c__pyext
[1.164s] [100%] Built target stingray_msg__rosidl_typesupport_introspection_c__pyext
[1.289s] running egg_info
[1.290s] writing stingray_msg.egg-info/PKG-INFO
[1.290s] writing dependency_links to stingray_msg.egg-info/dependency_links.txt
[1.290s] writing top-level names to stingray_msg.egg-info/top_level.txt
[1.292s] reading manifest file 'stingray_msg.egg-info/SOURCES.txt'
[1.292s] writing manifest file 'stingray_msg.egg-info/SOURCES.txt'
[1.315s] [100%] Built target ament_cmake_python_build_stingray_msg_egg
[1.324s] Invoked command in '/home/michael/Stingray2_ws/build/stingray_msg' returned '0': CMAKE_PREFIX_PATH=${CMAKE_PREFIX_PATH}:/home/michael/Stingray2_ws/install/stingray_control:/home/michael/ros2_ws/install/ardupilot_dds_tests:/home/michael/ros2_ws/install/ardupilot_msgs:/home/michael/colcon_ws/install/ardupilot_ros:/home/michael/colcon_ws/install/ardupilot_dds_tests:/opt/ros/humble /usr/bin/cmake --build /home/michael/Stingray2_ws/build/stingray_msg -- -j8 -l8
[1.404s] Invoking command in '/home/michael/Stingray2_ws/build/stingray_msg': CMAKE_PREFIX_PATH=${CMAKE_PREFIX_PATH}:/home/michael/Stingray2_ws/install/stingray_control:/home/michael/ros2_ws/install/ardupilot_dds_tests:/home/michael/ros2_ws/install/ardupilot_msgs:/home/michael/colcon_ws/install/ardupilot_ros:/home/michael/colcon_ws/install/ardupilot_dds_tests:/opt/ros/humble /usr/bin/cmake --install /home/michael/Stingray2_ws/build/stingray_msg
[1.411s] -- Install configuration: ""
[1.411s] -- Up-to-date: /home/michael/Stingray2_ws/install/stingray_msg/share/ament_index/resource_index/rosidl_interfaces/stingray_msg
[1.411s] -- Up-to-date: /home/michael/Stingray2_ws/install/stingray_msg/include/stingray_msg/stingray_msg
[1.411s] -- Up-to-date: /home/michael/Stingray2_ws/install/stingray_msg/include/stingray_msg/stingray_msg/msg
[1.411s] -- Up-to-date: /home/michael/Stingray2_ws/install/stingray_msg/include/stingray_msg/stingray_msg/msg/detail
[1.411s] -- Up-to-date: /home/michael/Stingray2_ws/install/stingray_msg/include/stingray_msg/stingray_msg/msg/detail/stingray_control__struct.h
[1.411s] -- Up-to-date: /home/michael/Stingray2_ws/install/stingray_msg/include/stingray_msg/stingray_msg/msg/detail/stingray_control__functions.h
[1.411s] -- Up-to-date: /home/michael/Stingray2_ws/install/stingray_msg/include/stingray_msg/stingray_msg/msg/detail/stingray_control__functions.c
[1.411s] -- Up-to-date: /home/michael/Stingray2_ws/install/stingray_msg/include/stingray_msg/stingray_msg/msg/detail/stingray_control__type_support.h
[1.411s] -- Up-to-date: /home/michael/Stingray2_ws/install/stingray_msg/include/stingray_msg/stingray_msg/msg/stingray_control.h
[1.411s] -- Up-to-date: /home/michael/Stingray2_ws/install/stingray_msg/include/stingray_msg/stingray_msg/msg/rosidl_generator_c__visibility_control.h
[1.412s] -- Up-to-date: /home/michael/Stingray2_ws/install/stingray_msg/share/stingray_msg/environment/library_path.sh
[1.412s] -- Installing: /home/michael/Stingray2_ws/install/stingray_msg/share/stingray_msg/environment/library_path.dsv
[1.412s] -- Up-to-date: /home/michael/Stingray2_ws/install/stingray_msg/lib/libstingray_msg__rosidl_generator_c.so
[1.412s] -- Up-to-date: /home/michael/Stingray2_ws/install/stingray_msg/include/stingray_msg/stingray_msg
[1.412s] -- Up-to-date: /home/michael/Stingray2_ws/install/stingray_msg/include/stingray_msg/stingray_msg/msg
[1.412s] -- Up-to-date: /home/michael/Stingray2_ws/install/stingray_msg/include/stingray_msg/stingray_msg/msg/detail
[1.412s] -- Up-to-date: /home/michael/Stingray2_ws/install/stingray_msg/include/stingray_msg/stingray_msg/msg/detail/stingray_control__rosidl_typesupport_fastrtps_c.h
[1.412s] -- Up-to-date: /home/michael/Stingray2_ws/install/stingray_msg/include/stingray_msg/stingray_msg/msg/rosidl_typesupport_fastrtps_c__visibility_control.h
[1.412s] -- Up-to-date: /home/michael/Stingray2_ws/install/stingray_msg/lib/libstingray_msg__rosidl_typesupport_fastrtps_c.so
[1.412s] -- Up-to-date: /home/michael/Stingray2_ws/install/stingray_msg/include/stingray_msg/stingray_msg
[1.412s] -- Up-to-date: /home/michael/Stingray2_ws/install/stingray_msg/include/stingray_msg/stingray_msg/msg
[1.412s] -- Up-to-date: /home/michael/Stingray2_ws/install/stingray_msg/include/stingray_msg/stingray_msg/msg/detail
[1.412s] -- Up-to-date: /home/michael/Stingray2_ws/install/stingray_msg/include/stingray_msg/stingray_msg/msg/detail/stingray_control__builder.hpp
[1.412s] -- Up-to-date: /home/michael/Stingray2_ws/install/stingray_msg/include/stingray_msg/stingray_msg/msg/detail/stingray_control__traits.hpp
[1.412s] -- Up-to-date: /home/michael/Stingray2_ws/install/stingray_msg/include/stingray_msg/stingray_msg/msg/detail/stingray_control__struct.hpp
[1.413s] -- Up-to-date: /home/michael/Stingray2_ws/install/stingray_msg/include/stingray_msg/stingray_msg/msg/stingray_control.hpp
[1.413s] -- Up-to-date: /home/michael/Stingray2_ws/install/stingray_msg/include/stingray_msg/stingray_msg
[1.413s] -- Up-to-date: /home/michael/Stingray2_ws/install/stingray_msg/include/stingray_msg/stingray_msg/msg
[1.413s] -- Up-to-date: /home/michael/Stingray2_ws/install/stingray_msg/include/stingray_msg/stingray_msg/msg/detail
[1.413s] -- Up-to-date: /home/michael/Stingray2_ws/install/stingray_msg/include/stingray_msg/stingray_msg/msg/detail/dds_fastrtps
[1.413s] -- Up-to-date: /home/michael/Stingray2_ws/install/stingray_msg/include/stingray_msg/stingray_msg/msg/detail/stingray_control__rosidl_typesupport_fastrtps_cpp.hpp
[1.413s] -- Up-to-date: /home/michael/Stingray2_ws/install/stingray_msg/include/stingray_msg/stingray_msg/msg/rosidl_typesupport_fastrtps_cpp__visibility_control.h
[1.413s] -- Up-to-date: /home/michael/Stingray2_ws/install/stingray_msg/lib/libstingray_msg__rosidl_typesupport_fastrtps_cpp.so
[1.413s] -- Up-to-date: /home/michael/Stingray2_ws/install/stingray_msg/include/stingray_msg/stingray_msg
[1.413s] -- Up-to-date: /home/michael/Stingray2_ws/install/stingray_msg/include/stingray_msg/stingray_msg/msg
[1.413s] -- Up-to-date: /home/michael/Stingray2_ws/install/stingray_msg/include/stingray_msg/stingray_msg/msg/detail
[1.413s] -- Up-to-date: /home/michael/Stingray2_ws/install/stingray_msg/include/stingray_msg/stingray_msg/msg/detail/stingray_control__type_support.c
[1.413s] -- Up-to-date: /home/michael/Stingray2_ws/install/stingray_msg/include/stingray_msg/stingray_msg/msg/detail/stingray_control__rosidl_typesupport_introspection_c.h
[1.413s] -- Up-to-date: /home/michael/Stingray2_ws/install/stingray_msg/include/stingray_msg/stingray_msg/msg/rosidl_typesupport_introspection_c__visibility_control.h
[1.413s] -- Up-to-date: /home/michael/Stingray2_ws/install/stingray_msg/lib/libstingray_msg__rosidl_typesupport_introspection_c.so
[1.413s] -- Up-to-date: /home/michael/Stingray2_ws/install/stingray_msg/lib/libstingray_msg__rosidl_typesupport_c.so
[1.413s] -- Up-to-date: /home/michael/Stingray2_ws/install/stingray_msg/include/stingray_msg/stingray_msg
[1.413s] -- Up-to-date: /home/michael/Stingray2_ws/install/stingray_msg/include/stingray_msg/stingray_msg/msg
[1.414s] -- Up-to-date: /home/michael/Stingray2_ws/install/stingray_msg/include/stingray_msg/stingray_msg/msg/detail
[1.414s] -- Up-to-date: /home/michael/Stingray2_ws/install/stingray_msg/include/stingray_msg/stingray_msg/msg/detail/stingray_control__type_support.cpp
[1.414s] -- Up-to-date: /home/michael/Stingray2_ws/install/stingray_msg/include/stingray_msg/stingray_msg/msg/detail/stingray_control__rosidl_typesupport_introspection_cpp.hpp
[1.414s] -- Up-to-date: /home/michael/Stingray2_ws/install/stingray_msg/lib/libstingray_msg__rosidl_typesupport_introspection_cpp.so
[1.414s] -- Up-to-date: /home/michael/Stingray2_ws/install/stingray_msg/lib/libstingray_msg__rosidl_typesupport_cpp.so
[1.414s] -- Up-to-date: /home/michael/Stingray2_ws/install/stingray_msg/share/stingray_msg/environment/pythonpath.sh
[1.414s] -- Installing: /home/michael/Stingray2_ws/install/stingray_msg/share/stingray_msg/environment/pythonpath.dsv
[1.414s] -- Up-to-date: /home/michael/Stingray2_ws/install/stingray_msg/local/lib/python3.10/dist-packages/stingray_msg-0.0.0-py3.10.egg-info
[1.414s] -- Installing: /home/michael/Stingray2_ws/install/stingray_msg/local/lib/python3.10/dist-packages/stingray_msg-0.0.0-py3.10.egg-info/top_level.txt
[1.414s] -- Installing: /home/michael/Stingray2_ws/install/stingray_msg/local/lib/python3.10/dist-packages/stingray_msg-0.0.0-py3.10.egg-info/SOURCES.txt
[1.414s] -- Installing: /home/michael/Stingray2_ws/install/stingray_msg/local/lib/python3.10/dist-packages/stingray_msg-0.0.0-py3.10.egg-info/dependency_links.txt
[1.414s] -- Installing: /home/michael/Stingray2_ws/install/stingray_msg/local/lib/python3.10/dist-packages/stingray_msg-0.0.0-py3.10.egg-info/PKG-INFO
[1.414s] -- Up-to-date: /home/michael/Stingray2_ws/install/stingray_msg/local/lib/python3.10/dist-packages/stingray_msg
[1.414s] -- Up-to-date: /home/michael/Stingray2_ws/install/stingray_msg/local/lib/python3.10/dist-packages/stingray_msg/stingray_msg_s__rosidl_typesupport_c.cpython-310-x86_64-linux-gnu.so
[1.414s] -- Up-to-date: /home/michael/Stingray2_ws/install/stingray_msg/local/lib/python3.10/dist-packages/stingray_msg/msg
[1.414s] -- Up-to-date: /home/michael/Stingray2_ws/install/stingray_msg/local/lib/python3.10/dist-packages/stingray_msg/msg/_stingray_control.py
[1.414s] -- Up-to-date: /home/michael/Stingray2_ws/install/stingray_msg/local/lib/python3.10/dist-packages/stingray_msg/msg/__init__.py
[1.414s] -- Up-to-date: /home/michael/Stingray2_ws/install/stingray_msg/local/lib/python3.10/dist-packages/stingray_msg/msg/_stingray_control_s.c
[1.414s] -- Up-to-date: /home/michael/Stingray2_ws/install/stingray_msg/local/lib/python3.10/dist-packages/stingray_msg/libstingray_msg__rosidl_generator_py.so
[1.414s] -- Installing: /home/michael/Stingray2_ws/install/stingray_msg/local/lib/python3.10/dist-packages/stingray_msg/__init__.py
[1.414s] -- Up-to-date: /home/michael/Stingray2_ws/install/stingray_msg/local/lib/python3.10/dist-packages/stingray_msg/_stingray_msg_s.ep.rosidl_typesupport_fastrtps_c.c
[1.414s] -- Up-to-date: /home/michael/Stingray2_ws/install/stingray_msg/local/lib/python3.10/dist-packages/stingray_msg/_stingray_msg_s.ep.rosidl_typesupport_c.c
[1.414s] -- Up-to-date: /home/michael/Stingray2_ws/install/stingray_msg/local/lib/python3.10/dist-packages/stingray_msg/stingray_msg_s__rosidl_typesupport_introspection_c.cpython-310-x86_64-linux-gnu.so
[1.414s] -- Up-to-date: /home/michael/Stingray2_ws/install/stingray_msg/local/lib/python3.10/dist-packages/stingray_msg/_stingray_msg_s.ep.rosidl_typesupport_introspection_c.c
[1.415s] -- Up-to-date: /home/michael/Stingray2_ws/install/stingray_msg/local/lib/python3.10/dist-packages/stingray_msg/stingray_msg_s__rosidl_typesupport_fastrtps_c.cpython-310-x86_64-linux-gnu.so
[1.443s] Listing '/home/michael/Stingray2_ws/install/stingray_msg/local/lib/python3.10/dist-packages/stingray_msg'...
[1.443s] Compiling '/home/michael/Stingray2_ws/install/stingray_msg/local/lib/python3.10/dist-packages/stingray_msg/__init__.py'...
[1.443s] Listing '/home/michael/Stingray2_ws/install/stingray_msg/local/lib/python3.10/dist-packages/stingray_msg/msg'...
[1.447s] -- Up-to-date: /home/michael/Stingray2_ws/install/stingray_msg/local/lib/python3.10/dist-packages/stingray_msg/stingray_msg_s__rosidl_typesupport_fastrtps_c.cpython-310-x86_64-linux-gnu.so
[1.447s] -- Up-to-date: /home/michael/Stingray2_ws/install/stingray_msg/local/lib/python3.10/dist-packages/stingray_msg/stingray_msg_s__rosidl_typesupport_introspection_c.cpython-310-x86_64-linux-gnu.so
[1.447s] -- Up-to-date: /home/michael/Stingray2_ws/install/stingray_msg/local/lib/python3.10/dist-packages/stingray_msg/stingray_msg_s__rosidl_typesupport_c.cpython-310-x86_64-linux-gnu.so
[1.447s] -- Up-to-date: /home/michael/Stingray2_ws/install/stingray_msg/lib/libstingray_msg__rosidl_generator_py.so
[1.447s] -- Up-to-date: /home/michael/Stingray2_ws/install/stingray_msg/share/stingray_msg/msg/StingrayControl.idl
[1.447s] -- Up-to-date: /home/michael/Stingray2_ws/install/stingray_msg/share/stingray_msg/msg/StingrayControl.msg
[1.447s] -- Installing: /home/michael/Stingray2_ws/install/stingray_msg/share/ament_index/resource_index/package_run_dependencies/stingray_msg
[1.447s] -- Installing: /home/michael/Stingray2_ws/install/stingray_msg/share/ament_index/resource_index/parent_prefix_path/stingray_msg
[1.447s] -- Up-to-date: /home/michael/Stingray2_ws/install/stingray_msg/share/stingray_msg/environment/ament_prefix_path.sh
[1.447s] -- Installing: /home/michael/Stingray2_ws/install/stingray_msg/share/stingray_msg/environment/ament_prefix_path.dsv
[1.448s] -- Up-to-date: /home/michael/Stingray2_ws/install/stingray_msg/share/stingray_msg/environment/path.sh
[1.448s] -- Installing: /home/michael/Stingray2_ws/install/stingray_msg/share/stingray_msg/environment/path.dsv
[1.448s] -- Up-to-date: /home/michael/Stingray2_ws/install/stingray_msg/share/stingray_msg/local_setup.bash
[1.448s] -- Up-to-date: /home/michael/Stingray2_ws/install/stingray_msg/share/stingray_msg/local_setup.sh
[1.448s] -- Up-to-date: /home/michael/Stingray2_ws/install/stingray_msg/share/stingray_msg/local_setup.zsh
[1.448s] -- Installing: /home/michael/Stingray2_ws/install/stingray_msg/share/stingray_msg/local_setup.dsv
[1.448s] -- Installing: /home/michael/Stingray2_ws/install/stingray_msg/share/stingray_msg/package.dsv
[1.448s] -- Up-to-date: /home/michael/Stingray2_ws/install/stingray_msg/share/ament_index/resource_index/packages/stingray_msg
[1.448s] -- Up-to-date: /home/michael/Stingray2_ws/install/stingray_msg/share/stingray_msg/cmake/export_stingray_msg__rosidl_generator_cExport.cmake
[1.448s] -- Up-to-date: /home/michael/Stingray2_ws/install/stingray_msg/share/stingray_msg/cmake/export_stingray_msg__rosidl_generator_cExport-noconfig.cmake
[1.448s] -- Up-to-date: /home/michael/Stingray2_ws/install/stingray_msg/share/stingray_msg/cmake/export_stingray_msg__rosidl_typesupport_fastrtps_cExport.cmake
[1.448s] -- Up-to-date: /home/michael/Stingray2_ws/install/stingray_msg/share/stingray_msg/cmake/export_stingray_msg__rosidl_typesupport_fastrtps_cExport-noconfig.cmake
[1.448s] -- Up-to-date: /home/michael/Stingray2_ws/install/stingray_msg/share/stingray_msg/cmake/export_stingray_msg__rosidl_generator_cppExport.cmake
[1.448s] -- Up-to-date: /home/michael/Stingray2_ws/install/stingray_msg/share/stingray_msg/cmake/export_stingray_msg__rosidl_typesupport_fastrtps_cppExport.cmake
[1.448s] -- Up-to-date: /home/michael/Stingray2_ws/install/stingray_msg/share/stingray_msg/cmake/export_stingray_msg__rosidl_typesupport_fastrtps_cppExport-noconfig.cmake
[1.449s] -- Up-to-date: /home/michael/Stingray2_ws/install/stingray_msg/share/stingray_msg/cmake/stingray_msg__rosidl_typesupport_introspection_cExport.cmake
[1.449s] -- Up-to-date: /home/michael/Stingray2_ws/install/stingray_msg/share/stingray_msg/cmake/stingray_msg__rosidl_typesupport_introspection_cExport-noconfig.cmake
[1.449s] -- Up-to-date: /home/michael/Stingray2_ws/install/stingray_msg/share/stingray_msg/cmake/stingray_msg__rosidl_typesupport_cExport.cmake
[1.449s] -- Up-to-date: /home/michael/Stingray2_ws/install/stingray_msg/share/stingray_msg/cmake/stingray_msg__rosidl_typesupport_cExport-noconfig.cmake
[1.449s] -- Up-to-date: /home/michael/Stingray2_ws/install/stingray_msg/share/stingray_msg/cmake/stingray_msg__rosidl_typesupport_introspection_cppExport.cmake
[1.449s] -- Up-to-date: /home/michael/Stingray2_ws/install/stingray_msg/share/stingray_msg/cmake/stingray_msg__rosidl_typesupport_introspection_cppExport-noconfig.cmake
[1.449s] -- Up-to-date: /home/michael/Stingray2_ws/install/stingray_msg/share/stingray_msg/cmake/stingray_msg__rosidl_typesupport_cppExport.cmake
[1.449s] -- Up-to-date: /home/michael/Stingray2_ws/install/stingray_msg/share/stingray_msg/cmake/stingray_msg__rosidl_typesupport_cppExport-noconfig.cmake
[1.449s] -- Up-to-date: /home/michael/Stingray2_ws/install/stingray_msg/share/stingray_msg/cmake/export_stingray_msg__rosidl_generator_pyExport.cmake
[1.449s] -- Up-to-date: /home/michael/Stingray2_ws/install/stingray_msg/share/stingray_msg/cmake/export_stingray_msg__rosidl_generator_pyExport-noconfig.cmake
[1.449s] -- Up-to-date: /home/michael/Stingray2_ws/install/stingray_msg/share/stingray_msg/cmake/rosidl_cmake-extras.cmake
[1.449s] -- Up-to-date: /home/michael/Stingray2_ws/install/stingray_msg/share/stingray_msg/cmake/ament_cmake_export_dependencies-extras.cmake
[1.449s] -- Up-to-date: /home/michael/Stingray2_ws/install/stingray_msg/share/stingray_msg/cmake/ament_cmake_export_include_directories-extras.cmake
[1.449s] -- Up-to-date: /home/michael/Stingray2_ws/install/stingray_msg/share/stingray_msg/cmake/ament_cmake_export_libraries-extras.cmake
[1.449s] -- Up-to-date: /home/michael/Stingray2_ws/install/stingray_msg/share/stingray_msg/cmake/ament_cmake_export_targets-extras.cmake
[1.450s] -- Up-to-date: /home/michael/Stingray2_ws/install/stingray_msg/share/stingray_msg/cmake/rosidl_cmake_export_typesupport_targets-extras.cmake
[1.450s] -- Up-to-date: /home/michael/Stingray2_ws/install/stingray_msg/share/stingray_msg/cmake/rosidl_cmake_export_typesupport_libraries-extras.cmake
[1.450s] -- Up-to-date: /home/michael/Stingray2_ws/install/stingray_msg/share/stingray_msg/cmake/stingray_msgConfig.cmake
[1.450s] -- Up-to-date: /home/michael/Stingray2_ws/install/stingray_msg/share/stingray_msg/cmake/stingray_msgConfig-version.cmake
[1.450s] -- Installing: /home/michael/Stingray2_ws/install/stingray_msg/share/stingray_msg/package.xml
[1.451s] Invoked command in '/home/michael/Stingray2_ws/build/stingray_msg' returned '0': CMAKE_PREFIX_PATH=${CMAKE_PREFIX_PATH}:/home/michael/Stingray2_ws/install/stingray_control:/home/michael/ros2_ws/install/ardupilot_dds_tests:/home/michael/ros2_ws/install/ardupilot_msgs:/home/michael/colcon_ws/install/ardupilot_ros:/home/michael/colcon_ws/install/ardupilot_dds_tests:/opt/ros/humble /usr/bin/cmake --install /home/michael/Stingray2_ws/build/stingray_msg
