[0.021s] Invoking command in '/home/michael/Stingray2_ws/build/stingray_msg': CMAKE_PREFIX_PATH=${CMAKE_PREFIX_PATH}:/home/michael/ros2_ws/install/ardupilot_dds_tests:/home/michael/ros2_ws/install/ardupilot_msgs:/home/michael/colcon_ws/install/ardupilot_ros:/home/michael/colcon_ws/install/ardupilot_dds_tests:/opt/ros/humble /usr/bin/cmake --build /home/michael/Stingray2_ws/build/stingray_msg -- -j8 -l8
[0.237s] -- Found ament_cmake: 1.3.8 (/opt/ros/humble/share/ament_cmake/cmake)
[0.237s] -- Found geometry_msgs: 4.2.3 (/opt/ros/humble/share/geometry_msgs/cmake)
[0.237s] -- Found rosidl_generator_c: 3.1.5 (/opt/ros/humble/share/rosidl_generator_c/cmake)
[0.237s] -- Found rosidl_adapter: 3.1.5 (/opt/ros/humble/share/rosidl_adapter/cmake)
[0.237s] -- Found rosidl_generator_cpp: 3.1.5 (/opt/ros/humble/share/rosidl_generator_cpp/cmake)
[0.237s] -- Using all available rosidl_typesupport_c: rosidl_typesupport_fastrtps_c;rosidl_typesupport_introspection_c
[0.237s] -- Using all available rosidl_typesupport_cpp: rosidl_typesupport_fastrtps_cpp;rosidl_typesupport_introspection_cpp
[0.312s] -- Found rosidl_default_generators: 1.2.0 (/opt/ros/humble/share/rosidl_default_generators/cmake)
[0.553s] -- Found ament_cmake_ros: 0.10.0 (/opt/ros/humble/share/ament_cmake_ros/cmake)
[0.885s] -- Using all available rosidl_typesupport_c: rosidl_typesupport_fastrtps_c;rosidl_typesupport_introspection_c
[1.015s] -- Using all available rosidl_typesupport_cpp: rosidl_typesupport_fastrtps_cpp;rosidl_typesupport_introspection_cpp
[1.036s] -- Found python_cmake_module: 0.10.0 (/opt/ros/humble/share/python_cmake_module/cmake)
[1.058s] -- Using PYTHON_EXECUTABLE: /usr/bin/python3
[1.059s] -- Using PYTHON_INCLUDE_DIRS: /usr/include/python3.10
[1.059s] -- Using PYTHON_LIBRARIES: /usr/lib/x86_64-linux-gnu/libpython3.10.so
[1.102s] -- Found ament_lint_auto: 0.12.10 (/opt/ros/humble/share/ament_lint_auto/cmake)
[1.117s] -- Added test 'lint_cmake' to check CMake code style
[1.119s] -- Added test 'xmllint' to check XML markup files
[1.122s] -- Configuring done
[1.152s] -- Generating done
[1.154s] -- Build files have been written to: /home/michael/Stingray2_ws/build/stingray_msg
[1.175s] [35m[1mConsolidate compiler generated dependencies of target stingray_msg__rosidl_generator_c[0m
[1.184s] [  3%] Built target stingray_msg__cpp
[1.184s] [ 12%] Built target stingray_msg__rosidl_generator_c
[1.192s] [ 12%] Built target ament_cmake_python_copy_stingray_msg
[1.193s] [35m[1mConsolidate compiler generated dependencies of target stingray_msg__rosidl_typesupport_introspection_cpp[0m
[1.193s] [35m[1mConsolidate compiler generated dependencies of target stingray_msg__rosidl_typesupport_fastrtps_cpp[0m
[1.194s] [35m[1mConsolidate compiler generated dependencies of target stingray_msg__rosidl_typesupport_cpp[0m
[1.206s] [35m[1mConsolidate compiler generated dependencies of target stingray_msg__rosidl_typesupport_c[0m
[1.206s] [ 22%] Built target stingray_msg__rosidl_typesupport_introspection_cpp
[1.206s] [35m[1mConsolidate compiler generated dependencies of target stingray_msg__rosidl_typesupport_introspection_c[0m
[1.206s] [ 32%] Built target stingray_msg__rosidl_typesupport_fastrtps_cpp
[1.207s] [35m[1mConsolidate compiler generated dependencies of target stingray_msg__rosidl_typesupport_fastrtps_c[0m
[1.209s] [ 41%] Built target stingray_msg__rosidl_typesupport_cpp
[1.216s] [ 61%] Built target stingray_msg__rosidl_typesupport_c
[1.217s] [ 61%] Built target stingray_msg__rosidl_typesupport_introspection_c
[1.217s] [ 70%] Built target stingray_msg__rosidl_typesupport_fastrtps_c
[1.240s] [ 70%] Built target stingray_msg
[1.258s] [ 74%] Built target stingray_msg__py
[1.268s] [35m[1mConsolidate compiler generated dependencies of target stingray_msg__rosidl_generator_py[0m
[1.278s] [ 80%] Built target stingray_msg__rosidl_generator_py
[1.288s] [35m[1mConsolidate compiler generated dependencies of target stingray_msg__rosidl_typesupport_fastrtps_c__pyext[0m
[1.288s] [35m[1mConsolidate compiler generated dependencies of target stingray_msg__rosidl_typesupport_c__pyext[0m
[1.288s] [35m[1mConsolidate compiler generated dependencies of target stingray_msg__rosidl_typesupport_introspection_c__pyext[0m
[1.299s] [ 93%] Built target stingray_msg__rosidl_typesupport_c__pyext
[1.299s] [ 93%] Built target stingray_msg__rosidl_typesupport_fastrtps_c__pyext
[1.299s] [100%] Built target stingray_msg__rosidl_typesupport_introspection_c__pyext
[1.407s] running egg_info
[1.407s] writing stingray_msg.egg-info/PKG-INFO
[1.408s] writing dependency_links to stingray_msg.egg-info/dependency_links.txt
[1.408s] writing top-level names to stingray_msg.egg-info/top_level.txt
[1.409s] reading manifest file 'stingray_msg.egg-info/SOURCES.txt'
[1.409s] writing manifest file 'stingray_msg.egg-info/SOURCES.txt'
[1.430s] [100%] Built target ament_cmake_python_build_stingray_msg_egg
[1.440s] Invoked command in '/home/michael/Stingray2_ws/build/stingray_msg' returned '0': CMAKE_PREFIX_PATH=${CMAKE_PREFIX_PATH}:/home/michael/ros2_ws/install/ardupilot_dds_tests:/home/michael/ros2_ws/install/ardupilot_msgs:/home/michael/colcon_ws/install/ardupilot_ros:/home/michael/colcon_ws/install/ardupilot_dds_tests:/opt/ros/humble /usr/bin/cmake --build /home/michael/Stingray2_ws/build/stingray_msg -- -j8 -l8
[1.534s] Invoking command in '/home/michael/Stingray2_ws/build/stingray_msg': CMAKE_PREFIX_PATH=${CMAKE_PREFIX_PATH}:/home/michael/ros2_ws/install/ardupilot_dds_tests:/home/michael/ros2_ws/install/ardupilot_msgs:/home/michael/colcon_ws/install/ardupilot_ros:/home/michael/colcon_ws/install/ardupilot_dds_tests:/opt/ros/humble /usr/bin/cmake --install /home/michael/Stingray2_ws/build/stingray_msg
[1.540s] -- Install configuration: ""
[1.540s] -- Up-to-date: /home/michael/Stingray2_ws/install/stingray_msg/share/ament_index/resource_index/rosidl_interfaces/stingray_msg
[1.540s] -- Up-to-date: /home/michael/Stingray2_ws/install/stingray_msg/include/stingray_msg/stingray_msg
[1.540s] -- Up-to-date: /home/michael/Stingray2_ws/install/stingray_msg/include/stingray_msg/stingray_msg/msg
[1.540s] -- Up-to-date: /home/michael/Stingray2_ws/install/stingray_msg/include/stingray_msg/stingray_msg/msg/detail
[1.540s] -- Up-to-date: /home/michael/Stingray2_ws/install/stingray_msg/include/stingray_msg/stingray_msg/msg/detail/stingray_control__struct.h
[1.541s] -- Up-to-date: /home/michael/Stingray2_ws/install/stingray_msg/include/stingray_msg/stingray_msg/msg/detail/stingray_control__functions.h
[1.541s] -- Up-to-date: /home/michael/Stingray2_ws/install/stingray_msg/include/stingray_msg/stingray_msg/msg/detail/stingray_control__functions.c
[1.541s] -- Up-to-date: /home/michael/Stingray2_ws/install/stingray_msg/include/stingray_msg/stingray_msg/msg/detail/stingray_control__type_support.h
[1.541s] -- Up-to-date: /home/michael/Stingray2_ws/install/stingray_msg/include/stingray_msg/stingray_msg/msg/stingray_control.h
[1.541s] -- Up-to-date: /home/michael/Stingray2_ws/install/stingray_msg/include/stingray_msg/stingray_msg/msg/rosidl_generator_c__visibility_control.h
[1.541s] -- Up-to-date: /home/michael/Stingray2_ws/install/stingray_msg/share/stingray_msg/environment/library_path.sh
[1.541s] -- Installing: /home/michael/Stingray2_ws/install/stingray_msg/share/stingray_msg/environment/library_path.dsv
[1.543s] -- Up-to-date: /home/michael/Stingray2_ws/install/stingray_msg/lib/libstingray_msg__rosidl_generator_c.so
[1.543s] -- Up-to-date: /home/michael/Stingray2_ws/install/stingray_msg/include/stingray_msg/stingray_msg
[1.543s] -- Up-to-date: /home/michael/Stingray2_ws/install/stingray_msg/include/stingray_msg/stingray_msg/msg
[1.543s] -- Up-to-date: /home/michael/Stingray2_ws/install/stingray_msg/include/stingray_msg/stingray_msg/msg/detail
[1.543s] -- Up-to-date: /home/michael/Stingray2_ws/install/stingray_msg/include/stingray_msg/stingray_msg/msg/detail/stingray_control__rosidl_typesupport_fastrtps_c.h
[1.543s] -- Up-to-date: /home/michael/Stingray2_ws/install/stingray_msg/include/stingray_msg/stingray_msg/msg/rosidl_typesupport_fastrtps_c__visibility_control.h
[1.543s] -- Up-to-date: /home/michael/Stingray2_ws/install/stingray_msg/lib/libstingray_msg__rosidl_typesupport_fastrtps_c.so
[1.543s] -- Up-to-date: /home/michael/Stingray2_ws/install/stingray_msg/include/stingray_msg/stingray_msg
[1.543s] -- Up-to-date: /home/michael/Stingray2_ws/install/stingray_msg/include/stingray_msg/stingray_msg/msg
[1.543s] -- Up-to-date: /home/michael/Stingray2_ws/install/stingray_msg/include/stingray_msg/stingray_msg/msg/detail
[1.543s] -- Up-to-date: /home/michael/Stingray2_ws/install/stingray_msg/include/stingray_msg/stingray_msg/msg/detail/stingray_control__builder.hpp
[1.543s] -- Up-to-date: /home/michael/Stingray2_ws/install/stingray_msg/include/stingray_msg/stingray_msg/msg/detail/stingray_control__traits.hpp
[1.543s] -- Up-to-date: /home/michael/Stingray2_ws/install/stingray_msg/include/stingray_msg/stingray_msg/msg/detail/stingray_control__struct.hpp
[1.543s] -- Up-to-date: /home/michael/Stingray2_ws/install/stingray_msg/include/stingray_msg/stingray_msg/msg/stingray_control.hpp
[1.543s] -- Up-to-date: /home/michael/Stingray2_ws/install/stingray_msg/include/stingray_msg/stingray_msg
[1.543s] -- Up-to-date: /home/michael/Stingray2_ws/install/stingray_msg/include/stingray_msg/stingray_msg/msg
[1.543s] -- Up-to-date: /home/michael/Stingray2_ws/install/stingray_msg/include/stingray_msg/stingray_msg/msg/detail
[1.544s] -- Up-to-date: /home/michael/Stingray2_ws/install/stingray_msg/include/stingray_msg/stingray_msg/msg/detail/dds_fastrtps
[1.544s] -- Up-to-date: /home/michael/Stingray2_ws/install/stingray_msg/include/stingray_msg/stingray_msg/msg/detail/stingray_control__rosidl_typesupport_fastrtps_cpp.hpp
[1.544s] -- Up-to-date: /home/michael/Stingray2_ws/install/stingray_msg/include/stingray_msg/stingray_msg/msg/rosidl_typesupport_fastrtps_cpp__visibility_control.h
[1.544s] -- Up-to-date: /home/michael/Stingray2_ws/install/stingray_msg/lib/libstingray_msg__rosidl_typesupport_fastrtps_cpp.so
[1.544s] -- Up-to-date: /home/michael/Stingray2_ws/install/stingray_msg/include/stingray_msg/stingray_msg
[1.544s] -- Up-to-date: /home/michael/Stingray2_ws/install/stingray_msg/include/stingray_msg/stingray_msg/msg
[1.544s] -- Up-to-date: /home/michael/Stingray2_ws/install/stingray_msg/include/stingray_msg/stingray_msg/msg/detail
[1.544s] -- Up-to-date: /home/michael/Stingray2_ws/install/stingray_msg/include/stingray_msg/stingray_msg/msg/detail/stingray_control__type_support.c
[1.544s] -- Up-to-date: /home/michael/Stingray2_ws/install/stingray_msg/include/stingray_msg/stingray_msg/msg/detail/stingray_control__rosidl_typesupport_introspection_c.h
[1.544s] -- Up-to-date: /home/michael/Stingray2_ws/install/stingray_msg/include/stingray_msg/stingray_msg/msg/rosidl_typesupport_introspection_c__visibility_control.h
[1.544s] -- Up-to-date: /home/michael/Stingray2_ws/install/stingray_msg/lib/libstingray_msg__rosidl_typesupport_introspection_c.so
[1.544s] -- Up-to-date: /home/michael/Stingray2_ws/install/stingray_msg/lib/libstingray_msg__rosidl_typesupport_c.so
[1.544s] -- Up-to-date: /home/michael/Stingray2_ws/install/stingray_msg/include/stingray_msg/stingray_msg
[1.544s] -- Up-to-date: /home/michael/Stingray2_ws/install/stingray_msg/include/stingray_msg/stingray_msg/msg
[1.544s] -- Up-to-date: /home/michael/Stingray2_ws/install/stingray_msg/include/stingray_msg/stingray_msg/msg/detail
[1.544s] -- Up-to-date: /home/michael/Stingray2_ws/install/stingray_msg/include/stingray_msg/stingray_msg/msg/detail/stingray_control__type_support.cpp
[1.544s] -- Up-to-date: /home/michael/Stingray2_ws/install/stingray_msg/include/stingray_msg/stingray_msg/msg/detail/stingray_control__rosidl_typesupport_introspection_cpp.hpp
[1.544s] -- Up-to-date: /home/michael/Stingray2_ws/install/stingray_msg/lib/libstingray_msg__rosidl_typesupport_introspection_cpp.so
[1.545s] -- Up-to-date: /home/michael/Stingray2_ws/install/stingray_msg/lib/libstingray_msg__rosidl_typesupport_cpp.so
[1.545s] -- Up-to-date: /home/michael/Stingray2_ws/install/stingray_msg/share/stingray_msg/environment/pythonpath.sh
[1.545s] -- Installing: /home/michael/Stingray2_ws/install/stingray_msg/share/stingray_msg/environment/pythonpath.dsv
[1.545s] -- Up-to-date: /home/michael/Stingray2_ws/install/stingray_msg/local/lib/python3.10/dist-packages/stingray_msg-0.0.0-py3.10.egg-info
[1.545s] -- Installing: /home/michael/Stingray2_ws/install/stingray_msg/local/lib/python3.10/dist-packages/stingray_msg-0.0.0-py3.10.egg-info/top_level.txt
[1.545s] -- Installing: /home/michael/Stingray2_ws/install/stingray_msg/local/lib/python3.10/dist-packages/stingray_msg-0.0.0-py3.10.egg-info/SOURCES.txt
[1.545s] -- Installing: /home/michael/Stingray2_ws/install/stingray_msg/local/lib/python3.10/dist-packages/stingray_msg-0.0.0-py3.10.egg-info/dependency_links.txt
[1.545s] -- Installing: /home/michael/Stingray2_ws/install/stingray_msg/local/lib/python3.10/dist-packages/stingray_msg-0.0.0-py3.10.egg-info/PKG-INFO
[1.545s] -- Up-to-date: /home/michael/Stingray2_ws/install/stingray_msg/local/lib/python3.10/dist-packages/stingray_msg
[1.545s] -- Up-to-date: /home/michael/Stingray2_ws/install/stingray_msg/local/lib/python3.10/dist-packages/stingray_msg/stingray_msg_s__rosidl_typesupport_c.cpython-310-x86_64-linux-gnu.so
[1.545s] -- Up-to-date: /home/michael/Stingray2_ws/install/stingray_msg/local/lib/python3.10/dist-packages/stingray_msg/msg
[1.545s] -- Up-to-date: /home/michael/Stingray2_ws/install/stingray_msg/local/lib/python3.10/dist-packages/stingray_msg/msg/_stingray_control.py
[1.545s] -- Up-to-date: /home/michael/Stingray2_ws/install/stingray_msg/local/lib/python3.10/dist-packages/stingray_msg/msg/__init__.py
[1.545s] -- Up-to-date: /home/michael/Stingray2_ws/install/stingray_msg/local/lib/python3.10/dist-packages/stingray_msg/msg/_stingray_control_s.c
[1.546s] -- Up-to-date: /home/michael/Stingray2_ws/install/stingray_msg/local/lib/python3.10/dist-packages/stingray_msg/libstingray_msg__rosidl_generator_py.so
[1.546s] -- Installing: /home/michael/Stingray2_ws/install/stingray_msg/local/lib/python3.10/dist-packages/stingray_msg/__init__.py
[1.546s] -- Up-to-date: /home/michael/Stingray2_ws/install/stingray_msg/local/lib/python3.10/dist-packages/stingray_msg/_stingray_msg_s.ep.rosidl_typesupport_fastrtps_c.c
[1.546s] -- Up-to-date: /home/michael/Stingray2_ws/install/stingray_msg/local/lib/python3.10/dist-packages/stingray_msg/_stingray_msg_s.ep.rosidl_typesupport_c.c
[1.546s] -- Up-to-date: /home/michael/Stingray2_ws/install/stingray_msg/local/lib/python3.10/dist-packages/stingray_msg/stingray_msg_s__rosidl_typesupport_introspection_c.cpython-310-x86_64-linux-gnu.so
[1.546s] -- Up-to-date: /home/michael/Stingray2_ws/install/stingray_msg/local/lib/python3.10/dist-packages/stingray_msg/_stingray_msg_s.ep.rosidl_typesupport_introspection_c.c
[1.546s] -- Up-to-date: /home/michael/Stingray2_ws/install/stingray_msg/local/lib/python3.10/dist-packages/stingray_msg/stingray_msg_s__rosidl_typesupport_fastrtps_c.cpython-310-x86_64-linux-gnu.so
[1.573s] Listing '/home/michael/Stingray2_ws/install/stingray_msg/local/lib/python3.10/dist-packages/stingray_msg'...
[1.573s] Compiling '/home/michael/Stingray2_ws/install/stingray_msg/local/lib/python3.10/dist-packages/stingray_msg/__init__.py'...
[1.573s] Listing '/home/michael/Stingray2_ws/install/stingray_msg/local/lib/python3.10/dist-packages/stingray_msg/msg'...
[1.576s] -- Up-to-date: /home/michael/Stingray2_ws/install/stingray_msg/local/lib/python3.10/dist-packages/stingray_msg/stingray_msg_s__rosidl_typesupport_fastrtps_c.cpython-310-x86_64-linux-gnu.so
[1.577s] -- Up-to-date: /home/michael/Stingray2_ws/install/stingray_msg/local/lib/python3.10/dist-packages/stingray_msg/stingray_msg_s__rosidl_typesupport_introspection_c.cpython-310-x86_64-linux-gnu.so
[1.577s] -- Up-to-date: /home/michael/Stingray2_ws/install/stingray_msg/local/lib/python3.10/dist-packages/stingray_msg/stingray_msg_s__rosidl_typesupport_c.cpython-310-x86_64-linux-gnu.so
[1.577s] -- Up-to-date: /home/michael/Stingray2_ws/install/stingray_msg/lib/libstingray_msg__rosidl_generator_py.so
[1.577s] -- Up-to-date: /home/michael/Stingray2_ws/install/stingray_msg/share/stingray_msg/msg/StingrayControl.idl
[1.577s] -- Installing: /home/michael/Stingray2_ws/install/stingray_msg/share/stingray_msg/msg/StingrayControl.msg
[1.577s] -- Up-to-date: /home/michael/Stingray2_ws/install/stingray_msg/share/ament_index/resource_index/package_run_dependencies/stingray_msg
[1.577s] -- Installing: /home/michael/Stingray2_ws/install/stingray_msg/share/ament_index/resource_index/parent_prefix_path/stingray_msg
[1.577s] -- Up-to-date: /home/michael/Stingray2_ws/install/stingray_msg/share/stingray_msg/environment/ament_prefix_path.sh
[1.577s] -- Installing: /home/michael/Stingray2_ws/install/stingray_msg/share/stingray_msg/environment/ament_prefix_path.dsv
[1.578s] -- Up-to-date: /home/michael/Stingray2_ws/install/stingray_msg/share/stingray_msg/environment/path.sh
[1.578s] -- Installing: /home/michael/Stingray2_ws/install/stingray_msg/share/stingray_msg/environment/path.dsv
[1.578s] -- Up-to-date: /home/michael/Stingray2_ws/install/stingray_msg/share/stingray_msg/local_setup.bash
[1.578s] -- Up-to-date: /home/michael/Stingray2_ws/install/stingray_msg/share/stingray_msg/local_setup.sh
[1.578s] -- Up-to-date: /home/michael/Stingray2_ws/install/stingray_msg/share/stingray_msg/local_setup.zsh
[1.578s] -- Installing: /home/michael/Stingray2_ws/install/stingray_msg/share/stingray_msg/local_setup.dsv
[1.578s] -- Installing: /home/michael/Stingray2_ws/install/stingray_msg/share/stingray_msg/package.dsv
[1.578s] -- Up-to-date: /home/michael/Stingray2_ws/install/stingray_msg/share/ament_index/resource_index/packages/stingray_msg
[1.578s] -- Up-to-date: /home/michael/Stingray2_ws/install/stingray_msg/share/stingray_msg/cmake/export_stingray_msg__rosidl_generator_cExport.cmake
[1.578s] -- Up-to-date: /home/michael/Stingray2_ws/install/stingray_msg/share/stingray_msg/cmake/export_stingray_msg__rosidl_generator_cExport-noconfig.cmake
[1.578s] -- Up-to-date: /home/michael/Stingray2_ws/install/stingray_msg/share/stingray_msg/cmake/export_stingray_msg__rosidl_typesupport_fastrtps_cExport.cmake
[1.578s] -- Up-to-date: /home/michael/Stingray2_ws/install/stingray_msg/share/stingray_msg/cmake/export_stingray_msg__rosidl_typesupport_fastrtps_cExport-noconfig.cmake
[1.578s] -- Up-to-date: /home/michael/Stingray2_ws/install/stingray_msg/share/stingray_msg/cmake/export_stingray_msg__rosidl_generator_cppExport.cmake
[1.579s] -- Up-to-date: /home/michael/Stingray2_ws/install/stingray_msg/share/stingray_msg/cmake/export_stingray_msg__rosidl_typesupport_fastrtps_cppExport.cmake
[1.579s] -- Up-to-date: /home/michael/Stingray2_ws/install/stingray_msg/share/stingray_msg/cmake/export_stingray_msg__rosidl_typesupport_fastrtps_cppExport-noconfig.cmake
[1.579s] -- Up-to-date: /home/michael/Stingray2_ws/install/stingray_msg/share/stingray_msg/cmake/stingray_msg__rosidl_typesupport_introspection_cExport.cmake
[1.579s] -- Up-to-date: /home/michael/Stingray2_ws/install/stingray_msg/share/stingray_msg/cmake/stingray_msg__rosidl_typesupport_introspection_cExport-noconfig.cmake
[1.579s] -- Up-to-date: /home/michael/Stingray2_ws/install/stingray_msg/share/stingray_msg/cmake/stingray_msg__rosidl_typesupport_cExport.cmake
[1.579s] -- Up-to-date: /home/michael/Stingray2_ws/install/stingray_msg/share/stingray_msg/cmake/stingray_msg__rosidl_typesupport_cExport-noconfig.cmake
[1.579s] -- Up-to-date: /home/michael/Stingray2_ws/install/stingray_msg/share/stingray_msg/cmake/stingray_msg__rosidl_typesupport_introspection_cppExport.cmake
[1.579s] -- Up-to-date: /home/michael/Stingray2_ws/install/stingray_msg/share/stingray_msg/cmake/stingray_msg__rosidl_typesupport_introspection_cppExport-noconfig.cmake
[1.579s] -- Up-to-date: /home/michael/Stingray2_ws/install/stingray_msg/share/stingray_msg/cmake/stingray_msg__rosidl_typesupport_cppExport.cmake
[1.579s] -- Up-to-date: /home/michael/Stingray2_ws/install/stingray_msg/share/stingray_msg/cmake/stingray_msg__rosidl_typesupport_cppExport-noconfig.cmake
[1.579s] -- Up-to-date: /home/michael/Stingray2_ws/install/stingray_msg/share/stingray_msg/cmake/export_stingray_msg__rosidl_generator_pyExport.cmake
[1.579s] -- Up-to-date: /home/michael/Stingray2_ws/install/stingray_msg/share/stingray_msg/cmake/export_stingray_msg__rosidl_generator_pyExport-noconfig.cmake
[1.580s] -- Up-to-date: /home/michael/Stingray2_ws/install/stingray_msg/share/stingray_msg/cmake/rosidl_cmake-extras.cmake
[1.580s] -- Up-to-date: /home/michael/Stingray2_ws/install/stingray_msg/share/stingray_msg/cmake/ament_cmake_export_dependencies-extras.cmake
[1.580s] -- Up-to-date: /home/michael/Stingray2_ws/install/stingray_msg/share/stingray_msg/cmake/ament_cmake_export_include_directories-extras.cmake
[1.580s] -- Up-to-date: /home/michael/Stingray2_ws/install/stingray_msg/share/stingray_msg/cmake/ament_cmake_export_libraries-extras.cmake
[1.580s] -- Up-to-date: /home/michael/Stingray2_ws/install/stingray_msg/share/stingray_msg/cmake/ament_cmake_export_targets-extras.cmake
[1.580s] -- Up-to-date: /home/michael/Stingray2_ws/install/stingray_msg/share/stingray_msg/cmake/rosidl_cmake_export_typesupport_targets-extras.cmake
[1.580s] -- Up-to-date: /home/michael/Stingray2_ws/install/stingray_msg/share/stingray_msg/cmake/rosidl_cmake_export_typesupport_libraries-extras.cmake
[1.580s] -- Up-to-date: /home/michael/Stingray2_ws/install/stingray_msg/share/stingray_msg/cmake/stingray_msgConfig.cmake
[1.580s] -- Up-to-date: /home/michael/Stingray2_ws/install/stingray_msg/share/stingray_msg/cmake/stingray_msgConfig-version.cmake
[1.580s] -- Up-to-date: /home/michael/Stingray2_ws/install/stingray_msg/share/stingray_msg/package.xml
[1.581s] Invoked command in '/home/michael/Stingray2_ws/build/stingray_msg' returned '0': CMAKE_PREFIX_PATH=${CMAKE_PREFIX_PATH}:/home/michael/ros2_ws/install/ardupilot_dds_tests:/home/michael/ros2_ws/install/ardupilot_msgs:/home/michael/colcon_ws/install/ardupilot_ros:/home/michael/colcon_ws/install/ardupilot_dds_tests:/opt/ros/humble /usr/bin/cmake --install /home/michael/Stingray2_ws/build/stingray_msg
