[1.295s] Invoking command in '/home/michael/Stingray2_ws/src/stingray_simulation': PYTHONPATH=/home/michael/Stingray2_ws/build/stingray_simulation/prefix_override:/home/michael/Stingray2_ws/install/stingray_simulation/lib/python3.10/site-packages:${PYTHONPATH} /usr/bin/python3 -W ignore:setup.py install is deprecated setup.py egg_info --egg-base ../../build/stingray_simulation build --build-base /home/michael/Stingray2_ws/build/stingray_simulation/build install --record /home/michael/Stingray2_ws/build/stingray_simulation/install.log --single-version-externally-managed install_data
[1.621s] running egg_info
[1.622s] writing ../../build/stingray_simulation/stingray_simulation.egg-info/PKG-INFO
[1.624s] writing dependency_links to ../../build/stingray_simulation/stingray_simulation.egg-info/dependency_links.txt
[1.624s] writing entry points to ../../build/stingray_simulation/stingray_simulation.egg-info/entry_points.txt
[1.624s] writing requirements to ../../build/stingray_simulation/stingray_simulation.egg-info/requires.txt
[1.625s] writing top-level names to ../../build/stingray_simulation/stingray_simulation.egg-info/top_level.txt
[1.627s] reading manifest file '../../build/stingray_simulation/stingray_simulation.egg-info/SOURCES.txt'
[1.628s] writing manifest file '../../build/stingray_simulation/stingray_simulation.egg-info/SOURCES.txt'
[1.628s] running build
[1.628s] running build_py
[1.629s] running install
[1.629s] running install_lib
[1.630s] running install_data
[1.630s] running install_egg_info
[1.633s] removing '/home/michael/Stingray2_ws/install/stingray_simulation/lib/python3.10/site-packages/stingray_simulation-0.0.0-py3.10.egg-info' (and everything under it)
[1.633s] Copying ../../build/stingray_simulation/stingray_simulation.egg-info to /home/michael/Stingray2_ws/install/stingray_simulation/lib/python3.10/site-packages/stingray_simulation-0.0.0-py3.10.egg-info
[1.634s] running install_scripts
[1.657s] Installing camera_node script to /home/michael/Stingray2_ws/install/stingray_simulation/lib/stingray_simulation
[1.658s] writing list of installed files to '/home/michael/Stingray2_ws/build/stingray_simulation/install.log'
[1.693s] Invoked command in '/home/michael/Stingray2_ws/src/stingray_simulation' returned '0': PYTHONPATH=/home/michael/Stingray2_ws/build/stingray_simulation/prefix_override:/home/michael/Stingray2_ws/install/stingray_simulation/lib/python3.10/site-packages:${PYTHONPATH} /usr/bin/python3 -W ignore:setup.py install is deprecated setup.py egg_info --egg-base ../../build/stingray_simulation build --build-base /home/michael/Stingray2_ws/build/stingray_simulation/build install --record /home/michael/Stingray2_ws/build/stingray_simulation/install.log --single-version-externally-managed install_data
