running egg_info
writing ../../build/stingray_simulation/stingray_simulation.egg-info/PKG-INFO
writing dependency_links to ../../build/stingray_simulation/stingray_simulation.egg-info/dependency_links.txt
writing entry points to ../../build/stingray_simulation/stingray_simulation.egg-info/entry_points.txt
writing requirements to ../../build/stingray_simulation/stingray_simulation.egg-info/requires.txt
writing top-level names to ../../build/stingray_simulation/stingray_simulation.egg-info/top_level.txt
reading manifest file '../../build/stingray_simulation/stingray_simulation.egg-info/SOURCES.txt'
writing manifest file '../../build/stingray_simulation/stingray_simulation.egg-info/SOURCES.txt'
running build
running build_py
copying stingray_simulation/CameraNode.py -> /home/michael/Stingray2_ws/build/stingray_simulation/build/lib/stingray_simulation
running install
running install_lib
copying /home/michael/Stingray2_ws/build/stingray_simulation/build/lib/stingray_simulation/CameraNode.py -> /home/michael/Stingray2_ws/install/stingray_simulation/lib/python3.10/site-packages/stingray_simulation
byte-compiling /home/michael/Stingray2_ws/install/stingray_simulation/lib/python3.10/site-packages/stingray_simulation/CameraNode.py to CameraNode.cpython-310.pyc
running install_data
running install_egg_info
removing '/home/michael/Stingray2_ws/install/stingray_simulation/lib/python3.10/site-packages/stingray_simulation-0.0.0-py3.10.egg-info' (and everything under it)
Copying ../../build/stingray_simulation/stingray_simulation.egg-info to /home/michael/Stingray2_ws/install/stingray_simulation/lib/python3.10/site-packages/stingray_simulation-0.0.0-py3.10.egg-info
running install_scripts
Installing camera_node script to /home/michael/Stingray2_ws/install/stingray_simulation/lib/stingray_simulation
writing list of installed files to '/home/michael/Stingray2_ws/build/stingray_simulation/install.log'
