[0.956s] Invoking command in '/home/michael/Stingray2_ws/src/stingray_simulation': PYTHONPATH=/home/michael/Stingray2_ws/build/stingray_simulation/prefix_override:/home/michael/Stingray2_ws/install/stingray_simulation/lib/python3.10/site-packages:${PYTHONPATH} /usr/bin/python3 -W ignore:setup.py install is deprecated setup.py egg_info --egg-base ../../build/stingray_simulation build --build-base /home/michael/Stingray2_ws/build/stingray_simulation/build install --record /home/michael/Stingray2_ws/build/stingray_simulation/install.log --single-version-externally-managed install_data
[1.171s] running egg_info
[1.172s] writing ../../build/stingray_simulation/stingray_simulation.egg-info/PKG-INFO
[1.174s] writing dependency_links to ../../build/stingray_simulation/stingray_simulation.egg-info/dependency_links.txt
[1.174s] writing entry points to ../../build/stingray_simulation/stingray_simulation.egg-info/entry_points.txt
[1.174s] writing requirements to ../../build/stingray_simulation/stingray_simulation.egg-info/requires.txt
[1.175s] writing top-level names to ../../build/stingray_simulation/stingray_simulation.egg-info/top_level.txt
[1.176s] reading manifest file '../../build/stingray_simulation/stingray_simulation.egg-info/SOURCES.txt'
[1.177s] writing manifest file '../../build/stingray_simulation/stingray_simulation.egg-info/SOURCES.txt'
[1.177s] running build
[1.177s] running build_py
[1.177s] running install
[1.178s] running install_lib
[1.179s] running install_data
[1.179s] running install_egg_info
[1.181s] removing '/home/michael/Stingray2_ws/install/stingray_simulation/lib/python3.10/site-packages/stingray_simulation-0.0.0-py3.10.egg-info' (and everything under it)
[1.181s] Copying ../../build/stingray_simulation/stingray_simulation.egg-info to /home/michael/Stingray2_ws/install/stingray_simulation/lib/python3.10/site-packages/stingray_simulation-0.0.0-py3.10.egg-info
[1.182s] running install_scripts
[1.198s] Installing camera_node script to /home/michael/Stingray2_ws/install/stingray_simulation/lib/stingray_simulation
[1.199s] writing list of installed files to '/home/michael/Stingray2_ws/build/stingray_simulation/install.log'
[1.228s] Invoked command in '/home/michael/Stingray2_ws/src/stingray_simulation' returned '0': PYTHONPATH=/home/michael/Stingray2_ws/build/stingray_simulation/prefix_override:/home/michael/Stingray2_ws/install/stingray_simulation/lib/python3.10/site-packages:${PYTHONPATH} /usr/bin/python3 -W ignore:setup.py install is deprecated setup.py egg_info --egg-base ../../build/stingray_simulation build --build-base /home/michael/Stingray2_ws/build/stingray_simulation/build install --record /home/michael/Stingray2_ws/build/stingray_simulation/install.log --single-version-externally-managed install_data
