[1.853s] Invoking command in '/home/michael/Stingray2_ws/src/stingray_simulation': PYTHONPATH=/home/michael/Stingray2_ws/build/stingray_simulation/prefix_override:/home/michael/Stingray2_ws/install/stingray_simulation/lib/python3.10/site-packages:${PYTHONPATH} /usr/bin/python3 -W ignore:setup.py install is deprecated setup.py egg_info --egg-base ../../build/stingray_simulation build --build-base /home/michael/Stingray2_ws/build/stingray_simulation/build install --record /home/michael/Stingray2_ws/build/stingray_simulation/install.log --single-version-externally-managed install_data
[2.209s] running egg_info
[2.210s] writing ../../build/stingray_simulation/stingray_simulation.egg-info/PKG-INFO
[2.210s] writing dependency_links to ../../build/stingray_simulation/stingray_simulation.egg-info/dependency_links.txt
[2.211s] writing entry points to ../../build/stingray_simulation/stingray_simulation.egg-info/entry_points.txt
[2.211s] writing requirements to ../../build/stingray_simulation/stingray_simulation.egg-info/requires.txt
[2.215s] writing top-level names to ../../build/stingray_simulation/stingray_simulation.egg-info/top_level.txt
[2.216s] reading manifest file '../../build/stingray_simulation/stingray_simulation.egg-info/SOURCES.txt'
[2.217s] writing manifest file '../../build/stingray_simulation/stingray_simulation.egg-info/SOURCES.txt'
[2.217s] running build
[2.217s] running build_py
[2.217s] running install
[2.217s] running install_lib
[2.219s] running install_data
[2.219s] running install_egg_info
[2.222s] removing '/home/michael/Stingray2_ws/install/stingray_simulation/lib/python3.10/site-packages/stingray_simulation-0.0.0-py3.10.egg-info' (and everything under it)
[2.223s] Copying ../../build/stingray_simulation/stingray_simulation.egg-info to /home/michael/Stingray2_ws/install/stingray_simulation/lib/python3.10/site-packages/stingray_simulation-0.0.0-py3.10.egg-info
[2.224s] running install_scripts
[2.250s] Installing camera_node script to /home/michael/Stingray2_ws/install/stingray_simulation/lib/stingray_simulation
[2.250s] writing list of installed files to '/home/michael/Stingray2_ws/build/stingray_simulation/install.log'
[2.282s] Invoked command in '/home/michael/Stingray2_ws/src/stingray_simulation' returned '0': PYTHONPATH=/home/michael/Stingray2_ws/build/stingray_simulation/prefix_override:/home/michael/Stingray2_ws/install/stingray_simulation/lib/python3.10/site-packages:${PYTHONPATH} /usr/bin/python3 -W ignore:setup.py install is deprecated setup.py egg_info --egg-base ../../build/stingray_simulation build --build-base /home/michael/Stingray2_ws/build/stingray_simulation/build install --record /home/michael/Stingray2_ws/build/stingray_simulation/install.log --single-version-externally-managed install_data
