[0.021s] Invoking command in '/home/michael/Stingray2_ws/build/stingray_msg': CMAKE_PREFIX_PATH=${CMAKE_PREFIX_PATH}:/home/michael/ros2_ws/install/ardupilot_dds_tests:/home/michael/ros2_ws/install/ardupilot_msgs:/home/michael/colcon_ws/install/ardupilot_ros:/home/michael/colcon_ws/install/ardupilot_dds_tests:/opt/ros/humble /usr/bin/cmake --build /home/michael/Stingray2_ws/build/stingray_msg -- -j8 -l8
[0.243s] -- Found ament_cmake: 1.3.8 (/opt/ros/humble/share/ament_cmake/cmake)
[0.243s] -- Found geometry_msgs: 4.2.3 (/opt/ros/humble/share/geometry_msgs/cmake)
[0.243s] -- Found rosidl_generator_c: 3.1.5 (/opt/ros/humble/share/rosidl_generator_c/cmake)
[0.244s] -- Found rosidl_adapter: 3.1.5 (/opt/ros/humble/share/rosidl_adapter/cmake)
[0.244s] -- Found rosidl_generator_cpp: 3.1.5 (/opt/ros/humble/share/rosidl_generator_cpp/cmake)
[0.244s] -- Using all available rosidl_typesupport_c: rosidl_typesupport_fastrtps_c;rosidl_typesupport_introspection_c
[0.244s] -- Using all available rosidl_typesupport_cpp: rosidl_typesupport_fastrtps_cpp;rosidl_typesupport_introspection_cpp
[0.264s] -- Found rosidl_default_generators: 1.2.0 (/opt/ros/humble/share/rosidl_default_generators/cmake)
[0.494s] -- Found ament_cmake_ros: 0.10.0 (/opt/ros/humble/share/ament_cmake_ros/cmake)
[0.848s] -- Using all available rosidl_typesupport_c: rosidl_typesupport_fastrtps_c;rosidl_typesupport_introspection_c
[0.979s] -- Using all available rosidl_typesupport_cpp: rosidl_typesupport_fastrtps_cpp;rosidl_typesupport_introspection_cpp
[0.998s] -- Found python_cmake_module: 0.10.0 (/opt/ros/humble/share/python_cmake_module/cmake)
[1.018s] -- Using PYTHON_EXECUTABLE: /usr/bin/python3
[1.018s] -- Using PYTHON_INCLUDE_DIRS: /usr/include/python3.10
[1.018s] -- Using PYTHON_LIBRARIES: /usr/lib/x86_64-linux-gnu/libpython3.10.so
[1.070s] -- Found ament_lint_auto: 0.12.10 (/opt/ros/humble/share/ament_lint_auto/cmake)
[1.077s] -- Added test 'lint_cmake' to check CMake code style
[1.078s] -- Added test 'xmllint' to check XML markup files
[1.079s] -- Configuring done
[1.103s] -- Generating done
[1.106s] -- Build files have been written to: /home/michael/Stingray2_ws/build/stingray_msg
[1.129s] [  3%] [34m[1mGenerating C code for ROS interfaces[0m
[1.138s] [  6%] [34m[1mGenerating C++ code for ROS interfaces[0m
[1.146s] [  6%] Built target ament_cmake_python_copy_stingray_msg
[1.398s] running egg_info
[1.399s] writing stingray_msg.egg-info/PKG-INFO
[1.399s] writing dependency_links to stingray_msg.egg-info/dependency_links.txt
[1.399s] writing top-level names to stingray_msg.egg-info/top_level.txt
[1.401s] reading manifest file 'stingray_msg.egg-info/SOURCES.txt'
[1.402s] writing manifest file 'stingray_msg.egg-info/SOURCES.txt'
[1.433s] [  6%] Built target ament_cmake_python_build_stingray_msg_egg
[1.440s] [35m[1mConsolidate compiler generated dependencies of target stingray_msg__rosidl_generator_c[0m
[1.449s] [  6%] Built target stingray_msg__cpp
[1.450s] [  9%] [32mBuilding C object CMakeFiles/stingray_msg__rosidl_generator_c.dir/rosidl_generator_c/stingray_msg/msg/detail/stingray_control__functions.c.o[0m
[1.460s] [ 16%] [34m[1mGenerating C++ introspection for ROS interfaces[0m
[1.460s] [ 16%] [34m[1mGenerating C++ type support dispatch for ROS interfaces[0m
[1.463s] [ 19%] [34m[1mGenerating C++ type support for eProsima Fast-RTPS[0m
[1.505s] [ 22%] [32m[1mLinking C shared library libstingray_msg__rosidl_generator_c.so[0m
[1.539s] [ 22%] Built target stingray_msg__rosidl_generator_c
[1.552s] [ 25%] [34m[1mGenerating C type support dispatch for ROS interfaces[0m
[1.552s] [ 29%] [34m[1mGenerating C introspection for ROS interfaces[0m
[1.552s] [ 32%] [34m[1mGenerating C type support for eProsima Fast-RTPS[0m
[1.911s] [35m[1mConsolidate compiler generated dependencies of target stingray_msg__rosidl_typesupport_cpp[0m
[1.911s] [35m[1mConsolidate compiler generated dependencies of target stingray_msg__rosidl_typesupport_introspection_cpp[0m
[1.927s] [ 35%] [32mBuilding CXX object CMakeFiles/stingray_msg__rosidl_typesupport_introspection_cpp.dir/rosidl_typesupport_introspection_cpp/stingray_msg/msg/detail/stingray_control__type_support.cpp.o[0m
[1.929s] [ 38%] [32mBuilding CXX object CMakeFiles/stingray_msg__rosidl_typesupport_cpp.dir/rosidl_typesupport_cpp/stingray_msg/msg/stingray_control__type_support.cpp.o[0m
[2.008s] [35m[1mConsolidate compiler generated dependencies of target stingray_msg__rosidl_typesupport_fastrtps_cpp[0m
[2.022s] [ 41%] [32mBuilding CXX object CMakeFiles/stingray_msg__rosidl_typesupport_fastrtps_cpp.dir/rosidl_typesupport_fastrtps_cpp/stingray_msg/msg/detail/dds_fastrtps/stingray_control__type_support.cpp.o[0m
[2.028s] [35m[1mConsolidate compiler generated dependencies of target stingray_msg__rosidl_typesupport_fastrtps_c[0m
[2.054s] [35m[1mConsolidate compiler generated dependencies of target stingray_msg__rosidl_typesupport_c[0m
[2.061s] [ 45%] [32mBuilding CXX object CMakeFiles/stingray_msg__rosidl_typesupport_fastrtps_c.dir/rosidl_typesupport_fastrtps_c/stingray_msg/msg/detail/stingray_control__type_support_c.cpp.o[0m
[2.071s] [ 48%] [32mBuilding CXX object CMakeFiles/stingray_msg__rosidl_typesupport_c.dir/rosidl_typesupport_c/stingray_msg/msg/stingray_control__type_support.cpp.o[0m
[2.079s] [35m[1mConsolidate compiler generated dependencies of target stingray_msg__rosidl_typesupport_introspection_c[0m
[2.105s] [ 51%] [32mBuilding C object CMakeFiles/stingray_msg__rosidl_typesupport_introspection_c.dir/rosidl_typesupport_introspection_c/stingray_msg/msg/detail/stingray_control__type_support.c.o[0m
[2.135s] [ 54%] [32m[1mLinking CXX shared library libstingray_msg__rosidl_typesupport_c.so[0m
[2.174s] [ 58%] [32m[1mLinking C shared library libstingray_msg__rosidl_typesupport_introspection_c.so[0m
[2.199s] [ 58%] Built target stingray_msg__rosidl_typesupport_c
[2.223s] [ 58%] Built target stingray_msg__rosidl_typesupport_introspection_c
[2.323s] [ 61%] [32m[1mLinking CXX shared library libstingray_msg__rosidl_typesupport_cpp.so[0m
[2.325s] [ 64%] [32m[1mLinking CXX shared library libstingray_msg__rosidl_typesupport_introspection_cpp.so[0m
[2.366s] [ 64%] Built target stingray_msg__rosidl_typesupport_introspection_cpp
[2.375s] [ 64%] Built target stingray_msg__rosidl_typesupport_cpp
[2.424s] [ 67%] [32m[1mLinking CXX shared library libstingray_msg__rosidl_typesupport_fastrtps_c.so[0m
[2.444s] [ 70%] [32m[1mLinking CXX shared library libstingray_msg__rosidl_typesupport_fastrtps_cpp.so[0m
[2.494s] [ 70%] Built target stingray_msg__rosidl_typesupport_fastrtps_c
[2.513s] [ 70%] Built target stingray_msg__rosidl_typesupport_fastrtps_cpp
[2.530s] [ 70%] Built target stingray_msg
[2.549s] [ 74%] [34m[1mGenerating Python code for ROS interfaces[0m
[2.974s] [ 74%] Built target stingray_msg__py
[2.983s] [35m[1mConsolidate compiler generated dependencies of target stingray_msg__rosidl_generator_py[0m
[2.994s] [ 77%] [32mBuilding C object CMakeFiles/stingray_msg__rosidl_generator_py.dir/rosidl_generator_py/stingray_msg/msg/_stingray_control_s.c.o[0m
[3.118s] [ 80%] [32m[1mLinking C shared library rosidl_generator_py/stingray_msg/libstingray_msg__rosidl_generator_py.so[0m
[3.155s] [ 80%] Built target stingray_msg__rosidl_generator_py
[3.164s] [35m[1mConsolidate compiler generated dependencies of target stingray_msg__rosidl_typesupport_c__pyext[0m
[3.164s] [35m[1mConsolidate compiler generated dependencies of target stingray_msg__rosidl_typesupport_fastrtps_c__pyext[0m
[3.164s] [35m[1mConsolidate compiler generated dependencies of target stingray_msg__rosidl_typesupport_introspection_c__pyext[0m
[3.175s] [ 83%] [32mBuilding C object CMakeFiles/stingray_msg__rosidl_typesupport_c__pyext.dir/rosidl_generator_py/stingray_msg/_stingray_msg_s.ep.rosidl_typesupport_c.c.o[0m
[3.176s] [ 87%] [32mBuilding C object CMakeFiles/stingray_msg__rosidl_typesupport_fastrtps_c__pyext.dir/rosidl_generator_py/stingray_msg/_stingray_msg_s.ep.rosidl_typesupport_fastrtps_c.c.o[0m
[3.179s] [ 90%] [32mBuilding C object CMakeFiles/stingray_msg__rosidl_typesupport_introspection_c__pyext.dir/rosidl_generator_py/stingray_msg/_stingray_msg_s.ep.rosidl_typesupport_introspection_c.c.o[0m
[3.304s] [ 93%] [32m[1mLinking C shared library rosidl_generator_py/stingray_msg/stingray_msg_s__rosidl_typesupport_fastrtps_c.cpython-310-x86_64-linux-gnu.so[0m
[3.311s] [ 96%] [32m[1mLinking C shared library rosidl_generator_py/stingray_msg/stingray_msg_s__rosidl_typesupport_introspection_c.cpython-310-x86_64-linux-gnu.so[0m
[3.340s] [ 96%] Built target stingray_msg__rosidl_typesupport_fastrtps_c__pyext
[3.346s] [ 96%] Built target stingray_msg__rosidl_typesupport_introspection_c__pyext
[3.377s] [100%] [32m[1mLinking C shared library rosidl_generator_py/stingray_msg/stingray_msg_s__rosidl_typesupport_c.cpython-310-x86_64-linux-gnu.so[0m
[3.412s] [100%] Built target stingray_msg__rosidl_typesupport_c__pyext
[3.421s] Invoked command in '/home/michael/Stingray2_ws/build/stingray_msg' returned '0': CMAKE_PREFIX_PATH=${CMAKE_PREFIX_PATH}:/home/michael/ros2_ws/install/ardupilot_dds_tests:/home/michael/ros2_ws/install/ardupilot_msgs:/home/michael/colcon_ws/install/ardupilot_ros:/home/michael/colcon_ws/install/ardupilot_dds_tests:/opt/ros/humble /usr/bin/cmake --build /home/michael/Stingray2_ws/build/stingray_msg -- -j8 -l8
[3.494s] Invoking command in '/home/michael/Stingray2_ws/build/stingray_msg': CMAKE_PREFIX_PATH=${CMAKE_PREFIX_PATH}:/home/michael/ros2_ws/install/ardupilot_dds_tests:/home/michael/ros2_ws/install/ardupilot_msgs:/home/michael/colcon_ws/install/ardupilot_ros:/home/michael/colcon_ws/install/ardupilot_dds_tests:/opt/ros/humble /usr/bin/cmake --install /home/michael/Stingray2_ws/build/stingray_msg
[3.501s] -- Install configuration: ""
[3.501s] -- Up-to-date: /home/michael/Stingray2_ws/install/stingray_msg/share/ament_index/resource_index/rosidl_interfaces/stingray_msg
[3.501s] -- Up-to-date: /home/michael/Stingray2_ws/install/stingray_msg/include/stingray_msg/stingray_msg
[3.501s] -- Up-to-date: /home/michael/Stingray2_ws/install/stingray_msg/include/stingray_msg/stingray_msg/msg
[3.501s] -- Up-to-date: /home/michael/Stingray2_ws/install/stingray_msg/include/stingray_msg/stingray_msg/msg/detail
[3.501s] -- Installing: /home/michael/Stingray2_ws/install/stingray_msg/include/stingray_msg/stingray_msg/msg/detail/stingray_control__struct.h
[3.501s] -- Installing: /home/michael/Stingray2_ws/install/stingray_msg/include/stingray_msg/stingray_msg/msg/detail/stingray_control__functions.h
[3.501s] -- Installing: /home/michael/Stingray2_ws/install/stingray_msg/include/stingray_msg/stingray_msg/msg/detail/stingray_control__functions.c
[3.501s] -- Installing: /home/michael/Stingray2_ws/install/stingray_msg/include/stingray_msg/stingray_msg/msg/detail/stingray_control__type_support.h
[3.501s] -- Installing: /home/michael/Stingray2_ws/install/stingray_msg/include/stingray_msg/stingray_msg/msg/stingray_control.h
[3.501s] -- Up-to-date: /home/michael/Stingray2_ws/install/stingray_msg/include/stingray_msg/stingray_msg/msg/rosidl_generator_c__visibility_control.h
[3.501s] -- Up-to-date: /home/michael/Stingray2_ws/install/stingray_msg/share/stingray_msg/environment/library_path.sh
[3.501s] -- Installing: /home/michael/Stingray2_ws/install/stingray_msg/share/stingray_msg/environment/library_path.dsv
[3.502s] -- Installing: /home/michael/Stingray2_ws/install/stingray_msg/lib/libstingray_msg__rosidl_generator_c.so
[3.502s] -- Set runtime path of "/home/michael/Stingray2_ws/install/stingray_msg/lib/libstingray_msg__rosidl_generator_c.so" to ""
[3.502s] -- Up-to-date: /home/michael/Stingray2_ws/install/stingray_msg/include/stingray_msg/stingray_msg
[3.502s] -- Up-to-date: /home/michael/Stingray2_ws/install/stingray_msg/include/stingray_msg/stingray_msg/msg
[3.502s] -- Up-to-date: /home/michael/Stingray2_ws/install/stingray_msg/include/stingray_msg/stingray_msg/msg/detail
[3.502s] -- Installing: /home/michael/Stingray2_ws/install/stingray_msg/include/stingray_msg/stingray_msg/msg/detail/stingray_control__rosidl_typesupport_fastrtps_c.h
[3.502s] -- Up-to-date: /home/michael/Stingray2_ws/install/stingray_msg/include/stingray_msg/stingray_msg/msg/rosidl_typesupport_fastrtps_c__visibility_control.h
[3.502s] -- Installing: /home/michael/Stingray2_ws/install/stingray_msg/lib/libstingray_msg__rosidl_typesupport_fastrtps_c.so
[3.502s] -- Set runtime path of "/home/michael/Stingray2_ws/install/stingray_msg/lib/libstingray_msg__rosidl_typesupport_fastrtps_c.so" to ""
[3.502s] -- Up-to-date: /home/michael/Stingray2_ws/install/stingray_msg/include/stingray_msg/stingray_msg
[3.502s] -- Up-to-date: /home/michael/Stingray2_ws/install/stingray_msg/include/stingray_msg/stingray_msg/msg
[3.502s] -- Up-to-date: /home/michael/Stingray2_ws/install/stingray_msg/include/stingray_msg/stingray_msg/msg/detail
[3.502s] -- Installing: /home/michael/Stingray2_ws/install/stingray_msg/include/stingray_msg/stingray_msg/msg/detail/stingray_control__builder.hpp
[3.502s] -- Installing: /home/michael/Stingray2_ws/install/stingray_msg/include/stingray_msg/stingray_msg/msg/detail/stingray_control__traits.hpp
[3.502s] -- Installing: /home/michael/Stingray2_ws/install/stingray_msg/include/stingray_msg/stingray_msg/msg/detail/stingray_control__struct.hpp
[3.502s] -- Installing: /home/michael/Stingray2_ws/install/stingray_msg/include/stingray_msg/stingray_msg/msg/stingray_control.hpp
[3.503s] -- Up-to-date: /home/michael/Stingray2_ws/install/stingray_msg/include/stingray_msg/stingray_msg
[3.503s] -- Up-to-date: /home/michael/Stingray2_ws/install/stingray_msg/include/stingray_msg/stingray_msg/msg
[3.503s] -- Up-to-date: /home/michael/Stingray2_ws/install/stingray_msg/include/stingray_msg/stingray_msg/msg/detail
[3.503s] -- Up-to-date: /home/michael/Stingray2_ws/install/stingray_msg/include/stingray_msg/stingray_msg/msg/detail/dds_fastrtps
[3.503s] -- Installing: /home/michael/Stingray2_ws/install/stingray_msg/include/stingray_msg/stingray_msg/msg/detail/stingray_control__rosidl_typesupport_fastrtps_cpp.hpp
[3.503s] -- Up-to-date: /home/michael/Stingray2_ws/install/stingray_msg/include/stingray_msg/stingray_msg/msg/rosidl_typesupport_fastrtps_cpp__visibility_control.h
[3.503s] -- Installing: /home/michael/Stingray2_ws/install/stingray_msg/lib/libstingray_msg__rosidl_typesupport_fastrtps_cpp.so
[3.503s] -- Set runtime path of "/home/michael/Stingray2_ws/install/stingray_msg/lib/libstingray_msg__rosidl_typesupport_fastrtps_cpp.so" to ""
[3.503s] -- Up-to-date: /home/michael/Stingray2_ws/install/stingray_msg/include/stingray_msg/stingray_msg
[3.503s] -- Up-to-date: /home/michael/Stingray2_ws/install/stingray_msg/include/stingray_msg/stingray_msg/msg
[3.503s] -- Up-to-date: /home/michael/Stingray2_ws/install/stingray_msg/include/stingray_msg/stingray_msg/msg/detail
[3.503s] -- Installing: /home/michael/Stingray2_ws/install/stingray_msg/include/stingray_msg/stingray_msg/msg/detail/stingray_control__type_support.c
[3.503s] -- Installing: /home/michael/Stingray2_ws/install/stingray_msg/include/stingray_msg/stingray_msg/msg/detail/stingray_control__rosidl_typesupport_introspection_c.h
[3.503s] -- Up-to-date: /home/michael/Stingray2_ws/install/stingray_msg/include/stingray_msg/stingray_msg/msg/rosidl_typesupport_introspection_c__visibility_control.h
[3.504s] -- Installing: /home/michael/Stingray2_ws/install/stingray_msg/lib/libstingray_msg__rosidl_typesupport_introspection_c.so
[3.504s] -- Set runtime path of "/home/michael/Stingray2_ws/install/stingray_msg/lib/libstingray_msg__rosidl_typesupport_introspection_c.so" to ""
[3.504s] -- Installing: /home/michael/Stingray2_ws/install/stingray_msg/lib/libstingray_msg__rosidl_typesupport_c.so
[3.504s] -- Set runtime path of "/home/michael/Stingray2_ws/install/stingray_msg/lib/libstingray_msg__rosidl_typesupport_c.so" to ""
[3.504s] -- Up-to-date: /home/michael/Stingray2_ws/install/stingray_msg/include/stingray_msg/stingray_msg
[3.504s] -- Up-to-date: /home/michael/Stingray2_ws/install/stingray_msg/include/stingray_msg/stingray_msg/msg
[3.504s] -- Up-to-date: /home/michael/Stingray2_ws/install/stingray_msg/include/stingray_msg/stingray_msg/msg/detail
[3.504s] -- Installing: /home/michael/Stingray2_ws/install/stingray_msg/include/stingray_msg/stingray_msg/msg/detail/stingray_control__type_support.cpp
[3.504s] -- Installing: /home/michael/Stingray2_ws/install/stingray_msg/include/stingray_msg/stingray_msg/msg/detail/stingray_control__rosidl_typesupport_introspection_cpp.hpp
[3.504s] -- Installing: /home/michael/Stingray2_ws/install/stingray_msg/lib/libstingray_msg__rosidl_typesupport_introspection_cpp.so
[3.504s] -- Set runtime path of "/home/michael/Stingray2_ws/install/stingray_msg/lib/libstingray_msg__rosidl_typesupport_introspection_cpp.so" to ""
[3.504s] -- Installing: /home/michael/Stingray2_ws/install/stingray_msg/lib/libstingray_msg__rosidl_typesupport_cpp.so
[3.505s] -- Set runtime path of "/home/michael/Stingray2_ws/install/stingray_msg/lib/libstingray_msg__rosidl_typesupport_cpp.so" to ""
[3.505s] -- Up-to-date: /home/michael/Stingray2_ws/install/stingray_msg/share/stingray_msg/environment/pythonpath.sh
[3.505s] -- Installing: /home/michael/Stingray2_ws/install/stingray_msg/share/stingray_msg/environment/pythonpath.dsv
[3.505s] -- Up-to-date: /home/michael/Stingray2_ws/install/stingray_msg/local/lib/python3.10/dist-packages/stingray_msg-0.0.0-py3.10.egg-info
[3.505s] -- Installing: /home/michael/Stingray2_ws/install/stingray_msg/local/lib/python3.10/dist-packages/stingray_msg-0.0.0-py3.10.egg-info/top_level.txt
[3.505s] -- Installing: /home/michael/Stingray2_ws/install/stingray_msg/local/lib/python3.10/dist-packages/stingray_msg-0.0.0-py3.10.egg-info/SOURCES.txt
[3.505s] -- Installing: /home/michael/Stingray2_ws/install/stingray_msg/local/lib/python3.10/dist-packages/stingray_msg-0.0.0-py3.10.egg-info/dependency_links.txt
[3.505s] -- Installing: /home/michael/Stingray2_ws/install/stingray_msg/local/lib/python3.10/dist-packages/stingray_msg-0.0.0-py3.10.egg-info/PKG-INFO
[3.505s] -- Up-to-date: /home/michael/Stingray2_ws/install/stingray_msg/local/lib/python3.10/dist-packages/stingray_msg
[3.505s] -- Installing: /home/michael/Stingray2_ws/install/stingray_msg/local/lib/python3.10/dist-packages/stingray_msg/stingray_msg_s__rosidl_typesupport_c.cpython-310-x86_64-linux-gnu.so
[3.505s] -- Up-to-date: /home/michael/Stingray2_ws/install/stingray_msg/local/lib/python3.10/dist-packages/stingray_msg/msg
[3.505s] -- Installing: /home/michael/Stingray2_ws/install/stingray_msg/local/lib/python3.10/dist-packages/stingray_msg/msg/_stingray_control.py
[3.505s] -- Installing: /home/michael/Stingray2_ws/install/stingray_msg/local/lib/python3.10/dist-packages/stingray_msg/msg/__init__.py
[3.505s] -- Installing: /home/michael/Stingray2_ws/install/stingray_msg/local/lib/python3.10/dist-packages/stingray_msg/msg/_stingray_control_s.c
[3.505s] -- Installing: /home/michael/Stingray2_ws/install/stingray_msg/local/lib/python3.10/dist-packages/stingray_msg/libstingray_msg__rosidl_generator_py.so
[3.505s] -- Installing: /home/michael/Stingray2_ws/install/stingray_msg/local/lib/python3.10/dist-packages/stingray_msg/__init__.py
[3.506s] -- Installing: /home/michael/Stingray2_ws/install/stingray_msg/local/lib/python3.10/dist-packages/stingray_msg/_stingray_msg_s.ep.rosidl_typesupport_fastrtps_c.c
[3.506s] -- Installing: /home/michael/Stingray2_ws/install/stingray_msg/local/lib/python3.10/dist-packages/stingray_msg/_stingray_msg_s.ep.rosidl_typesupport_c.c
[3.506s] -- Installing: /home/michael/Stingray2_ws/install/stingray_msg/local/lib/python3.10/dist-packages/stingray_msg/stingray_msg_s__rosidl_typesupport_introspection_c.cpython-310-x86_64-linux-gnu.so
[3.506s] -- Installing: /home/michael/Stingray2_ws/install/stingray_msg/local/lib/python3.10/dist-packages/stingray_msg/_stingray_msg_s.ep.rosidl_typesupport_introspection_c.c
[3.506s] -- Installing: /home/michael/Stingray2_ws/install/stingray_msg/local/lib/python3.10/dist-packages/stingray_msg/stingray_msg_s__rosidl_typesupport_fastrtps_c.cpython-310-x86_64-linux-gnu.so
[3.537s] Listing '/home/michael/Stingray2_ws/install/stingray_msg/local/lib/python3.10/dist-packages/stingray_msg'...
[3.537s] Compiling '/home/michael/Stingray2_ws/install/stingray_msg/local/lib/python3.10/dist-packages/stingray_msg/__init__.py'...
[3.537s] Listing '/home/michael/Stingray2_ws/install/stingray_msg/local/lib/python3.10/dist-packages/stingray_msg/msg'...
[3.537s] Compiling '/home/michael/Stingray2_ws/install/stingray_msg/local/lib/python3.10/dist-packages/stingray_msg/msg/__init__.py'...
[3.537s] Compiling '/home/michael/Stingray2_ws/install/stingray_msg/local/lib/python3.10/dist-packages/stingray_msg/msg/_stingray_control.py'...
[3.541s] -- Installing: /home/michael/Stingray2_ws/install/stingray_msg/local/lib/python3.10/dist-packages/stingray_msg/stingray_msg_s__rosidl_typesupport_fastrtps_c.cpython-310-x86_64-linux-gnu.so
[3.541s] -- Set runtime path of "/home/michael/Stingray2_ws/install/stingray_msg/local/lib/python3.10/dist-packages/stingray_msg/stingray_msg_s__rosidl_typesupport_fastrtps_c.cpython-310-x86_64-linux-gnu.so" to ""
[3.541s] -- Installing: /home/michael/Stingray2_ws/install/stingray_msg/local/lib/python3.10/dist-packages/stingray_msg/stingray_msg_s__rosidl_typesupport_introspection_c.cpython-310-x86_64-linux-gnu.so
[3.542s] -- Set runtime path of "/home/michael/Stingray2_ws/install/stingray_msg/local/lib/python3.10/dist-packages/stingray_msg/stingray_msg_s__rosidl_typesupport_introspection_c.cpython-310-x86_64-linux-gnu.so" to ""
[3.542s] -- Installing: /home/michael/Stingray2_ws/install/stingray_msg/local/lib/python3.10/dist-packages/stingray_msg/stingray_msg_s__rosidl_typesupport_c.cpython-310-x86_64-linux-gnu.so
[3.542s] -- Set runtime path of "/home/michael/Stingray2_ws/install/stingray_msg/local/lib/python3.10/dist-packages/stingray_msg/stingray_msg_s__rosidl_typesupport_c.cpython-310-x86_64-linux-gnu.so" to ""
[3.542s] -- Installing: /home/michael/Stingray2_ws/install/stingray_msg/lib/libstingray_msg__rosidl_generator_py.so
[3.542s] -- Set runtime path of "/home/michael/Stingray2_ws/install/stingray_msg/lib/libstingray_msg__rosidl_generator_py.so" to ""
[3.542s] -- Installing: /home/michael/Stingray2_ws/install/stingray_msg/share/stingray_msg/msg/StingrayControl.idl
[3.542s] -- Installing: /home/michael/Stingray2_ws/install/stingray_msg/share/stingray_msg/msg/StingrayControl.msg
[3.542s] -- Up-to-date: /home/michael/Stingray2_ws/install/stingray_msg/share/ament_index/resource_index/package_run_dependencies/stingray_msg
[3.542s] -- Up-to-date: /home/michael/Stingray2_ws/install/stingray_msg/share/ament_index/resource_index/parent_prefix_path/stingray_msg
[3.543s] -- Up-to-date: /home/michael/Stingray2_ws/install/stingray_msg/share/stingray_msg/environment/ament_prefix_path.sh
[3.543s] -- Installing: /home/michael/Stingray2_ws/install/stingray_msg/share/stingray_msg/environment/ament_prefix_path.dsv
[3.543s] -- Up-to-date: /home/michael/Stingray2_ws/install/stingray_msg/share/stingray_msg/environment/path.sh
[3.543s] -- Installing: /home/michael/Stingray2_ws/install/stingray_msg/share/stingray_msg/environment/path.dsv
[3.543s] -- Up-to-date: /home/michael/Stingray2_ws/install/stingray_msg/share/stingray_msg/local_setup.bash
[3.543s] -- Up-to-date: /home/michael/Stingray2_ws/install/stingray_msg/share/stingray_msg/local_setup.sh
[3.543s] -- Up-to-date: /home/michael/Stingray2_ws/install/stingray_msg/share/stingray_msg/local_setup.zsh
[3.543s] -- Installing: /home/michael/Stingray2_ws/install/stingray_msg/share/stingray_msg/local_setup.dsv
[3.543s] -- Installing: /home/michael/Stingray2_ws/install/stingray_msg/share/stingray_msg/package.dsv
[3.543s] -- Up-to-date: /home/michael/Stingray2_ws/install/stingray_msg/share/ament_index/resource_index/packages/stingray_msg
[3.543s] -- Up-to-date: /home/michael/Stingray2_ws/install/stingray_msg/share/stingray_msg/cmake/export_stingray_msg__rosidl_generator_cExport.cmake
[3.543s] -- Up-to-date: /home/michael/Stingray2_ws/install/stingray_msg/share/stingray_msg/cmake/export_stingray_msg__rosidl_generator_cExport-noconfig.cmake
[3.543s] -- Up-to-date: /home/michael/Stingray2_ws/install/stingray_msg/share/stingray_msg/cmake/export_stingray_msg__rosidl_typesupport_fastrtps_cExport.cmake
[3.543s] -- Up-to-date: /home/michael/Stingray2_ws/install/stingray_msg/share/stingray_msg/cmake/export_stingray_msg__rosidl_typesupport_fastrtps_cExport-noconfig.cmake
[3.543s] -- Up-to-date: /home/michael/Stingray2_ws/install/stingray_msg/share/stingray_msg/cmake/export_stingray_msg__rosidl_generator_cppExport.cmake
[3.543s] -- Up-to-date: /home/michael/Stingray2_ws/install/stingray_msg/share/stingray_msg/cmake/export_stingray_msg__rosidl_typesupport_fastrtps_cppExport.cmake
[3.543s] -- Up-to-date: /home/michael/Stingray2_ws/install/stingray_msg/share/stingray_msg/cmake/export_stingray_msg__rosidl_typesupport_fastrtps_cppExport-noconfig.cmake
[3.544s] -- Up-to-date: /home/michael/Stingray2_ws/install/stingray_msg/share/stingray_msg/cmake/stingray_msg__rosidl_typesupport_introspection_cExport.cmake
[3.544s] -- Up-to-date: /home/michael/Stingray2_ws/install/stingray_msg/share/stingray_msg/cmake/stingray_msg__rosidl_typesupport_introspection_cExport-noconfig.cmake
[3.544s] -- Up-to-date: /home/michael/Stingray2_ws/install/stingray_msg/share/stingray_msg/cmake/stingray_msg__rosidl_typesupport_cExport.cmake
[3.544s] -- Up-to-date: /home/michael/Stingray2_ws/install/stingray_msg/share/stingray_msg/cmake/stingray_msg__rosidl_typesupport_cExport-noconfig.cmake
[3.544s] -- Up-to-date: /home/michael/Stingray2_ws/install/stingray_msg/share/stingray_msg/cmake/stingray_msg__rosidl_typesupport_introspection_cppExport.cmake
[3.544s] -- Up-to-date: /home/michael/Stingray2_ws/install/stingray_msg/share/stingray_msg/cmake/stingray_msg__rosidl_typesupport_introspection_cppExport-noconfig.cmake
[3.544s] -- Up-to-date: /home/michael/Stingray2_ws/install/stingray_msg/share/stingray_msg/cmake/stingray_msg__rosidl_typesupport_cppExport.cmake
[3.544s] -- Up-to-date: /home/michael/Stingray2_ws/install/stingray_msg/share/stingray_msg/cmake/stingray_msg__rosidl_typesupport_cppExport-noconfig.cmake
[3.544s] -- Up-to-date: /home/michael/Stingray2_ws/install/stingray_msg/share/stingray_msg/cmake/export_stingray_msg__rosidl_generator_pyExport.cmake
[3.544s] -- Up-to-date: /home/michael/Stingray2_ws/install/stingray_msg/share/stingray_msg/cmake/export_stingray_msg__rosidl_generator_pyExport-noconfig.cmake
[3.544s] -- Up-to-date: /home/michael/Stingray2_ws/install/stingray_msg/share/stingray_msg/cmake/rosidl_cmake-extras.cmake
[3.544s] -- Up-to-date: /home/michael/Stingray2_ws/install/stingray_msg/share/stingray_msg/cmake/ament_cmake_export_dependencies-extras.cmake
[3.544s] -- Up-to-date: /home/michael/Stingray2_ws/install/stingray_msg/share/stingray_msg/cmake/ament_cmake_export_include_directories-extras.cmake
[3.544s] -- Up-to-date: /home/michael/Stingray2_ws/install/stingray_msg/share/stingray_msg/cmake/ament_cmake_export_libraries-extras.cmake
[3.544s] -- Up-to-date: /home/michael/Stingray2_ws/install/stingray_msg/share/stingray_msg/cmake/ament_cmake_export_targets-extras.cmake
[3.544s] -- Up-to-date: /home/michael/Stingray2_ws/install/stingray_msg/share/stingray_msg/cmake/rosidl_cmake_export_typesupport_targets-extras.cmake
[3.544s] -- Up-to-date: /home/michael/Stingray2_ws/install/stingray_msg/share/stingray_msg/cmake/rosidl_cmake_export_typesupport_libraries-extras.cmake
[3.544s] -- Up-to-date: /home/michael/Stingray2_ws/install/stingray_msg/share/stingray_msg/cmake/stingray_msgConfig.cmake
[3.544s] -- Up-to-date: /home/michael/Stingray2_ws/install/stingray_msg/share/stingray_msg/cmake/stingray_msgConfig-version.cmake
[3.544s] -- Up-to-date: /home/michael/Stingray2_ws/install/stingray_msg/share/stingray_msg/package.xml
[3.546s] Invoked command in '/home/michael/Stingray2_ws/build/stingray_msg' returned '0': CMAKE_PREFIX_PATH=${CMAKE_PREFIX_PATH}:/home/michael/ros2_ws/install/ardupilot_dds_tests:/home/michael/ros2_ws/install/ardupilot_msgs:/home/michael/colcon_ws/install/ardupilot_ros:/home/michael/colcon_ws/install/ardupilot_dds_tests:/opt/ros/humble /usr/bin/cmake --install /home/michael/Stingray2_ws/build/stingray_msg
