[0.957s] Invoking command in '/home/michael/Stingray2_ws/src/stingray_interface': PYTHONPATH=/home/michael/Stingray2_ws/build/stingray_interface/prefix_override:/home/michael/Stingray2_ws/install/stingray_interface/lib/python3.10/site-packages:${PYTHONPATH} /usr/bin/python3 -W ignore:setup.py install is deprecated setup.py egg_info --egg-base ../../build/stingray_interface build --build-base /home/michael/Stingray2_ws/build/stingray_interface/build install --record /home/michael/Stingray2_ws/build/stingray_interface/install.log --single-version-externally-managed install_data
[1.187s] running egg_info
[1.188s] writing ../../build/stingray_interface/stingray_interface.egg-info/PKG-INFO
[1.188s] writing dependency_links to ../../build/stingray_interface/stingray_interface.egg-info/dependency_links.txt
[1.188s] writing entry points to ../../build/stingray_interface/stingray_interface.egg-info/entry_points.txt
[1.188s] writing requirements to ../../build/stingray_interface/stingray_interface.egg-info/requires.txt
[1.189s] writing top-level names to ../../build/stingray_interface/stingray_interface.egg-info/top_level.txt
[1.189s] reading manifest file '../../build/stingray_interface/stingray_interface.egg-info/SOURCES.txt'
[1.190s] writing manifest file '../../build/stingray_interface/stingray_interface.egg-info/SOURCES.txt'
[1.190s] running build
[1.190s] running build_py
[1.191s] copying stingray_interface/simple_gui_node.py -> /home/michael/Stingray2_ws/build/stingray_interface/build/lib/stingray_interface
[1.191s] running install
[1.191s] running install_lib
[1.191s] copying /home/michael/Stingray2_ws/build/stingray_interface/build/lib/stingray_interface/simple_gui_node.py -> /home/michael/Stingray2_ws/install/stingray_interface/lib/python3.10/site-packages/stingray_interface
[1.192s] byte-compiling /home/michael/Stingray2_ws/install/stingray_interface/lib/python3.10/site-packages/stingray_interface/simple_gui_node.py to simple_gui_node.cpython-310.pyc
[1.192s] running install_data
[1.192s] running install_egg_info
[1.194s] removing '/home/michael/Stingray2_ws/install/stingray_interface/lib/python3.10/site-packages/stingray_interface-0.0.0-py3.10.egg-info' (and everything under it)
[1.194s] Copying ../../build/stingray_interface/stingray_interface.egg-info to /home/michael/Stingray2_ws/install/stingray_interface/lib/python3.10/site-packages/stingray_interface-0.0.0-py3.10.egg-info
[1.195s] running install_scripts
[1.210s] Installing gui_node script to /home/michael/Stingray2_ws/install/stingray_interface/lib/stingray_interface
[1.210s] writing list of installed files to '/home/michael/Stingray2_ws/build/stingray_interface/install.log'
[1.247s] Invoked command in '/home/michael/Stingray2_ws/src/stingray_interface' returned '0': PYTHONPATH=/home/michael/Stingray2_ws/build/stingray_interface/prefix_override:/home/michael/Stingray2_ws/install/stingray_interface/lib/python3.10/site-packages:${PYTHONPATH} /usr/bin/python3 -W ignore:setup.py install is deprecated setup.py egg_info --egg-base ../../build/stingray_interface build --build-base /home/michael/Stingray2_ws/build/stingray_interface/build install --record /home/michael/Stingray2_ws/build/stingray_interface/install.log --single-version-externally-managed install_data
