[0.894s] Invoking command in '/home/michael/Stingray2_ws/src/stingray_controller': PYTHONPATH=/home/michael/Stingray2_ws/build/stingray_control/prefix_override:/home/michael/Stingray2_ws/install/stingray_control/lib/python3.10/site-packages:${PYTHONPATH} /usr/bin/python3 -W ignore:setup.py install is deprecated setup.py egg_info --egg-base ../../build/stingray_control build --build-base /home/michael/Stingray2_ws/build/stingray_control/build install --record /home/michael/Stingray2_ws/build/stingray_control/install.log --single-version-externally-managed install_data
[1.228s] running egg_info
[1.228s] writing ../../build/stingray_control/stingray_controller.egg-info/PKG-INFO
[1.229s] writing dependency_links to ../../build/stingray_control/stingray_controller.egg-info/dependency_links.txt
[1.229s] writing entry points to ../../build/stingray_control/stingray_controller.egg-info/entry_points.txt
[1.229s] writing requirements to ../../build/stingray_control/stingray_controller.egg-info/requires.txt
[1.229s] writing top-level names to ../../build/stingray_control/stingray_controller.egg-info/top_level.txt
[1.231s] reading manifest file '../../build/stingray_control/stingray_controller.egg-info/SOURCES.txt'
[1.232s] writing manifest file '../../build/stingray_control/stingray_controller.egg-info/SOURCES.txt'
[1.232s] running build
[1.233s] running build_py
[1.233s] running install
[1.233s] running install_lib
[1.235s] running install_data
[1.235s] running install_egg_info
[1.238s] removing '/home/michael/Stingray2_ws/install/stingray_control/lib/python3.10/site-packages/stingray_controller-0.0.0-py3.10.egg-info' (and everything under it)
[1.238s] Copying ../../build/stingray_control/stingray_controller.egg-info to /home/michael/Stingray2_ws/install/stingray_control/lib/python3.10/site-packages/stingray_controller-0.0.0-py3.10.egg-info
[1.239s] running install_scripts
[1.263s] Installing ArmDisarmNode script to /home/michael/Stingray2_ws/install/stingray_control/lib/stingray_controller
[1.263s] Installing CamLightControlNode script to /home/michael/Stingray2_ws/install/stingray_control/lib/stingray_controller
[1.263s] Installing ModeControl script to /home/michael/Stingray2_ws/install/stingray_control/lib/stingray_controller
[1.264s] Installing RcControlNode script to /home/michael/Stingray2_ws/install/stingray_control/lib/stingray_controller
[1.264s] Installing control_data script to /home/michael/Stingray2_ws/install/stingray_control/lib/stingray_controller
[1.264s] writing list of installed files to '/home/michael/Stingray2_ws/build/stingray_control/install.log'
[1.294s] Invoked command in '/home/michael/Stingray2_ws/src/stingray_controller' returned '0': PYTHONPATH=/home/michael/Stingray2_ws/build/stingray_control/prefix_override:/home/michael/Stingray2_ws/install/stingray_control/lib/python3.10/site-packages:${PYTHONPATH} /usr/bin/python3 -W ignore:setup.py install is deprecated setup.py egg_info --egg-base ../../build/stingray_control build --build-base /home/michael/Stingray2_ws/build/stingray_control/build install --record /home/michael/Stingray2_ws/build/stingray_control/install.log --single-version-externally-managed install_data
