[1.052s] Invoking command in '/home/michael/Stingray2_ws/src/stingray_simulation': PYTHONPATH=/home/michael/Stingray2_ws/build/stingray_simulation/prefix_override:/home/michael/Stingray2_ws/install/stingray_simulation/lib/python3.10/site-packages:${PYTHONPATH} /usr/bin/python3 -W ignore:setup.py install is deprecated setup.py egg_info --egg-base ../../build/stingray_simulation build --build-base /home/michael/Stingray2_ws/build/stingray_simulation/build install --record /home/michael/Stingray2_ws/build/stingray_simulation/install.log --single-version-externally-managed install_data
[1.270s] running egg_info
[1.271s] writing ../../build/stingray_simulation/stingray_simulation.egg-info/PKG-INFO
[1.271s] writing dependency_links to ../../build/stingray_simulation/stingray_simulation.egg-info/dependency_links.txt
[1.272s] writing entry points to ../../build/stingray_simulation/stingray_simulation.egg-info/entry_points.txt
[1.272s] writing requirements to ../../build/stingray_simulation/stingray_simulation.egg-info/requires.txt
[1.272s] writing top-level names to ../../build/stingray_simulation/stingray_simulation.egg-info/top_level.txt
[1.274s] reading manifest file '../../build/stingray_simulation/stingray_simulation.egg-info/SOURCES.txt'
[1.275s] writing manifest file '../../build/stingray_simulation/stingray_simulation.egg-info/SOURCES.txt'
[1.275s] running build
[1.275s] running build_py
[1.275s] copying stingray_simulation/CameraNode.py -> /home/michael/Stingray2_ws/build/stingray_simulation/build/lib/stingray_simulation
[1.275s] running install
[1.276s] running install_lib
[1.277s] copying /home/michael/Stingray2_ws/build/stingray_simulation/build/lib/stingray_simulation/CameraNode.py -> /home/michael/Stingray2_ws/install/stingray_simulation/lib/python3.10/site-packages/stingray_simulation
[1.277s] byte-compiling /home/michael/Stingray2_ws/install/stingray_simulation/lib/python3.10/site-packages/stingray_simulation/CameraNode.py to CameraNode.cpython-310.pyc
[1.278s] running install_data
[1.278s] running install_egg_info
[1.280s] removing '/home/michael/Stingray2_ws/install/stingray_simulation/lib/python3.10/site-packages/stingray_simulation-0.0.0-py3.10.egg-info' (and everything under it)
[1.280s] Copying ../../build/stingray_simulation/stingray_simulation.egg-info to /home/michael/Stingray2_ws/install/stingray_simulation/lib/python3.10/site-packages/stingray_simulation-0.0.0-py3.10.egg-info
[1.281s] running install_scripts
[1.302s] Installing camera_node script to /home/michael/Stingray2_ws/install/stingray_simulation/lib/stingray_simulation
[1.303s] writing list of installed files to '/home/michael/Stingray2_ws/build/stingray_simulation/install.log'
[1.334s] Invoked command in '/home/michael/Stingray2_ws/src/stingray_simulation' returned '0': PYTHONPATH=/home/michael/Stingray2_ws/build/stingray_simulation/prefix_override:/home/michael/Stingray2_ws/install/stingray_simulation/lib/python3.10/site-packages:${PYTHONPATH} /usr/bin/python3 -W ignore:setup.py install is deprecated setup.py egg_info --egg-base ../../build/stingray_simulation build --build-base /home/michael/Stingray2_ws/build/stingray_simulation/build install --record /home/michael/Stingray2_ws/build/stingray_simulation/install.log --single-version-externally-managed install_data
