[0.797s] Invoking command in '/home/michael/Stingray2_ws/src/stingray_controller': AMENT_PREFIX_PATH=/home/michael/Stingray2_ws/install/stingray_msg:${AMENT_PREFIX_PATH} CMAKE_PREFIX_PATH=/home/michael/Stingray2_ws/install/stingray_msg:${CMAKE_PREFIX_PATH} LD_LIBRARY_PATH=/home/michael/Stingray2_ws/install/stingray_msg/lib:${LD_LIBRARY_PATH} PYTHONPATH=/home/michael/Stingray2_ws/build/stingray_control/prefix_override:/home/michael/Stingray2_ws/install/stingray_control/lib/python3.10/site-packages:/home/michael/Stingray2_ws/install/stingray_msg/local/lib/python3.10/dist-packages:${PYTHONPATH} /usr/bin/python3 -W ignore:setup.py install is deprecated setup.py egg_info --egg-base ../../build/stingray_control build --build-base /home/michael/Stingray2_ws/build/stingray_control/build install --record /home/michael/Stingray2_ws/build/stingray_control/install.log --single-version-externally-managed install_data
[1.018s] running egg_info
[1.018s] writing ../../build/stingray_control/stingray_controller.egg-info/PKG-INFO
[1.021s] writing dependency_links to ../../build/stingray_control/stingray_controller.egg-info/dependency_links.txt
[1.022s] writing entry points to ../../build/stingray_control/stingray_controller.egg-info/entry_points.txt
[1.022s] writing requirements to ../../build/stingray_control/stingray_controller.egg-info/requires.txt
[1.022s] writing top-level names to ../../build/stingray_control/stingray_controller.egg-info/top_level.txt
[1.023s] reading manifest file '../../build/stingray_control/stingray_controller.egg-info/SOURCES.txt'
[1.024s] writing manifest file '../../build/stingray_control/stingray_controller.egg-info/SOURCES.txt'
[1.024s] running build
[1.024s] running build_py
[1.024s] running install
[1.024s] running install_lib
[1.025s] running install_data
[1.026s] running install_egg_info
[1.027s] removing '/home/michael/Stingray2_ws/install/stingray_control/lib/python3.10/site-packages/stingray_controller-0.0.0-py3.10.egg-info' (and everything under it)
[1.027s] Copying ../../build/stingray_control/stingray_controller.egg-info to /home/michael/Stingray2_ws/install/stingray_control/lib/python3.10/site-packages/stingray_controller-0.0.0-py3.10.egg-info
[1.028s] running install_scripts
[1.044s] Installing ArmDisarmNode script to /home/michael/Stingray2_ws/install/stingray_control/lib/stingray_controller
[1.044s] Installing CamLightControlNode script to /home/michael/Stingray2_ws/install/stingray_control/lib/stingray_controller
[1.044s] Installing ModeControl script to /home/michael/Stingray2_ws/install/stingray_control/lib/stingray_controller
[1.045s] Installing RcControlNode script to /home/michael/Stingray2_ws/install/stingray_control/lib/stingray_controller
[1.045s] Installing control_data script to /home/michael/Stingray2_ws/install/stingray_control/lib/stingray_controller
[1.045s] writing list of installed files to '/home/michael/Stingray2_ws/build/stingray_control/install.log'
[1.067s] Invoked command in '/home/michael/Stingray2_ws/src/stingray_controller' returned '0': AMENT_PREFIX_PATH=/home/michael/Stingray2_ws/install/stingray_msg:${AMENT_PREFIX_PATH} CMAKE_PREFIX_PATH=/home/michael/Stingray2_ws/install/stingray_msg:${CMAKE_PREFIX_PATH} LD_LIBRARY_PATH=/home/michael/Stingray2_ws/install/stingray_msg/lib:${LD_LIBRARY_PATH} PYTHONPATH=/home/michael/Stingray2_ws/build/stingray_control/prefix_override:/home/michael/Stingray2_ws/install/stingray_control/lib/python3.10/site-packages:/home/michael/Stingray2_ws/install/stingray_msg/local/lib/python3.10/dist-packages:${PYTHONPATH} /usr/bin/python3 -W ignore:setup.py install is deprecated setup.py egg_info --egg-base ../../build/stingray_control build --build-base /home/michael/Stingray2_ws/build/stingray_control/build install --record /home/michael/Stingray2_ws/build/stingray_control/install.log --single-version-externally-managed install_data
