running egg_info
creating ../../build/stingray_simulation/stingray_simulation.egg-info
writing ../../build/stingray_simulation/stingray_simulation.egg-info/PKG-INFO
writing dependency_links to ../../build/stingray_simulation/stingray_simulation.egg-info/dependency_links.txt
writing entry points to ../../build/stingray_simulation/stingray_simulation.egg-info/entry_points.txt
writing requirements to ../../build/stingray_simulation/stingray_simulation.egg-info/requires.txt
writing top-level names to ../../build/stingray_simulation/stingray_simulation.egg-info/top_level.txt
writing manifest file '../../build/stingray_simulation/stingray_simulation.egg-info/SOURCES.txt'
reading manifest file '../../build/stingray_simulation/stingray_simulation.egg-info/SOURCES.txt'
writing manifest file '../../build/stingray_simulation/stingray_simulation.egg-info/SOURCES.txt'
running build
running build_py
creating /home/michael/Stingray2_ws/build/stingray_simulation/build
creating /home/michael/Stingray2_ws/build/stingray_simulation/build/lib
creating /home/michael/Stingray2_ws/build/stingray_simulation/build/lib/stingray_simulation
copying stingray_simulation/__init__.py -> /home/michael/Stingray2_ws/build/stingray_simulation/build/lib/stingray_simulation
running install
running install_lib
creating /home/michael/Stingray2_ws/install/stingray_simulation/lib/python3.10/site-packages/stingray_simulation
copying /home/michael/Stingray2_ws/build/stingray_simulation/build/lib/stingray_simulation/__init__.py -> /home/michael/Stingray2_ws/install/stingray_simulation/lib/python3.10/site-packages/stingray_simulation
byte-compiling /home/michael/Stingray2_ws/install/stingray_simulation/lib/python3.10/site-packages/stingray_simulation/__init__.py to __init__.cpython-310.pyc
running install_data
creating /home/michael/Stingray2_ws/install/stingray_simulation/share/ament_index
creating /home/michael/Stingray2_ws/install/stingray_simulation/share/ament_index/resource_index
creating /home/michael/Stingray2_ws/install/stingray_simulation/share/ament_index/resource_index/packages
copying resource/stingray_simulation -> /home/michael/Stingray2_ws/install/stingray_simulation/share/ament_index/resource_index/packages
copying package.xml -> /home/michael/Stingray2_ws/install/stingray_simulation/share/stingray_simulation
running install_egg_info
Copying ../../build/stingray_simulation/stingray_simulation.egg-info to /home/michael/Stingray2_ws/install/stingray_simulation/lib/python3.10/site-packages/stingray_simulation-0.0.0-py3.10.egg-info
running install_scripts
writing list of installed files to '/home/michael/Stingray2_ws/build/stingray_simulation/install.log'
