[0.778s] Invoking command in '/home/michael/Stingray2_ws/src/stingray_simulation': PYTHONPATH=/home/michael/Stingray2_ws/build/stingray_simulation/prefix_override:/home/michael/Stingray2_ws/install/stingray_simulation/lib/python3.10/site-packages:${PYTHONPATH} /usr/bin/python3 -W ignore:setup.py install is deprecated setup.py egg_info --egg-base ../../build/stingray_simulation build --build-base /home/michael/Stingray2_ws/build/stingray_simulation/build install --record /home/michael/Stingray2_ws/build/stingray_simulation/install.log --single-version-externally-managed install_data
[0.988s] running egg_info
[0.988s] creating ../../build/stingray_simulation/stingray_simulation.egg-info
[0.989s] writing ../../build/stingray_simulation/stingray_simulation.egg-info/PKG-INFO
[0.989s] writing dependency_links to ../../build/stingray_simulation/stingray_simulation.egg-info/dependency_links.txt
[0.989s] writing entry points to ../../build/stingray_simulation/stingray_simulation.egg-info/entry_points.txt
[0.989s] writing requirements to ../../build/stingray_simulation/stingray_simulation.egg-info/requires.txt
[0.989s] writing top-level names to ../../build/stingray_simulation/stingray_simulation.egg-info/top_level.txt
[0.989s] writing manifest file '../../build/stingray_simulation/stingray_simulation.egg-info/SOURCES.txt'
[0.990s] reading manifest file '../../build/stingray_simulation/stingray_simulation.egg-info/SOURCES.txt'
[0.991s] writing manifest file '../../build/stingray_simulation/stingray_simulation.egg-info/SOURCES.txt'
[0.991s] running build
[0.991s] running build_py
[0.991s] creating /home/michael/Stingray2_ws/build/stingray_simulation/build
[0.991s] creating /home/michael/Stingray2_ws/build/stingray_simulation/build/lib
[0.991s] creating /home/michael/Stingray2_ws/build/stingray_simulation/build/lib/stingray_simulation
[0.991s] copying stingray_simulation/__init__.py -> /home/michael/Stingray2_ws/build/stingray_simulation/build/lib/stingray_simulation
[0.991s] running install
[0.992s] running install_lib
[0.992s] creating /home/michael/Stingray2_ws/install/stingray_simulation/lib/python3.10/site-packages/stingray_simulation
[0.992s] copying /home/michael/Stingray2_ws/build/stingray_simulation/build/lib/stingray_simulation/__init__.py -> /home/michael/Stingray2_ws/install/stingray_simulation/lib/python3.10/site-packages/stingray_simulation
[0.993s] byte-compiling /home/michael/Stingray2_ws/install/stingray_simulation/lib/python3.10/site-packages/stingray_simulation/__init__.py to __init__.cpython-310.pyc
[0.993s] running install_data
[0.993s] creating /home/michael/Stingray2_ws/install/stingray_simulation/share/ament_index
[0.993s] creating /home/michael/Stingray2_ws/install/stingray_simulation/share/ament_index/resource_index
[0.993s] creating /home/michael/Stingray2_ws/install/stingray_simulation/share/ament_index/resource_index/packages
[0.993s] copying resource/stingray_simulation -> /home/michael/Stingray2_ws/install/stingray_simulation/share/ament_index/resource_index/packages
[0.993s] copying package.xml -> /home/michael/Stingray2_ws/install/stingray_simulation/share/stingray_simulation
[0.993s] running install_egg_info
[0.994s] Copying ../../build/stingray_simulation/stingray_simulation.egg-info to /home/michael/Stingray2_ws/install/stingray_simulation/lib/python3.10/site-packages/stingray_simulation-0.0.0-py3.10.egg-info
[0.995s] running install_scripts
[1.010s] writing list of installed files to '/home/michael/Stingray2_ws/build/stingray_simulation/install.log'
[1.041s] Invoked command in '/home/michael/Stingray2_ws/src/stingray_simulation' returned '0': PYTHONPATH=/home/michael/Stingray2_ws/build/stingray_simulation/prefix_override:/home/michael/Stingray2_ws/install/stingray_simulation/lib/python3.10/site-packages:${PYTHONPATH} /usr/bin/python3 -W ignore:setup.py install is deprecated setup.py egg_info --egg-base ../../build/stingray_simulation build --build-base /home/michael/Stingray2_ws/build/stingray_simulation/build install --record /home/michael/Stingray2_ws/build/stingray_simulation/install.log --single-version-externally-managed install_data
