running egg_info
creating ../../build/stingray_control/stingray_controller.egg-info
writing ../../build/stingray_control/stingray_controller.egg-info/PKG-INFO
writing dependency_links to ../../build/stingray_control/stingray_controller.egg-info/dependency_links.txt
writing entry points to ../../build/stingray_control/stingray_controller.egg-info/entry_points.txt
writing requirements to ../../build/stingray_control/stingray_controller.egg-info/requires.txt
writing top-level names to ../../build/stingray_control/stingray_controller.egg-info/top_level.txt
writing manifest file '../../build/stingray_control/stingray_controller.egg-info/SOURCES.txt'
reading manifest file '../../build/stingray_control/stingray_controller.egg-info/SOURCES.txt'
writing manifest file '../../build/stingray_control/stingray_controller.egg-info/SOURCES.txt'
running build
running build_py
creating /home/michael/Stingray2_ws/build/stingray_control/build
creating /home/michael/Stingray2_ws/build/stingray_control/build/lib
creating /home/michael/Stingray2_ws/build/stingray_control/build/lib/stingray_controller
copying stingray_controller/ArmDisarmNode.py -> /home/michael/Stingray2_ws/build/stingray_control/build/lib/stingray_controller
copying stingray_controller/CamLightControlNode.py -> /home/michael/Stingray2_ws/build/stingray_control/build/lib/stingray_controller
copying stingray_controller/__init__.py -> /home/michael/Stingray2_ws/build/stingray_control/build/lib/stingray_controller
copying stingray_controller/ModeControlNode.py -> /home/michael/Stingray2_ws/build/stingray_control/build/lib/stingray_controller
copying stingray_controller/JoyToStingrayNode.py -> /home/michael/Stingray2_ws/build/stingray_control/build/lib/stingray_controller
copying stingray_controller/RcControlNode.py -> /home/michael/Stingray2_ws/build/stingray_control/build/lib/stingray_controller
running install
running install_lib
creating /home/michael/Stingray2_ws/install/stingray_control/lib/python3.10/site-packages/stingray_controller
copying /home/michael/Stingray2_ws/build/stingray_control/build/lib/stingray_controller/ArmDisarmNode.py -> /home/michael/Stingray2_ws/install/stingray_control/lib/python3.10/site-packages/stingray_controller
copying /home/michael/Stingray2_ws/build/stingray_control/build/lib/stingray_controller/CamLightControlNode.py -> /home/michael/Stingray2_ws/install/stingray_control/lib/python3.10/site-packages/stingray_controller
copying /home/michael/Stingray2_ws/build/stingray_control/build/lib/stingray_controller/__init__.py -> /home/michael/Stingray2_ws/install/stingray_control/lib/python3.10/site-packages/stingray_controller
copying /home/michael/Stingray2_ws/build/stingray_control/build/lib/stingray_controller/ModeControlNode.py -> /home/michael/Stingray2_ws/install/stingray_control/lib/python3.10/site-packages/stingray_controller
copying /home/michael/Stingray2_ws/build/stingray_control/build/lib/stingray_controller/JoyToStingrayNode.py -> /home/michael/Stingray2_ws/install/stingray_control/lib/python3.10/site-packages/stingray_controller
copying /home/michael/Stingray2_ws/build/stingray_control/build/lib/stingray_controller/RcControlNode.py -> /home/michael/Stingray2_ws/install/stingray_control/lib/python3.10/site-packages/stingray_controller
byte-compiling /home/michael/Stingray2_ws/install/stingray_control/lib/python3.10/site-packages/stingray_controller/ArmDisarmNode.py to ArmDisarmNode.cpython-310.pyc
byte-compiling /home/michael/Stingray2_ws/install/stingray_control/lib/python3.10/site-packages/stingray_controller/CamLightControlNode.py to CamLightControlNode.cpython-310.pyc
byte-compiling /home/michael/Stingray2_ws/install/stingray_control/lib/python3.10/site-packages/stingray_controller/__init__.py to __init__.cpython-310.pyc
byte-compiling /home/michael/Stingray2_ws/install/stingray_control/lib/python3.10/site-packages/stingray_controller/ModeControlNode.py to ModeControlNode.cpython-310.pyc
byte-compiling /home/michael/Stingray2_ws/install/stingray_control/lib/python3.10/site-packages/stingray_controller/JoyToStingrayNode.py to JoyToStingrayNode.cpython-310.pyc
byte-compiling /home/michael/Stingray2_ws/install/stingray_control/lib/python3.10/site-packages/stingray_controller/RcControlNode.py to RcControlNode.cpython-310.pyc
running install_data
copying resource/stingray_controller -> /home/michael/Stingray2_ws/install/stingray_control/share/ament_index/resource_index/packages
creating /home/michael/Stingray2_ws/install/stingray_control/share/stingray_controller
copying package.xml -> /home/michael/Stingray2_ws/install/stingray_control/share/stingray_controller
running install_egg_info
Copying ../../build/stingray_control/stingray_controller.egg-info to /home/michael/Stingray2_ws/install/stingray_control/lib/python3.10/site-packages/stingray_controller-0.0.0-py3.10.egg-info
running install_scripts
Installing ArmDisarmNode script to /home/michael/Stingray2_ws/install/stingray_control/lib/stingray_controller
Installing CamLightControlNode script to /home/michael/Stingray2_ws/install/stingray_control/lib/stingray_controller
Installing ModeControl script to /home/michael/Stingray2_ws/install/stingray_control/lib/stingray_controller
Installing RcControlNode script to /home/michael/Stingray2_ws/install/stingray_control/lib/stingray_controller
Installing control_data script to /home/michael/Stingray2_ws/install/stingray_control/lib/stingray_controller
writing list of installed files to '/home/michael/Stingray2_ws/build/stingray_control/install.log'
