running egg_info
writing ../../build/stingray_interface/stingray_interface.egg-info/PKG-INFO
writing dependency_links to ../../build/stingray_interface/stingray_interface.egg-info/dependency_links.txt
writing entry points to ../../build/stingray_interface/stingray_interface.egg-info/entry_points.txt
writing requirements to ../../build/stingray_interface/stingray_interface.egg-info/requires.txt
writing top-level names to ../../build/stingray_interface/stingray_interface.egg-info/top_level.txt
reading manifest file '../../build/stingray_interface/stingray_interface.egg-info/SOURCES.txt'
writing manifest file '../../build/stingray_interface/stingray_interface.egg-info/SOURCES.txt'
running build
running build_py
copying stingray_interface/simple_gui_node.py -> /home/michael/Stingray2_ws/build/stingray_interface/build/lib/stingray_interface
running install
running install_lib
copying /home/michael/Stingray2_ws/build/stingray_interface/build/lib/stingray_interface/simple_gui_node.py -> /home/michael/Stingray2_ws/install/stingray_interface/lib/python3.10/site-packages/stingray_interface
byte-compiling /home/michael/Stingray2_ws/install/stingray_interface/lib/python3.10/site-packages/stingray_interface/simple_gui_node.py to simple_gui_node.cpython-310.pyc
running install_data
running install_egg_info
removing '/home/michael/Stingray2_ws/install/stingray_interface/lib/python3.10/site-packages/stingray_interface-0.0.0-py3.10.egg-info' (and everything under it)
Copying ../../build/stingray_interface/stingray_interface.egg-info to /home/michael/Stingray2_ws/install/stingray_interface/lib/python3.10/site-packages/stingray_interface-0.0.0-py3.10.egg-info
running install_scripts
Installing gui_node script to /home/michael/Stingray2_ws/install/stingray_interface/lib/stingray_interface
writing list of installed files to '/home/michael/Stingray2_ws/build/stingray_interface/install.log'
