[0.555s] Invoking command in '/home/michael/Stingray2_ws/src/stingray_controller': PYTHONPATH=/home/michael/Stingray2_ws/build/stingray_control/prefix_override:/home/michael/Stingray2_ws/install/stingray_control/lib/python3.10/site-packages:${PYTHONPATH} /usr/bin/python3 -W ignore:setup.py install is deprecated setup.py egg_info --egg-base ../../build/stingray_control build --build-base /home/michael/Stingray2_ws/build/stingray_control/build install --record /home/michael/Stingray2_ws/build/stingray_control/install.log --single-version-externally-managed install_data
[0.751s] running egg_info
[0.752s] writing ../../build/stingray_control/stingray_controller.egg-info/PKG-INFO
[0.752s] writing dependency_links to ../../build/stingray_control/stingray_controller.egg-info/dependency_links.txt
[0.752s] writing entry points to ../../build/stingray_control/stingray_controller.egg-info/entry_points.txt
[0.752s] writing requirements to ../../build/stingray_control/stingray_controller.egg-info/requires.txt
[0.752s] writing top-level names to ../../build/stingray_control/stingray_controller.egg-info/top_level.txt
[0.754s] reading manifest file '../../build/stingray_control/stingray_controller.egg-info/SOURCES.txt'
[0.755s] writing manifest file '../../build/stingray_control/stingray_controller.egg-info/SOURCES.txt'
[0.755s] running build
[0.755s] running build_py
[0.756s] running install
[0.756s] running install_lib
[0.758s] running install_data
[0.758s] copying package.xml -> /home/michael/Stingray2_ws/install/stingray_control/share/stingray_controller
[0.758s] running install_egg_info
[0.760s] removing '/home/michael/Stingray2_ws/install/stingray_control/lib/python3.10/site-packages/stingray_controller-0.0.0-py3.10.egg-info' (and everything under it)
[0.760s] Copying ../../build/stingray_control/stingray_controller.egg-info to /home/michael/Stingray2_ws/install/stingray_control/lib/python3.10/site-packages/stingray_controller-0.0.0-py3.10.egg-info
[0.761s] running install_scripts
[0.777s] Installing ArmDisarmNode script to /home/michael/Stingray2_ws/install/stingray_control/lib/stingray_controller
[0.777s] Installing CamLightControlNode script to /home/michael/Stingray2_ws/install/stingray_control/lib/stingray_controller
[0.778s] Installing ModeControl script to /home/michael/Stingray2_ws/install/stingray_control/lib/stingray_controller
[0.778s] Installing RcControlNode script to /home/michael/Stingray2_ws/install/stingray_control/lib/stingray_controller
[0.778s] Installing control_data script to /home/michael/Stingray2_ws/install/stingray_control/lib/stingray_controller
[0.778s] writing list of installed files to '/home/michael/Stingray2_ws/build/stingray_control/install.log'
[0.801s] Invoked command in '/home/michael/Stingray2_ws/src/stingray_controller' returned '0': PYTHONPATH=/home/michael/Stingray2_ws/build/stingray_control/prefix_override:/home/michael/Stingray2_ws/install/stingray_control/lib/python3.10/site-packages:${PYTHONPATH} /usr/bin/python3 -W ignore:setup.py install is deprecated setup.py egg_info --egg-base ../../build/stingray_control build --build-base /home/michael/Stingray2_ws/build/stingray_control/build install --record /home/michael/Stingray2_ws/build/stingray_control/install.log --single-version-externally-managed install_data
