[0.083s] DEBUG:colcon:Command line arguments: ['/usr/bin/colcon', 'build']
[0.083s] DEBUG:colcon:Parsed command line arguments: Namespace(log_base=None, log_level=None, verb_name='build', build_base='build', install_base='install', merge_install=False, symlink_install=False, test_result_base=None, continue_on_error=False, executor='parallel', parallel_workers=8, event_handlers=None, ignore_user_meta=False, metas=['./colcon.meta'], base_paths=['.'], packages_ignore=None, packages_ignore_regex=None, paths=None, packages_up_to=None, packages_up_to_regex=None, packages_above=None, packages_above_and_dependencies=None, packages_above_depth=None, packages_select_by_dep=None, packages_skip_by_dep=None, packages_skip_up_to=None, packages_select_build_failed=False, packages_skip_build_finished=False, packages_select_test_failures=False, packages_skip_test_passed=False, packages_select=None, packages_skip=None, packages_select_regex=None, packages_skip_regex=None, packages_start=None, packages_end=None, allow_overriding=[], cmake_args=None, cmake_target=None, cmake_target_skip_unavailable=False, cmake_clean_cache=False, cmake_clean_first=False, cmake_force_configure=False, ament_cmake_args=None, catkin_cmake_args=None, catkin_skip_building_tests=False, verb_parser=<colcon_defaults.argument_parser.defaults.DefaultArgumentsDecorator object at 0x769ea896c1c0>, verb_extension=<colcon_core.verb.build.BuildVerb object at 0x769ea8937d30>, main=<bound method BuildVerb.main of <colcon_core.verb.build.BuildVerb object at 0x769ea8937d30>>)
[0.234s] Level 1:colcon.colcon_core.package_discovery:discover_packages(colcon_meta) check parameters
[0.235s] Level 1:colcon.colcon_core.package_discovery:discover_packages(recursive) check parameters
[0.235s] Level 1:colcon.colcon_core.package_discovery:discover_packages(ignore) check parameters
[0.235s] Level 1:colcon.colcon_core.package_discovery:discover_packages(path) check parameters
[0.235s] Level 1:colcon.colcon_core.package_discovery:discover_packages(colcon_meta) discover
[0.235s] Level 1:colcon.colcon_core.package_discovery:discover_packages(recursive) discover
[0.235s] INFO:colcon.colcon_core.package_discovery:Crawling recursively for packages in '/home/michael/Stingray2_ws'
[0.235s] Level 1:colcon.colcon_core.package_identification:_identify(.) by extensions ['ignore', 'ignore_ament_install']
[0.235s] Level 1:colcon.colcon_core.package_identification:_identify(.) by extension 'ignore'
[0.235s] Level 1:colcon.colcon_core.package_identification:_identify(.) by extension 'ignore_ament_install'
[0.235s] Level 1:colcon.colcon_core.package_identification:_identify(.) by extensions ['colcon_pkg']
[0.235s] Level 1:colcon.colcon_core.package_identification:_identify(.) by extension 'colcon_pkg'
[0.235s] Level 1:colcon.colcon_core.package_identification:_identify(.) by extensions ['colcon_meta']
[0.235s] Level 1:colcon.colcon_core.package_identification:_identify(.) by extension 'colcon_meta'
[0.235s] Level 1:colcon.colcon_core.package_identification:_identify(.) by extensions ['ros']
[0.235s] Level 1:colcon.colcon_core.package_identification:_identify(.) by extension 'ros'
[0.245s] Level 1:colcon.colcon_core.package_identification:_identify(.) by extensions ['cmake', 'python']
[0.245s] Level 1:colcon.colcon_core.package_identification:_identify(.) by extension 'cmake'
[0.245s] Level 1:colcon.colcon_core.package_identification:_identify(.) by extension 'python'
[0.245s] Level 1:colcon.colcon_core.package_identification:_identify(.) by extensions ['python_setup_py']
[0.245s] Level 1:colcon.colcon_core.package_identification:_identify(.) by extension 'python_setup_py'
[0.245s] Level 1:colcon.colcon_core.package_identification:_identify(build) by extensions ['ignore', 'ignore_ament_install']
[0.245s] Level 1:colcon.colcon_core.package_identification:_identify(build) by extension 'ignore'
[0.245s] Level 1:colcon.colcon_core.package_identification:_identify(build) ignored
[0.245s] Level 1:colcon.colcon_core.package_identification:_identify(install) by extensions ['ignore', 'ignore_ament_install']
[0.245s] Level 1:colcon.colcon_core.package_identification:_identify(install) by extension 'ignore'
[0.245s] Level 1:colcon.colcon_core.package_identification:_identify(install) ignored
[0.245s] Level 1:colcon.colcon_core.package_identification:_identify(log) by extensions ['ignore', 'ignore_ament_install']
[0.245s] Level 1:colcon.colcon_core.package_identification:_identify(log) by extension 'ignore'
[0.245s] Level 1:colcon.colcon_core.package_identification:_identify(log) ignored
[0.245s] Level 1:colcon.colcon_core.package_identification:_identify(src) by extensions ['ignore', 'ignore_ament_install']
[0.245s] Level 1:colcon.colcon_core.package_identification:_identify(src) by extension 'ignore'
[0.246s] Level 1:colcon.colcon_core.package_identification:_identify(src) by extension 'ignore_ament_install'
[0.246s] Level 1:colcon.colcon_core.package_identification:_identify(src) by extensions ['colcon_pkg']
[0.246s] Level 1:colcon.colcon_core.package_identification:_identify(src) by extension 'colcon_pkg'
[0.246s] Level 1:colcon.colcon_core.package_identification:_identify(src) by extensions ['colcon_meta']
[0.246s] Level 1:colcon.colcon_core.package_identification:_identify(src) by extension 'colcon_meta'
[0.246s] Level 1:colcon.colcon_core.package_identification:_identify(src) by extensions ['ros']
[0.246s] Level 1:colcon.colcon_core.package_identification:_identify(src) by extension 'ros'
[0.246s] Level 1:colcon.colcon_core.package_identification:_identify(src) by extensions ['cmake', 'python']
[0.246s] Level 1:colcon.colcon_core.package_identification:_identify(src) by extension 'cmake'
[0.246s] Level 1:colcon.colcon_core.package_identification:_identify(src) by extension 'python'
[0.246s] Level 1:colcon.colcon_core.package_identification:_identify(src) by extensions ['python_setup_py']
[0.246s] Level 1:colcon.colcon_core.package_identification:_identify(src) by extension 'python_setup_py'
[0.246s] Level 1:colcon.colcon_core.package_identification:_identify(src/launch) by extensions ['ignore', 'ignore_ament_install']
[0.246s] Level 1:colcon.colcon_core.package_identification:_identify(src/launch) by extension 'ignore'
[0.246s] Level 1:colcon.colcon_core.package_identification:_identify(src/launch) by extension 'ignore_ament_install'
[0.246s] Level 1:colcon.colcon_core.package_identification:_identify(src/launch) by extensions ['colcon_pkg']
[0.246s] Level 1:colcon.colcon_core.package_identification:_identify(src/launch) by extension 'colcon_pkg'
[0.246s] Level 1:colcon.colcon_core.package_identification:_identify(src/launch) by extensions ['colcon_meta']
[0.246s] Level 1:colcon.colcon_core.package_identification:_identify(src/launch) by extension 'colcon_meta'
[0.246s] Level 1:colcon.colcon_core.package_identification:_identify(src/launch) by extensions ['ros']
[0.246s] Level 1:colcon.colcon_core.package_identification:_identify(src/launch) by extension 'ros'
[0.246s] Level 1:colcon.colcon_core.package_identification:_identify(src/launch) by extensions ['cmake', 'python']
[0.246s] Level 1:colcon.colcon_core.package_identification:_identify(src/launch) by extension 'cmake'
[0.246s] Level 1:colcon.colcon_core.package_identification:_identify(src/launch) by extension 'python'
[0.246s] Level 1:colcon.colcon_core.package_identification:_identify(src/launch) by extensions ['python_setup_py']
[0.246s] Level 1:colcon.colcon_core.package_identification:_identify(src/launch) by extension 'python_setup_py'
[0.246s] Level 1:colcon.colcon_core.package_identification:_identify(src/launch/__pycache__) by extensions ['ignore', 'ignore_ament_install']
[0.246s] Level 1:colcon.colcon_core.package_identification:_identify(src/launch/__pycache__) by extension 'ignore'
[0.246s] Level 1:colcon.colcon_core.package_identification:_identify(src/launch/__pycache__) by extension 'ignore_ament_install'
[0.246s] Level 1:colcon.colcon_core.package_identification:_identify(src/launch/__pycache__) by extensions ['colcon_pkg']
[0.247s] Level 1:colcon.colcon_core.package_identification:_identify(src/launch/__pycache__) by extension 'colcon_pkg'
[0.247s] Level 1:colcon.colcon_core.package_identification:_identify(src/launch/__pycache__) by extensions ['colcon_meta']
[0.247s] Level 1:colcon.colcon_core.package_identification:_identify(src/launch/__pycache__) by extension 'colcon_meta'
[0.247s] Level 1:colcon.colcon_core.package_identification:_identify(src/launch/__pycache__) by extensions ['ros']
[0.247s] Level 1:colcon.colcon_core.package_identification:_identify(src/launch/__pycache__) by extension 'ros'
[0.247s] Level 1:colcon.colcon_core.package_identification:_identify(src/launch/__pycache__) by extensions ['cmake', 'python']
[0.247s] Level 1:colcon.colcon_core.package_identification:_identify(src/launch/__pycache__) by extension 'cmake'
[0.247s] Level 1:colcon.colcon_core.package_identification:_identify(src/launch/__pycache__) by extension 'python'
[0.247s] Level 1:colcon.colcon_core.package_identification:_identify(src/launch/__pycache__) by extensions ['python_setup_py']
[0.247s] Level 1:colcon.colcon_core.package_identification:_identify(src/launch/__pycache__) by extension 'python_setup_py'
[0.247s] Level 1:colcon.colcon_core.package_identification:_identify(src/launch/build) by extensions ['ignore', 'ignore_ament_install']
[0.247s] Level 1:colcon.colcon_core.package_identification:_identify(src/launch/build) by extension 'ignore'
[0.247s] Level 1:colcon.colcon_core.package_identification:_identify(src/launch/build) ignored
[0.247s] Level 1:colcon.colcon_core.package_identification:_identify(src/launch/install) by extensions ['ignore', 'ignore_ament_install']
[0.247s] Level 1:colcon.colcon_core.package_identification:_identify(src/launch/install) by extension 'ignore'
[0.247s] Level 1:colcon.colcon_core.package_identification:_identify(src/launch/install) ignored
[0.247s] Level 1:colcon.colcon_core.package_identification:_identify(src/launch/log) by extensions ['ignore', 'ignore_ament_install']
[0.247s] Level 1:colcon.colcon_core.package_identification:_identify(src/launch/log) by extension 'ignore'
[0.247s] Level 1:colcon.colcon_core.package_identification:_identify(src/launch/log) ignored
[0.247s] Level 1:colcon.colcon_core.package_identification:_identify(src/stingray_controller) by extensions ['ignore', 'ignore_ament_install']
[0.247s] Level 1:colcon.colcon_core.package_identification:_identify(src/stingray_controller) by extension 'ignore'
[0.247s] Level 1:colcon.colcon_core.package_identification:_identify(src/stingray_controller) by extension 'ignore_ament_install'
[0.247s] Level 1:colcon.colcon_core.package_identification:_identify(src/stingray_controller) by extensions ['colcon_pkg']
[0.247s] Level 1:colcon.colcon_core.package_identification:_identify(src/stingray_controller) by extension 'colcon_pkg'
[0.247s] Level 1:colcon.colcon_core.package_identification:_identify(src/stingray_controller) by extensions ['colcon_meta']
[0.247s] Level 1:colcon.colcon_core.package_identification:_identify(src/stingray_controller) by extension 'colcon_meta'
[0.248s] Level 1:colcon.colcon_core.package_identification:_identify(src/stingray_controller) by extensions ['ros']
[0.248s] Level 1:colcon.colcon_core.package_identification:_identify(src/stingray_controller) by extension 'ros'
[0.258s] DEBUG:colcon.colcon_core.package_identification:Package 'src/stingray_controller' with type 'ros.ament_python' and name 'stingray_control'
[0.259s] Level 1:colcon.colcon_core.package_identification:_identify(src/stingray_interface) by extensions ['ignore', 'ignore_ament_install']
[0.259s] Level 1:colcon.colcon_core.package_identification:_identify(src/stingray_interface) by extension 'ignore'
[0.259s] Level 1:colcon.colcon_core.package_identification:_identify(src/stingray_interface) by extension 'ignore_ament_install'
[0.259s] Level 1:colcon.colcon_core.package_identification:_identify(src/stingray_interface) by extensions ['colcon_pkg']
[0.259s] Level 1:colcon.colcon_core.package_identification:_identify(src/stingray_interface) by extension 'colcon_pkg'
[0.259s] Level 1:colcon.colcon_core.package_identification:_identify(src/stingray_interface) by extensions ['colcon_meta']
[0.259s] Level 1:colcon.colcon_core.package_identification:_identify(src/stingray_interface) by extension 'colcon_meta'
[0.259s] Level 1:colcon.colcon_core.package_identification:_identify(src/stingray_interface) by extensions ['ros']
[0.259s] Level 1:colcon.colcon_core.package_identification:_identify(src/stingray_interface) by extension 'ros'
[0.259s] DEBUG:colcon.colcon_core.package_identification:Package 'src/stingray_interface' with type 'ros.ament_python' and name 'stingray_interface'
[0.259s] Level 1:colcon.colcon_core.package_identification:_identify(src/stingray_msg) by extensions ['ignore', 'ignore_ament_install']
[0.260s] Level 1:colcon.colcon_core.package_identification:_identify(src/stingray_msg) by extension 'ignore'
[0.260s] Level 1:colcon.colcon_core.package_identification:_identify(src/stingray_msg) by extension 'ignore_ament_install'
[0.260s] Level 1:colcon.colcon_core.package_identification:_identify(src/stingray_msg) by extensions ['colcon_pkg']
[0.260s] Level 1:colcon.colcon_core.package_identification:_identify(src/stingray_msg) by extension 'colcon_pkg'
[0.260s] Level 1:colcon.colcon_core.package_identification:_identify(src/stingray_msg) by extensions ['colcon_meta']
[0.260s] Level 1:colcon.colcon_core.package_identification:_identify(src/stingray_msg) by extension 'colcon_meta'
[0.260s] Level 1:colcon.colcon_core.package_identification:_identify(src/stingray_msg) by extensions ['ros']
[0.260s] Level 1:colcon.colcon_core.package_identification:_identify(src/stingray_msg) by extension 'ros'
[0.260s] DEBUG:colcon.colcon_core.package_identification:Package 'src/stingray_msg' with type 'ros.ament_cmake' and name 'stingray_msg'
[0.260s] Level 1:colcon.colcon_core.package_identification:_identify(src/stingray_simulation) by extensions ['ignore', 'ignore_ament_install']
[0.260s] Level 1:colcon.colcon_core.package_identification:_identify(src/stingray_simulation) by extension 'ignore'
[0.260s] Level 1:colcon.colcon_core.package_identification:_identify(src/stingray_simulation) by extension 'ignore_ament_install'
[0.260s] Level 1:colcon.colcon_core.package_identification:_identify(src/stingray_simulation) by extensions ['colcon_pkg']
[0.260s] Level 1:colcon.colcon_core.package_identification:_identify(src/stingray_simulation) by extension 'colcon_pkg'
[0.260s] Level 1:colcon.colcon_core.package_identification:_identify(src/stingray_simulation) by extensions ['colcon_meta']
[0.260s] Level 1:colcon.colcon_core.package_identification:_identify(src/stingray_simulation) by extension 'colcon_meta'
[0.260s] Level 1:colcon.colcon_core.package_identification:_identify(src/stingray_simulation) by extensions ['ros']
[0.260s] Level 1:colcon.colcon_core.package_identification:_identify(src/stingray_simulation) by extension 'ros'
[0.261s] DEBUG:colcon.colcon_core.package_identification:Package 'src/stingray_simulation' with type 'ros.ament_python' and name 'stingray_simulation'
[0.261s] Level 1:colcon.colcon_core.package_discovery:discover_packages(recursive) using defaults
[0.261s] Level 1:colcon.colcon_core.package_discovery:discover_packages(ignore) discover
[0.261s] Level 1:colcon.colcon_core.package_discovery:discover_packages(ignore) using defaults
[0.261s] Level 1:colcon.colcon_core.package_discovery:discover_packages(path) discover
[0.261s] Level 1:colcon.colcon_core.package_discovery:discover_packages(path) using defaults
[0.276s] Level 1:colcon.colcon_core.package_discovery:discover_packages(prefix_path) check parameters
[0.277s] Level 1:colcon.colcon_core.package_discovery:discover_packages(prefix_path) discover
[0.279s] DEBUG:colcon.colcon_installed_package_information.package_discovery:Found 4 installed packages in /home/michael/Stingray2_ws/install
[0.279s] DEBUG:colcon.colcon_installed_package_information.package_discovery:Found 16 installed packages in /home/michael/ros2_ws/install
[0.280s] DEBUG:colcon.colcon_installed_package_information.package_discovery:Found 34 installed packages in /home/michael/colcon_ws/install
[0.282s] DEBUG:colcon.colcon_installed_package_information.package_discovery:Found 351 installed packages in /opt/ros/humble
[0.284s] Level 1:colcon.colcon_core.package_discovery:discover_packages(prefix_path) using defaults
[0.316s] Level 5:colcon.colcon_core.verb:set package 'stingray_interface' build argument 'cmake_args' from command line to 'None'
[0.316s] Level 5:colcon.colcon_core.verb:set package 'stingray_interface' build argument 'cmake_target' from command line to 'None'
[0.316s] Level 5:colcon.colcon_core.verb:set package 'stingray_interface' build argument 'cmake_target_skip_unavailable' from command line to 'False'
[0.316s] Level 5:colcon.colcon_core.verb:set package 'stingray_interface' build argument 'cmake_clean_cache' from command line to 'False'
[0.316s] Level 5:colcon.colcon_core.verb:set package 'stingray_interface' build argument 'cmake_clean_first' from command line to 'False'
[0.316s] Level 5:colcon.colcon_core.verb:set package 'stingray_interface' build argument 'cmake_force_configure' from command line to 'False'
[0.316s] Level 5:colcon.colcon_core.verb:set package 'stingray_interface' build argument 'ament_cmake_args' from command line to 'None'
[0.316s] Level 5:colcon.colcon_core.verb:set package 'stingray_interface' build argument 'catkin_cmake_args' from command line to 'None'
[0.316s] Level 5:colcon.colcon_core.verb:set package 'stingray_interface' build argument 'catkin_skip_building_tests' from command line to 'False'
[0.316s] DEBUG:colcon.colcon_core.verb:Building package 'stingray_interface' with the following arguments: {'ament_cmake_args': None, 'build_base': '/home/michael/Stingray2_ws/build/stingray_interface', 'catkin_cmake_args': None, 'catkin_skip_building_tests': False, 'cmake_args': None, 'cmake_clean_cache': False, 'cmake_clean_first': False, 'cmake_force_configure': False, 'cmake_target': None, 'cmake_target_skip_unavailable': False, 'install_base': '/home/michael/Stingray2_ws/install/stingray_interface', 'merge_install': False, 'path': '/home/michael/Stingray2_ws/src/stingray_interface', 'symlink_install': False, 'test_result_base': None}
[0.316s] Level 5:colcon.colcon_core.verb:set package 'stingray_msg' build argument 'cmake_args' from command line to 'None'
[0.316s] Level 5:colcon.colcon_core.verb:set package 'stingray_msg' build argument 'cmake_target' from command line to 'None'
[0.316s] Level 5:colcon.colcon_core.verb:set package 'stingray_msg' build argument 'cmake_target_skip_unavailable' from command line to 'False'
[0.316s] Level 5:colcon.colcon_core.verb:set package 'stingray_msg' build argument 'cmake_clean_cache' from command line to 'False'
[0.316s] Level 5:colcon.colcon_core.verb:set package 'stingray_msg' build argument 'cmake_clean_first' from command line to 'False'
[0.316s] Level 5:colcon.colcon_core.verb:set package 'stingray_msg' build argument 'cmake_force_configure' from command line to 'False'
[0.316s] Level 5:colcon.colcon_core.verb:set package 'stingray_msg' build argument 'ament_cmake_args' from command line to 'None'
[0.316s] Level 5:colcon.colcon_core.verb:set package 'stingray_msg' build argument 'catkin_cmake_args' from command line to 'None'
[0.316s] Level 5:colcon.colcon_core.verb:set package 'stingray_msg' build argument 'catkin_skip_building_tests' from command line to 'False'
[0.316s] DEBUG:colcon.colcon_core.verb:Building package 'stingray_msg' with the following arguments: {'ament_cmake_args': None, 'build_base': '/home/michael/Stingray2_ws/build/stingray_msg', 'catkin_cmake_args': None, 'catkin_skip_building_tests': False, 'cmake_args': None, 'cmake_clean_cache': False, 'cmake_clean_first': False, 'cmake_force_configure': False, 'cmake_target': None, 'cmake_target_skip_unavailable': False, 'install_base': '/home/michael/Stingray2_ws/install/stingray_msg', 'merge_install': False, 'path': '/home/michael/Stingray2_ws/src/stingray_msg', 'symlink_install': False, 'test_result_base': None}
[0.317s] Level 5:colcon.colcon_core.verb:set package 'stingray_simulation' build argument 'cmake_args' from command line to 'None'
[0.317s] Level 5:colcon.colcon_core.verb:set package 'stingray_simulation' build argument 'cmake_target' from command line to 'None'
[0.317s] Level 5:colcon.colcon_core.verb:set package 'stingray_simulation' build argument 'cmake_target_skip_unavailable' from command line to 'False'
[0.317s] Level 5:colcon.colcon_core.verb:set package 'stingray_simulation' build argument 'cmake_clean_cache' from command line to 'False'
[0.317s] Level 5:colcon.colcon_core.verb:set package 'stingray_simulation' build argument 'cmake_clean_first' from command line to 'False'
[0.317s] Level 5:colcon.colcon_core.verb:set package 'stingray_simulation' build argument 'cmake_force_configure' from command line to 'False'
[0.317s] Level 5:colcon.colcon_core.verb:set package 'stingray_simulation' build argument 'ament_cmake_args' from command line to 'None'
[0.317s] Level 5:colcon.colcon_core.verb:set package 'stingray_simulation' build argument 'catkin_cmake_args' from command line to 'None'
[0.317s] Level 5:colcon.colcon_core.verb:set package 'stingray_simulation' build argument 'catkin_skip_building_tests' from command line to 'False'
[0.317s] DEBUG:colcon.colcon_core.verb:Building package 'stingray_simulation' with the following arguments: {'ament_cmake_args': None, 'build_base': '/home/michael/Stingray2_ws/build/stingray_simulation', 'catkin_cmake_args': None, 'catkin_skip_building_tests': False, 'cmake_args': None, 'cmake_clean_cache': False, 'cmake_clean_first': False, 'cmake_force_configure': False, 'cmake_target': None, 'cmake_target_skip_unavailable': False, 'install_base': '/home/michael/Stingray2_ws/install/stingray_simulation', 'merge_install': False, 'path': '/home/michael/Stingray2_ws/src/stingray_simulation', 'symlink_install': False, 'test_result_base': None}
[0.317s] Level 5:colcon.colcon_core.verb:set package 'stingray_control' build argument 'cmake_args' from command line to 'None'
[0.317s] Level 5:colcon.colcon_core.verb:set package 'stingray_control' build argument 'cmake_target' from command line to 'None'
[0.317s] Level 5:colcon.colcon_core.verb:set package 'stingray_control' build argument 'cmake_target_skip_unavailable' from command line to 'False'
[0.317s] Level 5:colcon.colcon_core.verb:set package 'stingray_control' build argument 'cmake_clean_cache' from command line to 'False'
[0.317s] Level 5:colcon.colcon_core.verb:set package 'stingray_control' build argument 'cmake_clean_first' from command line to 'False'
[0.317s] Level 5:colcon.colcon_core.verb:set package 'stingray_control' build argument 'cmake_force_configure' from command line to 'False'
[0.317s] Level 5:colcon.colcon_core.verb:set package 'stingray_control' build argument 'ament_cmake_args' from command line to 'None'
[0.317s] Level 5:colcon.colcon_core.verb:set package 'stingray_control' build argument 'catkin_cmake_args' from command line to 'None'
[0.317s] Level 5:colcon.colcon_core.verb:set package 'stingray_control' build argument 'catkin_skip_building_tests' from command line to 'False'
[0.317s] DEBUG:colcon.colcon_core.verb:Building package 'stingray_control' with the following arguments: {'ament_cmake_args': None, 'build_base': '/home/michael/Stingray2_ws/build/stingray_control', 'catkin_cmake_args': None, 'catkin_skip_building_tests': False, 'cmake_args': None, 'cmake_clean_cache': False, 'cmake_clean_first': False, 'cmake_force_configure': False, 'cmake_target': None, 'cmake_target_skip_unavailable': False, 'install_base': '/home/michael/Stingray2_ws/install/stingray_control', 'merge_install': False, 'path': '/home/michael/Stingray2_ws/src/stingray_controller', 'symlink_install': False, 'test_result_base': None}
[0.318s] INFO:colcon.colcon_core.executor:Executing jobs using 'parallel' executor
[0.318s] DEBUG:colcon.colcon_parallel_executor.executor.parallel:run_until_complete
[0.319s] INFO:colcon.colcon_ros.task.ament_cmake.build:Building ROS package in '/home/michael/Stingray2_ws/src/stingray_msg' with build type 'ament_cmake'
[0.319s] INFO:colcon.colcon_cmake.task.cmake.build:Building CMake package in '/home/michael/Stingray2_ws/src/stingray_msg'
[0.320s] INFO:colcon.colcon_core.plugin_system:Skipping extension 'colcon_core.shell.bat': Not used on non-Windows systems
[0.320s] INFO:colcon.colcon_core.shell:Skip shell extension 'powershell' for command environment: Not usable outside of PowerShell
[0.321s] DEBUG:colcon.colcon_core.shell:Skip shell extension 'dsv' for command environment
[0.325s] INFO:colcon.colcon_ros.task.ament_python.build:Building ROS package in '/home/michael/Stingray2_ws/src/stingray_interface' with build type 'ament_python'
[0.325s] Level 1:colcon.colcon_core.shell:create_environment_hook('stingray_interface', 'ament_prefix_path')
[0.325s] INFO:colcon.colcon_core.shell:Creating environment hook '/home/michael/Stingray2_ws/install/stingray_interface/share/stingray_interface/hook/ament_prefix_path.ps1'
[0.326s] INFO:colcon.colcon_core.shell:Creating environment descriptor '/home/michael/Stingray2_ws/install/stingray_interface/share/stingray_interface/hook/ament_prefix_path.dsv'
[0.326s] INFO:colcon.colcon_core.shell:Creating environment hook '/home/michael/Stingray2_ws/install/stingray_interface/share/stingray_interface/hook/ament_prefix_path.sh'
[0.327s] INFO:colcon.colcon_core.shell:Skip shell extension 'powershell' for command environment: Not usable outside of PowerShell
[0.327s] DEBUG:colcon.colcon_core.shell:Skip shell extension 'dsv' for command environment
[0.331s] INFO:colcon.colcon_ros.task.ament_python.build:Building ROS package in '/home/michael/Stingray2_ws/src/stingray_simulation' with build type 'ament_python'
[0.331s] Level 1:colcon.colcon_core.shell:create_environment_hook('stingray_simulation', 'ament_prefix_path')
[0.332s] INFO:colcon.colcon_core.shell:Creating environment hook '/home/michael/Stingray2_ws/install/stingray_simulation/share/stingray_simulation/hook/ament_prefix_path.ps1'
[0.332s] INFO:colcon.colcon_core.shell:Creating environment descriptor '/home/michael/Stingray2_ws/install/stingray_simulation/share/stingray_simulation/hook/ament_prefix_path.dsv'
[0.332s] INFO:colcon.colcon_core.shell:Creating environment hook '/home/michael/Stingray2_ws/install/stingray_simulation/share/stingray_simulation/hook/ament_prefix_path.sh'
[0.333s] INFO:colcon.colcon_core.shell:Skip shell extension 'powershell' for command environment: Not usable outside of PowerShell
[0.333s] DEBUG:colcon.colcon_core.shell:Skip shell extension 'dsv' for command environment
[0.341s] DEBUG:colcon.colcon_core.event_handler.log_command:Invoking command in '/home/michael/Stingray2_ws/build/stingray_msg': CMAKE_PREFIX_PATH=${CMAKE_PREFIX_PATH}:/home/michael/Stingray2_ws/install/stingray_simulation:/home/michael/Stingray2_ws/install/stingray_control:/home/michael/Stingray2_ws/install/stingray_interface:/home/michael/ros2_ws/install/ardupilot_dds_tests:/home/michael/ros2_ws/install/ardupilot_msgs:/home/michael/colcon_ws/install/ardupilot_ros:/home/michael/colcon_ws/install/ardupilot_dds_tests:/opt/ros/humble /usr/bin/cmake --build /home/michael/Stingray2_ws/build/stingray_msg -- -j8 -l8
[0.607s] INFO:colcon.colcon_core.task.python.build:Building Python package in '/home/michael/Stingray2_ws/src/stingray_interface'
[0.607s] INFO:colcon.colcon_core.shell:Skip shell extension 'powershell' for command environment: Not usable outside of PowerShell
[0.607s] DEBUG:colcon.colcon_core.shell:Skip shell extension 'dsv' for command environment
[0.871s] INFO:colcon.colcon_core.task.python.build:Building Python package in '/home/michael/Stingray2_ws/src/stingray_simulation'
[0.871s] INFO:colcon.colcon_core.shell:Skip shell extension 'powershell' for command environment: Not usable outside of PowerShell
[0.871s] DEBUG:colcon.colcon_core.shell:Skip shell extension 'dsv' for command environment
[0.879s] DEBUG:colcon.colcon_core.event_handler.log_command:Invoked command in '/home/michael/Stingray2_ws/build/stingray_msg' returned '0': CMAKE_PREFIX_PATH=${CMAKE_PREFIX_PATH}:/home/michael/Stingray2_ws/install/stingray_simulation:/home/michael/Stingray2_ws/install/stingray_control:/home/michael/Stingray2_ws/install/stingray_interface:/home/michael/ros2_ws/install/ardupilot_dds_tests:/home/michael/ros2_ws/install/ardupilot_msgs:/home/michael/colcon_ws/install/ardupilot_ros:/home/michael/colcon_ws/install/ardupilot_dds_tests:/opt/ros/humble /usr/bin/cmake --build /home/michael/Stingray2_ws/build/stingray_msg -- -j8 -l8
[0.962s] DEBUG:colcon.colcon_core.event_handler.log_command:Invoking command in '/home/michael/Stingray2_ws/build/stingray_msg': CMAKE_PREFIX_PATH=${CMAKE_PREFIX_PATH}:/home/michael/Stingray2_ws/install/stingray_simulation:/home/michael/Stingray2_ws/install/stingray_control:/home/michael/Stingray2_ws/install/stingray_interface:/home/michael/ros2_ws/install/ardupilot_dds_tests:/home/michael/ros2_ws/install/ardupilot_msgs:/home/michael/colcon_ws/install/ardupilot_ros:/home/michael/colcon_ws/install/ardupilot_dds_tests:/opt/ros/humble /usr/bin/cmake --install /home/michael/Stingray2_ws/build/stingray_msg
[1.010s] Level 1:colcon.colcon_core.environment:create_environment_scripts_only(stingray_msg)
[1.010s] DEBUG:colcon.colcon_core.event_handler.log_command:Invoked command in '/home/michael/Stingray2_ws/build/stingray_msg' returned '0': CMAKE_PREFIX_PATH=${CMAKE_PREFIX_PATH}:/home/michael/Stingray2_ws/install/stingray_simulation:/home/michael/Stingray2_ws/install/stingray_control:/home/michael/Stingray2_ws/install/stingray_interface:/home/michael/ros2_ws/install/ardupilot_dds_tests:/home/michael/ros2_ws/install/ardupilot_msgs:/home/michael/colcon_ws/install/ardupilot_ros:/home/michael/colcon_ws/install/ardupilot_dds_tests:/opt/ros/humble /usr/bin/cmake --install /home/michael/Stingray2_ws/build/stingray_msg
[1.013s] Level 1:colcon.colcon_core.environment:checking '/home/michael/Stingray2_ws/install/stingray_msg' for CMake module files
[1.014s] Level 1:colcon.colcon_core.environment:checking '/home/michael/Stingray2_ws/install/stingray_msg' for CMake config files
[1.014s] Level 1:colcon.colcon_core.shell:create_environment_hook('stingray_msg', 'cmake_prefix_path')
[1.015s] INFO:colcon.colcon_core.shell:Creating environment hook '/home/michael/Stingray2_ws/install/stingray_msg/share/stingray_msg/hook/cmake_prefix_path.ps1'
[1.015s] INFO:colcon.colcon_core.shell:Creating environment descriptor '/home/michael/Stingray2_ws/install/stingray_msg/share/stingray_msg/hook/cmake_prefix_path.dsv'
[1.016s] INFO:colcon.colcon_core.shell:Creating environment hook '/home/michael/Stingray2_ws/install/stingray_msg/share/stingray_msg/hook/cmake_prefix_path.sh'
[1.016s] Level 1:colcon.colcon_core.environment:checking '/home/michael/Stingray2_ws/install/stingray_msg/lib'
[1.017s] Level 1:colcon.colcon_core.shell:create_environment_hook('stingray_msg', 'ld_library_path_lib')
[1.017s] INFO:colcon.colcon_core.shell:Creating environment hook '/home/michael/Stingray2_ws/install/stingray_msg/share/stingray_msg/hook/ld_library_path_lib.ps1'
[1.017s] INFO:colcon.colcon_core.shell:Creating environment descriptor '/home/michael/Stingray2_ws/install/stingray_msg/share/stingray_msg/hook/ld_library_path_lib.dsv'
[1.018s] INFO:colcon.colcon_core.shell:Creating environment hook '/home/michael/Stingray2_ws/install/stingray_msg/share/stingray_msg/hook/ld_library_path_lib.sh'
[1.018s] Level 1:colcon.colcon_core.environment:checking '/home/michael/Stingray2_ws/install/stingray_msg/bin'
[1.018s] Level 1:colcon.colcon_core.environment:checking '/home/michael/Stingray2_ws/install/stingray_msg/lib/pkgconfig/stingray_msg.pc'
[1.018s] Level 1:colcon.colcon_core.environment:checking '/home/michael/Stingray2_ws/install/stingray_msg/lib/python3.10/site-packages'
[1.018s] Level 1:colcon.colcon_core.environment:checking '/home/michael/Stingray2_ws/install/stingray_msg/bin'
[1.019s] INFO:colcon.colcon_core.shell:Creating package script '/home/michael/Stingray2_ws/install/stingray_msg/share/stingray_msg/package.ps1'
[1.020s] INFO:colcon.colcon_core.shell:Creating package descriptor '/home/michael/Stingray2_ws/install/stingray_msg/share/stingray_msg/package.dsv'
[1.021s] INFO:colcon.colcon_core.shell:Creating package script '/home/michael/Stingray2_ws/install/stingray_msg/share/stingray_msg/package.sh'
[1.022s] INFO:colcon.colcon_core.shell:Creating package script '/home/michael/Stingray2_ws/install/stingray_msg/share/stingray_msg/package.bash'
[1.023s] INFO:colcon.colcon_core.shell:Creating package script '/home/michael/Stingray2_ws/install/stingray_msg/share/stingray_msg/package.zsh'
[1.024s] Level 1:colcon.colcon_core.environment:create_file_with_runtime_dependencies(/home/michael/Stingray2_ws/install/stingray_msg/share/colcon-core/packages/stingray_msg)
[1.097s] Level 1:colcon.colcon_core.environment:create_environment_scripts_only(stingray_msg)
[1.098s] Level 1:colcon.colcon_core.environment:checking '/home/michael/Stingray2_ws/install/stingray_msg' for CMake module files
[1.099s] Level 1:colcon.colcon_core.environment:checking '/home/michael/Stingray2_ws/install/stingray_msg' for CMake config files
[1.099s] Level 1:colcon.colcon_core.shell:create_environment_hook('stingray_msg', 'cmake_prefix_path')
[1.099s] INFO:colcon.colcon_core.shell:Creating environment hook '/home/michael/Stingray2_ws/install/stingray_msg/share/stingray_msg/hook/cmake_prefix_path.ps1'
[1.100s] INFO:colcon.colcon_core.shell:Creating environment descriptor '/home/michael/Stingray2_ws/install/stingray_msg/share/stingray_msg/hook/cmake_prefix_path.dsv'
[1.100s] INFO:colcon.colcon_core.shell:Creating environment hook '/home/michael/Stingray2_ws/install/stingray_msg/share/stingray_msg/hook/cmake_prefix_path.sh'
[1.101s] Level 1:colcon.colcon_core.environment:checking '/home/michael/Stingray2_ws/install/stingray_msg/lib'
[1.101s] Level 1:colcon.colcon_core.shell:create_environment_hook('stingray_msg', 'ld_library_path_lib')
[1.101s] INFO:colcon.colcon_core.shell:Creating environment hook '/home/michael/Stingray2_ws/install/stingray_msg/share/stingray_msg/hook/ld_library_path_lib.ps1'
[1.101s] INFO:colcon.colcon_core.shell:Creating environment descriptor '/home/michael/Stingray2_ws/install/stingray_msg/share/stingray_msg/hook/ld_library_path_lib.dsv'
[1.102s] INFO:colcon.colcon_core.shell:Creating environment hook '/home/michael/Stingray2_ws/install/stingray_msg/share/stingray_msg/hook/ld_library_path_lib.sh'
[1.102s] Level 1:colcon.colcon_core.environment:checking '/home/michael/Stingray2_ws/install/stingray_msg/bin'
[1.102s] Level 1:colcon.colcon_core.environment:checking '/home/michael/Stingray2_ws/install/stingray_msg/lib/pkgconfig/stingray_msg.pc'
[1.103s] Level 1:colcon.colcon_core.environment:checking '/home/michael/Stingray2_ws/install/stingray_msg/lib/python3.10/site-packages'
[1.103s] Level 1:colcon.colcon_core.environment:checking '/home/michael/Stingray2_ws/install/stingray_msg/bin'
[1.103s] INFO:colcon.colcon_core.shell:Creating package script '/home/michael/Stingray2_ws/install/stingray_msg/share/stingray_msg/package.ps1'
[1.104s] INFO:colcon.colcon_core.shell:Creating package descriptor '/home/michael/Stingray2_ws/install/stingray_msg/share/stingray_msg/package.dsv'
[1.104s] INFO:colcon.colcon_core.shell:Creating package script '/home/michael/Stingray2_ws/install/stingray_msg/share/stingray_msg/package.sh'
[1.105s] INFO:colcon.colcon_core.shell:Creating package script '/home/michael/Stingray2_ws/install/stingray_msg/share/stingray_msg/package.bash'
[1.105s] INFO:colcon.colcon_core.shell:Creating package script '/home/michael/Stingray2_ws/install/stingray_msg/share/stingray_msg/package.zsh'
[1.105s] Level 1:colcon.colcon_core.environment:create_file_with_runtime_dependencies(/home/michael/Stingray2_ws/install/stingray_msg/share/colcon-core/packages/stingray_msg)
[1.106s] INFO:colcon.colcon_ros.task.ament_python.build:Building ROS package in '/home/michael/Stingray2_ws/src/stingray_controller' with build type 'ament_python'
[1.106s] Level 1:colcon.colcon_core.shell:create_environment_hook('stingray_control', 'ament_prefix_path')
[1.106s] INFO:colcon.colcon_core.shell:Creating environment hook '/home/michael/Stingray2_ws/install/stingray_control/share/stingray_control/hook/ament_prefix_path.ps1'
[1.107s] INFO:colcon.colcon_core.shell:Creating environment descriptor '/home/michael/Stingray2_ws/install/stingray_control/share/stingray_control/hook/ament_prefix_path.dsv'
[1.108s] INFO:colcon.colcon_core.shell:Creating environment hook '/home/michael/Stingray2_ws/install/stingray_control/share/stingray_control/hook/ament_prefix_path.sh'
[1.108s] INFO:colcon.colcon_core.shell:Skip shell extension 'powershell' for command environment: Not usable outside of PowerShell
[1.108s] DEBUG:colcon.colcon_core.shell:Skip shell extension 'dsv' for command environment
[1.362s] WARNING:colcon.colcon_ros.task.ament_python.build:Package 'stingray_control' doesn't explicitly install a marker in the package index (colcon-ros currently does it implicitly but that fallback will be removed in the future)
[1.362s] WARNING:colcon.colcon_ros.task.ament_python.build:Package 'stingray_control' doesn't explicitly install the 'package.xml' file (colcon-ros currently does it implicitly but that fallback will be removed in the future)
[1.362s] INFO:colcon.colcon_core.task.python.build:Building Python package in '/home/michael/Stingray2_ws/src/stingray_controller'
[1.362s] INFO:colcon.colcon_core.shell:Skip shell extension 'powershell' for command environment: Not usable outside of PowerShell
[1.362s] DEBUG:colcon.colcon_core.shell:Skip shell extension 'dsv' for command environment
[1.372s] DEBUG:colcon.colcon_core.event_handler.log_command:Invoking command in '/home/michael/Stingray2_ws/src/stingray_simulation': PYTHONPATH=/home/michael/Stingray2_ws/build/stingray_simulation/prefix_override:/home/michael/Stingray2_ws/install/stingray_simulation/lib/python3.10/site-packages:${PYTHONPATH} /usr/bin/python3 -W ignore:setup.py install is deprecated setup.py egg_info --egg-base ../../build/stingray_simulation build --build-base /home/michael/Stingray2_ws/build/stingray_simulation/build install --record /home/michael/Stingray2_ws/build/stingray_simulation/install.log --single-version-externally-managed install_data
[1.373s] DEBUG:colcon.colcon_core.event_handler.log_command:Invoking command in '/home/michael/Stingray2_ws/src/stingray_interface': PYTHONPATH=/home/michael/Stingray2_ws/build/stingray_interface/prefix_override:/home/michael/Stingray2_ws/install/stingray_interface/lib/python3.10/site-packages:${PYTHONPATH} /usr/bin/python3 -W ignore:setup.py install is deprecated setup.py egg_info --egg-base ../../build/stingray_interface build --build-base /home/michael/Stingray2_ws/build/stingray_interface/build install --record /home/michael/Stingray2_ws/build/stingray_interface/install.log --single-version-externally-managed install_data
[1.658s] Level 1:colcon.colcon_core.environment:checking '/home/michael/Stingray2_ws/install/stingray_simulation' for CMake module files
[1.659s] DEBUG:colcon.colcon_core.event_handler.log_command:Invoked command in '/home/michael/Stingray2_ws/src/stingray_simulation' returned '0': PYTHONPATH=/home/michael/Stingray2_ws/build/stingray_simulation/prefix_override:/home/michael/Stingray2_ws/install/stingray_simulation/lib/python3.10/site-packages:${PYTHONPATH} /usr/bin/python3 -W ignore:setup.py install is deprecated setup.py egg_info --egg-base ../../build/stingray_simulation build --build-base /home/michael/Stingray2_ws/build/stingray_simulation/build install --record /home/michael/Stingray2_ws/build/stingray_simulation/install.log --single-version-externally-managed install_data
[1.659s] Level 1:colcon.colcon_core.environment:checking '/home/michael/Stingray2_ws/install/stingray_simulation' for CMake config files
[1.659s] Level 1:colcon.colcon_core.environment:checking '/home/michael/Stingray2_ws/install/stingray_simulation/lib'
[1.660s] Level 1:colcon.colcon_core.environment:checking '/home/michael/Stingray2_ws/install/stingray_simulation/bin'
[1.660s] Level 1:colcon.colcon_core.environment:checking '/home/michael/Stingray2_ws/install/stingray_simulation/lib/pkgconfig/stingray_simulation.pc'
[1.660s] Level 1:colcon.colcon_core.environment:checking '/home/michael/Stingray2_ws/install/stingray_simulation/lib/python3.10/site-packages'
[1.660s] Level 1:colcon.colcon_core.shell:create_environment_hook('stingray_simulation', 'pythonpath')
[1.660s] INFO:colcon.colcon_core.shell:Creating environment hook '/home/michael/Stingray2_ws/install/stingray_simulation/share/stingray_simulation/hook/pythonpath.ps1'
[1.661s] INFO:colcon.colcon_core.shell:Creating environment descriptor '/home/michael/Stingray2_ws/install/stingray_simulation/share/stingray_simulation/hook/pythonpath.dsv'
[1.661s] INFO:colcon.colcon_core.shell:Creating environment hook '/home/michael/Stingray2_ws/install/stingray_simulation/share/stingray_simulation/hook/pythonpath.sh'
[1.662s] Level 1:colcon.colcon_core.environment:checking '/home/michael/Stingray2_ws/install/stingray_simulation/bin'
[1.662s] Level 1:colcon.colcon_core.environment:create_environment_scripts_only(stingray_simulation)
[1.662s] INFO:colcon.colcon_core.shell:Creating package script '/home/michael/Stingray2_ws/install/stingray_simulation/share/stingray_simulation/package.ps1'
[1.663s] INFO:colcon.colcon_core.shell:Creating package descriptor '/home/michael/Stingray2_ws/install/stingray_simulation/share/stingray_simulation/package.dsv'
[1.663s] INFO:colcon.colcon_core.shell:Creating package script '/home/michael/Stingray2_ws/install/stingray_simulation/share/stingray_simulation/package.sh'
[1.664s] INFO:colcon.colcon_core.shell:Creating package script '/home/michael/Stingray2_ws/install/stingray_simulation/share/stingray_simulation/package.bash'
[1.664s] INFO:colcon.colcon_core.shell:Creating package script '/home/michael/Stingray2_ws/install/stingray_simulation/share/stingray_simulation/package.zsh'
[1.664s] Level 1:colcon.colcon_core.environment:create_file_with_runtime_dependencies(/home/michael/Stingray2_ws/install/stingray_simulation/share/colcon-core/packages/stingray_simulation)
[1.666s] Level 1:colcon.colcon_core.environment:checking '/home/michael/Stingray2_ws/install/stingray_interface' for CMake module files
[1.666s] DEBUG:colcon.colcon_core.event_handler.log_command:Invoked command in '/home/michael/Stingray2_ws/src/stingray_interface' returned '0': PYTHONPATH=/home/michael/Stingray2_ws/build/stingray_interface/prefix_override:/home/michael/Stingray2_ws/install/stingray_interface/lib/python3.10/site-packages:${PYTHONPATH} /usr/bin/python3 -W ignore:setup.py install is deprecated setup.py egg_info --egg-base ../../build/stingray_interface build --build-base /home/michael/Stingray2_ws/build/stingray_interface/build install --record /home/michael/Stingray2_ws/build/stingray_interface/install.log --single-version-externally-managed install_data
[1.666s] Level 1:colcon.colcon_core.environment:checking '/home/michael/Stingray2_ws/install/stingray_interface' for CMake config files
[1.667s] Level 1:colcon.colcon_core.environment:checking '/home/michael/Stingray2_ws/install/stingray_interface/lib'
[1.667s] Level 1:colcon.colcon_core.environment:checking '/home/michael/Stingray2_ws/install/stingray_interface/bin'
[1.667s] Level 1:colcon.colcon_core.environment:checking '/home/michael/Stingray2_ws/install/stingray_interface/lib/pkgconfig/stingray_interface.pc'
[1.667s] Level 1:colcon.colcon_core.environment:checking '/home/michael/Stingray2_ws/install/stingray_interface/lib/python3.10/site-packages'
[1.668s] Level 1:colcon.colcon_core.shell:create_environment_hook('stingray_interface', 'pythonpath')
[1.668s] INFO:colcon.colcon_core.shell:Creating environment hook '/home/michael/Stingray2_ws/install/stingray_interface/share/stingray_interface/hook/pythonpath.ps1'
[1.668s] INFO:colcon.colcon_core.shell:Creating environment descriptor '/home/michael/Stingray2_ws/install/stingray_interface/share/stingray_interface/hook/pythonpath.dsv'
[1.669s] INFO:colcon.colcon_core.shell:Creating environment hook '/home/michael/Stingray2_ws/install/stingray_interface/share/stingray_interface/hook/pythonpath.sh'
[1.669s] Level 1:colcon.colcon_core.environment:checking '/home/michael/Stingray2_ws/install/stingray_interface/bin'
[1.669s] Level 1:colcon.colcon_core.environment:create_environment_scripts_only(stingray_interface)
[1.670s] INFO:colcon.colcon_core.shell:Creating package script '/home/michael/Stingray2_ws/install/stingray_interface/share/stingray_interface/package.ps1'
[1.670s] INFO:colcon.colcon_core.shell:Creating package descriptor '/home/michael/Stingray2_ws/install/stingray_interface/share/stingray_interface/package.dsv'
[1.671s] INFO:colcon.colcon_core.shell:Creating package script '/home/michael/Stingray2_ws/install/stingray_interface/share/stingray_interface/package.sh'
[1.671s] INFO:colcon.colcon_core.shell:Creating package script '/home/michael/Stingray2_ws/install/stingray_interface/share/stingray_interface/package.bash'
[1.671s] INFO:colcon.colcon_core.shell:Creating package script '/home/michael/Stingray2_ws/install/stingray_interface/share/stingray_interface/package.zsh'
[1.672s] Level 1:colcon.colcon_core.environment:create_file_with_runtime_dependencies(/home/michael/Stingray2_ws/install/stingray_interface/share/colcon-core/packages/stingray_interface)
[1.752s] DEBUG:colcon.colcon_core.event_handler.log_command:Invoking command in '/home/michael/Stingray2_ws/src/stingray_controller': PYTHONPATH=/home/michael/Stingray2_ws/build/stingray_control/prefix_override:/home/michael/Stingray2_ws/install/stingray_control/lib/python3.10/site-packages:${PYTHONPATH} /usr/bin/python3 -W ignore:setup.py install is deprecated setup.py egg_info --egg-base ../../build/stingray_control build --build-base /home/michael/Stingray2_ws/build/stingray_control/build install --record /home/michael/Stingray2_ws/build/stingray_control/install.log --single-version-externally-managed install_data
[2.016s] Level 1:colcon.colcon_core.environment:checking '/home/michael/Stingray2_ws/install/stingray_control' for CMake module files
[2.017s] DEBUG:colcon.colcon_core.event_handler.log_command:Invoked command in '/home/michael/Stingray2_ws/src/stingray_controller' returned '0': PYTHONPATH=/home/michael/Stingray2_ws/build/stingray_control/prefix_override:/home/michael/Stingray2_ws/install/stingray_control/lib/python3.10/site-packages:${PYTHONPATH} /usr/bin/python3 -W ignore:setup.py install is deprecated setup.py egg_info --egg-base ../../build/stingray_control build --build-base /home/michael/Stingray2_ws/build/stingray_control/build install --record /home/michael/Stingray2_ws/build/stingray_control/install.log --single-version-externally-managed install_data
[2.017s] Level 1:colcon.colcon_core.environment:checking '/home/michael/Stingray2_ws/install/stingray_control' for CMake config files
[2.017s] Level 1:colcon.colcon_core.environment:checking '/home/michael/Stingray2_ws/install/stingray_control/lib'
[2.017s] Level 1:colcon.colcon_core.environment:checking '/home/michael/Stingray2_ws/install/stingray_control/bin'
[2.017s] Level 1:colcon.colcon_core.environment:checking '/home/michael/Stingray2_ws/install/stingray_control/lib/pkgconfig/stingray_control.pc'
[2.018s] Level 1:colcon.colcon_core.environment:checking '/home/michael/Stingray2_ws/install/stingray_control/lib/python3.10/site-packages'
[2.018s] Level 1:colcon.colcon_core.shell:create_environment_hook('stingray_control', 'pythonpath')
[2.018s] INFO:colcon.colcon_core.shell:Creating environment hook '/home/michael/Stingray2_ws/install/stingray_control/share/stingray_control/hook/pythonpath.ps1'
[2.018s] INFO:colcon.colcon_core.shell:Creating environment descriptor '/home/michael/Stingray2_ws/install/stingray_control/share/stingray_control/hook/pythonpath.dsv'
[2.018s] INFO:colcon.colcon_core.shell:Creating environment hook '/home/michael/Stingray2_ws/install/stingray_control/share/stingray_control/hook/pythonpath.sh'
[2.019s] Level 1:colcon.colcon_core.environment:checking '/home/michael/Stingray2_ws/install/stingray_control/bin'
[2.019s] Level 1:colcon.colcon_core.environment:create_environment_scripts_only(stingray_control)
[2.019s] INFO:colcon.colcon_core.shell:Creating package script '/home/michael/Stingray2_ws/install/stingray_control/share/stingray_control/package.ps1'
[2.019s] INFO:colcon.colcon_core.shell:Creating package descriptor '/home/michael/Stingray2_ws/install/stingray_control/share/stingray_control/package.dsv'
[2.020s] INFO:colcon.colcon_core.shell:Creating package script '/home/michael/Stingray2_ws/install/stingray_control/share/stingray_control/package.sh'
[2.020s] INFO:colcon.colcon_core.shell:Creating package script '/home/michael/Stingray2_ws/install/stingray_control/share/stingray_control/package.bash'
[2.020s] INFO:colcon.colcon_core.shell:Creating package script '/home/michael/Stingray2_ws/install/stingray_control/share/stingray_control/package.zsh'
[2.020s] Level 1:colcon.colcon_core.environment:create_file_with_runtime_dependencies(/home/michael/Stingray2_ws/install/stingray_control/share/colcon-core/packages/stingray_control)
[2.021s] DEBUG:colcon.colcon_parallel_executor.executor.parallel:closing loop
[2.021s] DEBUG:colcon.colcon_parallel_executor.executor.parallel:loop closed
[2.021s] DEBUG:colcon.colcon_parallel_executor.executor.parallel:run_until_complete finished with '0'
[2.021s] DEBUG:colcon.colcon_core.event_reactor:joining thread
[2.025s] INFO:colcon.colcon_core.plugin_system:Skipping extension 'colcon_notification.desktop_notification.terminal_notifier': Not used on non-Darwin systems
[2.025s] INFO:colcon.colcon_core.plugin_system:Skipping extension 'colcon_notification.desktop_notification.win32': Not used on non-Windows systems
[2.025s] INFO:colcon.colcon_notification.desktop_notification:Sending desktop notification using 'notify2'
[2.034s] DEBUG:colcon.colcon_core.event_reactor:joined thread
[2.034s] INFO:colcon.colcon_core.shell:Creating prefix script '/home/michael/Stingray2_ws/install/local_setup.ps1'
[2.036s] INFO:colcon.colcon_core.shell:Creating prefix util module '/home/michael/Stingray2_ws/install/_local_setup_util_ps1.py'
[2.037s] INFO:colcon.colcon_core.shell:Creating prefix chain script '/home/michael/Stingray2_ws/install/setup.ps1'
[2.039s] INFO:colcon.colcon_core.shell:Creating prefix script '/home/michael/Stingray2_ws/install/local_setup.sh'
[2.039s] INFO:colcon.colcon_core.shell:Creating prefix util module '/home/michael/Stingray2_ws/install/_local_setup_util_sh.py'
[2.040s] INFO:colcon.colcon_core.shell:Creating prefix chain script '/home/michael/Stingray2_ws/install/setup.sh'
[2.041s] INFO:colcon.colcon_core.shell:Creating prefix script '/home/michael/Stingray2_ws/install/local_setup.bash'
[2.042s] INFO:colcon.colcon_core.shell:Creating prefix chain script '/home/michael/Stingray2_ws/install/setup.bash'
[2.044s] INFO:colcon.colcon_core.shell:Creating prefix script '/home/michael/Stingray2_ws/install/local_setup.zsh'
[2.044s] INFO:colcon.colcon_core.shell:Creating prefix chain script '/home/michael/Stingray2_ws/install/setup.zsh'
