[0.781s] Invoking command in '/home/michael/Stingray2_ws/src/stingray_interface': PYTHONPATH=/home/michael/Stingray2_ws/build/stingray_interface/prefix_override:/home/michael/Stingray2_ws/install/stingray_interface/lib/python3.10/site-packages:${PYTHONPATH} /usr/bin/python3 -W ignore:setup.py install is deprecated setup.py egg_info --egg-base ../../build/stingray_interface build --build-base /home/michael/Stingray2_ws/build/stingray_interface/build install --record /home/michael/Stingray2_ws/build/stingray_interface/install.log --single-version-externally-managed install_data
[0.994s] running egg_info
[0.995s] writing ../../build/stingray_interface/stingray_interface.egg-info/PKG-INFO
[0.995s] writing dependency_links to ../../build/stingray_interface/stingray_interface.egg-info/dependency_links.txt
[0.995s] writing entry points to ../../build/stingray_interface/stingray_interface.egg-info/entry_points.txt
[0.995s] writing requirements to ../../build/stingray_interface/stingray_interface.egg-info/requires.txt
[0.995s] writing top-level names to ../../build/stingray_interface/stingray_interface.egg-info/top_level.txt
[0.997s] reading manifest file '../../build/stingray_interface/stingray_interface.egg-info/SOURCES.txt'
[0.997s] writing manifest file '../../build/stingray_interface/stingray_interface.egg-info/SOURCES.txt'
[0.997s] running build
[0.997s] running build_py
[0.998s] running install
[0.998s] running install_lib
[0.999s] running install_data
[0.999s] running install_egg_info
[1.000s] removing '/home/michael/Stingray2_ws/install/stingray_interface/lib/python3.10/site-packages/stingray_interface-0.0.0-py3.10.egg-info' (and everything under it)
[1.000s] Copying ../../build/stingray_interface/stingray_interface.egg-info to /home/michael/Stingray2_ws/install/stingray_interface/lib/python3.10/site-packages/stingray_interface-0.0.0-py3.10.egg-info
[1.001s] running install_scripts
[1.017s] writing list of installed files to '/home/michael/Stingray2_ws/build/stingray_interface/install.log'
[1.047s] Invoked command in '/home/michael/Stingray2_ws/src/stingray_interface' returned '0': PYTHONPATH=/home/michael/Stingray2_ws/build/stingray_interface/prefix_override:/home/michael/Stingray2_ws/install/stingray_interface/lib/python3.10/site-packages:${PYTHONPATH} /usr/bin/python3 -W ignore:setup.py install is deprecated setup.py egg_info --egg-base ../../build/stingray_interface build --build-base /home/michael/Stingray2_ws/build/stingray_interface/build install --record /home/michael/Stingray2_ws/build/stingray_interface/install.log --single-version-externally-managed install_data
